-- The C compiler identification is GNU 11.4.0
-- The CXX compiler identification is GNU 11.4.0
-- Detecting C compiler ABI info
-- Detecting C compiler ABI info - done
-- Check for working C compiler: /usr/bin/cc - skipped
-- Detecting C compile features
-- Detecting C compile features - done
-- Detecting CXX compiler ABI info
-- Detecting CXX compiler ABI info - done
-- Check for working CXX compiler: /usr/bin/c++ - skipped
-- Detecting CXX compile features
-- Detecting CXX compile features - done
-- Found ament_cmake: 1.3.10 (/opt/ros/humble/share/ament_cmake/cmake)
-- Found Python3: /usr/bin/python3 (found version "3.10.12") found components: Interpreter 
-- Found rclcpp: 16.0.10 (/opt/ros/humble/share/rclcpp/cmake)
-- Found rosidl_generator_c: 3.1.5 (/opt/ros/humble/share/rosidl_generator_c/cmake)
-- Found rosidl_adapter: 3.1.5 (/opt/ros/humble/share/rosidl_adapter/cmake)
-- Found rosidl_generator_cpp: 3.1.5 (/opt/ros/humble/share/rosidl_generator_cpp/cmake)
-- Using all available rosidl_typesupport_c: rosidl_typesupport_fastrtps_c;rosidl_typesupport_introspection_c
-- Using all available rosidl_typesupport_cpp: rosidl_typesupport_fastrtps_cpp;rosidl_typesupport_introspection_cpp
-- Found rmw_implementation_cmake: 6.1.2 (/opt/ros/humble/share/rmw_implementation_cmake/cmake)
-- Found rmw_fastrtps_cpp: 6.2.7 (/opt/ros/humble/share/rmw_fastrtps_cpp/cmake)
-- Found OpenSSL: /usr/lib/x86_64-linux-gnu/libcrypto.so (found version "3.0.2")  
-- Found FastRTPS: /opt/ros/humble/include  
-- Using RMW implementation 'rmw_fastrtps_cpp' as default
-- Looking for pthread.h
-- Looking for pthread.h - found
-- Performing Test CMAKE_HAVE_LIBC_PTHREAD
-- Performing Test CMAKE_HAVE_LIBC_PTHREAD - Success
-- Found Threads: TRUE  
-- Found OpenCV: /usr (found version "4.5.4") 
-- Found geometry_msgs: 4.2.4 (/opt/ros/humble/share/geometry_msgs/cmake)
-- Found nav_msgs: 4.2.4 (/opt/ros/humble/share/nav_msgs/cmake)
-- Found tf2_ros: 0.25.8 (/opt/ros/humble/share/tf2_ros/cmake)
-- Found ament_cmake_gtest: 1.3.10 (/opt/ros/humble/share/ament_cmake_gtest/cmake)
-- Found gtest sources under '/opt/ros/humble/src/gtest_vendor': C++ tests using 'Google Test' will be built
-- Configuring done
-- Generating done
-- Build files have been written to: /home/badri/new_ws/build/path_planning
[  5%] [32mBuilding CXX object CMakeFiles/rrt_node.dir/src/algo_rrt_node.cpp.o[0m
[ 10%] [32mBuilding CXX object CMakeFiles/algo_grid_sweep.dir/src/algo_gridsweep.cpp.o[0m
[ 15%] [32mBuilding CXX object CMakeFiles/occupancy_grid_node.dir/src/occupancy_grid.cpp.o[0m
[ 20%] [32mBuilding CXX object gtest/CMakeFiles/gtest.dir/src/gtest-all.cc.o[0m
[ 25%] [32mBuilding CXX object gtest/CMakeFiles/gtest_main.dir/src/gtest_main.cc.o[0m
[ 30%] [32mBuilding CXX object CMakeFiles/algo_astar.dir/src/algo_astar.cpp.o[0m
[ 35%] [32m[1mLinking CXX static library librrt_node.a[0m
[ 35%] Built target rrt_node
[ 40%] [32mBuilding CXX object CMakeFiles/algo_rrt.dir/src/algo_rrt.cpp.o[0m
[ 45%] [32m[1mLinking CXX static library libalgo_grid_sweep.a[0m
[ 45%] Built target algo_grid_sweep
[01m[K/home/badri/new_ws/src/path_planning/src/algo_astar.cpp:[m[K In function ‘[01m[Kstd::vector<geometry_msgs::msg::PoseStamped_<std::allocator<void> >, std::allocator<geometry_msgs::msg::PoseStamped_<std::allocator<void> > > > astar_search(const OccupancyGrid&)[m[K’:
[01m[K/home/badri/new_ws/src/path_planning/src/algo_astar.cpp:180:1:[m[K [01;35m[Kwarning: [m[Kcontrol reaches end of non-void function [[01;35m[K]8;;https://gcc.gnu.org/onlinedocs/gcc/Warning-Options.html#index-Wreturn-type-Wreturn-type]8;;[m[K]
  180 | [01;35m[K}[m[K
      | [01;35m[K^[m[K
[ 50%] [32m[1mLinking CXX static library libalgo_astar.a[0m
[ 55%] [32m[1mLinking CXX static library libalgo_rrt.a[0m
[ 55%] Built target algo_astar
[ 55%] Built target algo_rrt
[ 60%] [32mBuilding CXX object CMakeFiles/path_planning_node.dir/src/path_planning.cpp.o[0m
[ 65%] [32m[1mLinking CXX static library libgtest_main.a[0m
[ 65%] Built target gtest_main
[ 70%] [32m[1mLinking CXX static library libgtest.a[0m
[ 70%] Built target gtest
[ 80%] [32mBuilding CXX object CMakeFiles/test_rrt.dir/test/test_rrt.cpp.o[0m
[ 80%] [32mBuilding CXX object CMakeFiles/test_rrt_node.dir/test/test_rrt_node.cpp.o[0m
[ 85%] [32m[1mLinking CXX executable occupancy_grid_node[0m
[ 90%] [32m[1mLinking CXX executable test_rrt_node[0m
[ 90%] Built target occupancy_grid_node
[ 90%] Built target test_rrt_node
[ 95%] [32m[1mLinking CXX executable test_rrt[0m
[ 95%] Built target test_rrt
[100%] [32m[1mLinking CXX executable path_planning_node[0m
[100%] Built target path_planning_node
-- Install configuration: ""
-- Installing: /home/badri/new_ws/install/path_planning/share/path_planning/launch
-- Installing: /home/badri/new_ws/install/path_planning/share/path_planning/launch/path_plan_rviz.launch.py
-- Installing: /home/badri/new_ws/install/path_planning/share/path_planning/config
-- Installing: /home/badri/new_ws/install/path_planning/share/path_planning/config/search_path_planning.rviz
-- Installing: /home/badri/new_ws/install/path_planning/lib/path_planning/occupancy_grid_node
-- Set runtime path of "/home/badri/new_ws/install/path_planning/lib/path_planning/occupancy_grid_node" to ""
-- Installing: /home/badri/new_ws/install/path_planning/lib/path_planning/path_planning_node
-- Set runtime path of "/home/badri/new_ws/install/path_planning/lib/path_planning/path_planning_node" to ""
-- Installing: /home/badri/new_ws/install/path_planning/share/ament_index/resource_index/package_run_dependencies/path_planning
-- Installing: /home/badri/new_ws/install/path_planning/share/ament_index/resource_index/parent_prefix_path/path_planning
-- Installing: /home/badri/new_ws/install/path_planning/share/path_planning/environment/ament_prefix_path.sh
-- Installing: /home/badri/new_ws/install/path_planning/share/path_planning/environment/ament_prefix_path.dsv
-- Installing: /home/badri/new_ws/install/path_planning/share/path_planning/environment/path.sh
-- Installing: /home/badri/new_ws/install/path_planning/share/path_planning/environment/path.dsv
-- Installing: /home/badri/new_ws/install/path_planning/share/path_planning/local_setup.bash
-- Installing: /home/badri/new_ws/install/path_planning/share/path_planning/local_setup.sh
-- Installing: /home/badri/new_ws/install/path_planning/share/path_planning/local_setup.zsh
-- Installing: /home/badri/new_ws/install/path_planning/share/path_planning/local_setup.dsv
-- Installing: /home/badri/new_ws/install/path_planning/share/path_planning/package.dsv
-- Installing: /home/badri/new_ws/install/path_planning/share/ament_index/resource_index/packages/path_planning
-- Installing: /home/badri/new_ws/install/path_planning/share/path_planning/cmake/path_planningConfig.cmake
-- Installing: /home/badri/new_ws/install/path_planning/share/path_planning/cmake/path_planningConfig-version.cmake
-- Installing: /home/badri/new_ws/install/path_planning/share/path_planning/package.xml
