[0.035s] Invoking command in '/home/badri/new_ws/build/path_planning': CMAKE_PREFIX_PATH=${CMAKE_PREFIX_PATH}:/home/badri/ros2_ws/install/casadi_mpc:/opt/ros/humble /usr/bin/cmake /home/badri/new_ws/src/path_planning -DCMAKE_INSTALL_PREFIX=/home/badri/new_ws/install/path_planning
[0.184s] -- The C compiler identification is GNU 11.4.0
[0.343s] -- The CXX compiler identification is GNU 11.4.0
[0.344s] -- Detecting C compiler ABI info
[0.437s] -- Detecting C compiler ABI info - done
[0.450s] -- Check for working C compiler: /usr/bin/cc - skipped
[0.450s] -- Detecting C compile features
[0.451s] -- Detecting C compile features - done
[0.456s] -- Detecting CXX compiler ABI info
[0.574s] -- Detecting CXX compiler ABI info - done
[0.590s] -- Check for working CXX compiler: /usr/bin/c++ - skipped
[0.591s] -- Detecting CXX compile features
[0.593s] -- Detecting CXX compile features - done
[0.603s] -- Found ament_cmake: 1.3.10 (/opt/ros/humble/share/ament_cmake/cmake)
[1.087s] -- Found Python3: /usr/bin/python3 (found version "3.10.12") found components: Interpreter 
[1.272s] -- Found rclcpp: 16.0.10 (/opt/ros/humble/share/rclcpp/cmake)
[1.377s] -- Found rosidl_generator_c: 3.1.5 (/opt/ros/humble/share/rosidl_generator_c/cmake)
[1.388s] -- Found rosidl_adapter: 3.1.5 (/opt/ros/humble/share/rosidl_adapter/cmake)
[1.404s] -- Found rosidl_generator_cpp: 3.1.5 (/opt/ros/humble/share/rosidl_generator_cpp/cmake)
[1.439s] -- Using all available rosidl_typesupport_c: rosidl_typesupport_fastrtps_c;rosidl_typesupport_introspection_c
[1.479s] -- Using all available rosidl_typesupport_cpp: rosidl_typesupport_fastrtps_cpp;rosidl_typesupport_introspection_cpp
[1.564s] -- Found rmw_implementation_cmake: 6.1.2 (/opt/ros/humble/share/rmw_implementation_cmake/cmake)
[1.569s] -- Found rmw_fastrtps_cpp: 6.2.7 (/opt/ros/humble/share/rmw_fastrtps_cpp/cmake)
[1.725s] -- Found OpenSSL: /usr/lib/x86_64-linux-gnu/libcrypto.so (found version "3.0.2")  
[1.791s] -- Found FastRTPS: /opt/ros/humble/include  
[1.879s] -- Using RMW implementation 'rmw_fastrtps_cpp' as default
[1.931s] -- Looking for pthread.h
[2.217s] -- Looking for pthread.h - found
[2.217s] -- Performing Test CMAKE_HAVE_LIBC_PTHREAD
[2.318s] -- Performing Test CMAKE_HAVE_LIBC_PTHREAD - Success
[2.320s] -- Found Threads: TRUE  
[2.417s] -- Found OpenCV: /usr (found version "4.5.4") 
[2.421s] -- Found geometry_msgs: 4.2.4 (/opt/ros/humble/share/geometry_msgs/cmake)
[2.441s] -- Found nav_msgs: 4.2.4 (/opt/ros/humble/share/nav_msgs/cmake)
[2.471s] -- Found tf2_ros: 0.25.8 (/opt/ros/humble/share/tf2_ros/cmake)
[2.624s] -- Found ament_cmake_gtest: 1.3.10 (/opt/ros/humble/share/ament_cmake_gtest/cmake)
[2.634s] -- Found gtest sources under '/opt/ros/humble/src/gtest_vendor': C++ tests using 'Google Test' will be built
[2.725s] -- Configuring done
[2.761s] -- Generating done
[2.764s] -- Build files have been written to: /home/badri/new_ws/build/path_planning
[2.779s] Invoked command in '/home/badri/new_ws/build/path_planning' returned '0': CMAKE_PREFIX_PATH=${CMAKE_PREFIX_PATH}:/home/badri/ros2_ws/install/casadi_mpc:/opt/ros/humble /usr/bin/cmake /home/badri/new_ws/src/path_planning -DCMAKE_INSTALL_PREFIX=/home/badri/new_ws/install/path_planning
[2.781s] Invoking command in '/home/badri/new_ws/build/path_planning': CMAKE_PREFIX_PATH=${CMAKE_PREFIX_PATH}:/home/badri/ros2_ws/install/casadi_mpc:/opt/ros/humble /usr/bin/cmake --build /home/badri/new_ws/build/path_planning -- -j8 -l8
[2.859s] [  5%] [32mBuilding CXX object CMakeFiles/rrt_node.dir/src/algo_rrt_node.cpp.o[0m
[2.862s] [ 10%] [32mBuilding CXX object CMakeFiles/algo_grid_sweep.dir/src/algo_gridsweep.cpp.o[0m
[2.863s] [ 15%] [32mBuilding CXX object CMakeFiles/occupancy_grid_node.dir/src/occupancy_grid.cpp.o[0m
[2.864s] [ 20%] [32mBuilding CXX object gtest/CMakeFiles/gtest.dir/src/gtest-all.cc.o[0m
[2.864s] [ 25%] [32mBuilding CXX object gtest/CMakeFiles/gtest_main.dir/src/gtest_main.cc.o[0m
[2.868s] [ 30%] [32mBuilding CXX object CMakeFiles/algo_astar.dir/src/algo_astar.cpp.o[0m
[3.468s] [ 35%] [32m[1mLinking CXX static library librrt_node.a[0m
[3.536s] [ 35%] Built target rrt_node
[3.584s] [ 40%] [32mBuilding CXX object CMakeFiles/algo_rrt.dir/src/algo_rrt.cpp.o[0m
[4.152s] [ 45%] [32m[1mLinking CXX static library libalgo_grid_sweep.a[0m
[4.201s] [ 45%] Built target algo_grid_sweep
[4.445s] [01m[K/home/badri/new_ws/src/path_planning/src/algo_astar.cpp:[m[K In function ‘[01m[Kstd::vector<geometry_msgs::msg::PoseStamped_<std::allocator<void> >, std::allocator<geometry_msgs::msg::PoseStamped_<std::allocator<void> > > > astar_search(const OccupancyGrid&)[m[K’:
[4.446s] [01m[K/home/badri/new_ws/src/path_planning/src/algo_astar.cpp:180:1:[m[K [01;35m[Kwarning: [m[Kcontrol reaches end of non-void function [[01;35m[K]8;;https://gcc.gnu.org/onlinedocs/gcc/Warning-Options.html#index-Wreturn-type-Wreturn-type]8;;[m[K]
[4.446s]   180 | [01;35m[K}[m[K
[4.446s]       | [01;35m[K^[m[K
[4.871s] [ 50%] [32m[1mLinking CXX static library libalgo_astar.a[0m
[4.930s] [ 55%] [32m[1mLinking CXX static library libalgo_rrt.a[0m
[4.936s] [ 55%] Built target algo_astar
[4.981s] [ 55%] Built target algo_rrt
[5.009s] [ 60%] [32mBuilding CXX object CMakeFiles/path_planning_node.dir/src/path_planning.cpp.o[0m
[5.034s] [ 65%] [32m[1mLinking CXX static library libgtest_main.a[0m
[5.079s] [ 65%] Built target gtest_main
[7.922s] [ 70%] [32m[1mLinking CXX static library libgtest.a[0m
[8.002s] [ 70%] Built target gtest
[8.030s] [ 80%] [32mBuilding CXX object CMakeFiles/test_rrt.dir/test/test_rrt.cpp.o[0m
[8.030s] [ 80%] [32mBuilding CXX object CMakeFiles/test_rrt_node.dir/test/test_rrt_node.cpp.o[0m
[9.335s] [ 85%] [32m[1mLinking CXX executable occupancy_grid_node[0m
[9.547s] [ 90%] [32m[1mLinking CXX executable test_rrt_node[0m
[9.697s] [ 90%] Built target occupancy_grid_node
[9.777s] [ 90%] Built target test_rrt_node
[9.920s] [ 95%] [32m[1mLinking CXX executable test_rrt[0m
[10.105s] [ 95%] Built target test_rrt
[15.253s] [100%] [32m[1mLinking CXX executable path_planning_node[0m
[15.856s] [100%] Built target path_planning_node
[15.870s] Invoked command in '/home/badri/new_ws/build/path_planning' returned '0': CMAKE_PREFIX_PATH=${CMAKE_PREFIX_PATH}:/home/badri/ros2_ws/install/casadi_mpc:/opt/ros/humble /usr/bin/cmake --build /home/badri/new_ws/build/path_planning -- -j8 -l8
[15.974s] Invoking command in '/home/badri/new_ws/build/path_planning': CMAKE_PREFIX_PATH=${CMAKE_PREFIX_PATH}:/home/badri/ros2_ws/install/casadi_mpc:/opt/ros/humble /usr/bin/cmake --install /home/badri/new_ws/build/path_planning
[16.002s] -- Install configuration: ""
[16.002s] -- Installing: /home/badri/new_ws/install/path_planning/share/path_planning/launch
[16.003s] -- Installing: /home/badri/new_ws/install/path_planning/share/path_planning/launch/path_plan_rviz.launch.py
[16.004s] -- Installing: /home/badri/new_ws/install/path_planning/share/path_planning/config
[16.004s] -- Installing: /home/badri/new_ws/install/path_planning/share/path_planning/config/search_path_planning.rviz
[16.004s] -- Installing: /home/badri/new_ws/install/path_planning/lib/path_planning/occupancy_grid_node
[16.009s] -- Set runtime path of "/home/badri/new_ws/install/path_planning/lib/path_planning/occupancy_grid_node" to ""
[16.009s] -- Installing: /home/badri/new_ws/install/path_planning/lib/path_planning/path_planning_node
[16.020s] -- Set runtime path of "/home/badri/new_ws/install/path_planning/lib/path_planning/path_planning_node" to ""
[16.021s] -- Installing: /home/badri/new_ws/install/path_planning/share/ament_index/resource_index/package_run_dependencies/path_planning
[16.022s] -- Installing: /home/badri/new_ws/install/path_planning/share/ament_index/resource_index/parent_prefix_path/path_planning
[16.022s] -- Installing: /home/badri/new_ws/install/path_planning/share/path_planning/environment/ament_prefix_path.sh
[16.023s] -- Installing: /home/badri/new_ws/install/path_planning/share/path_planning/environment/ament_prefix_path.dsv
[16.023s] -- Installing: /home/badri/new_ws/install/path_planning/share/path_planning/environment/path.sh
[16.024s] -- Installing: /home/badri/new_ws/install/path_planning/share/path_planning/environment/path.dsv
[16.024s] -- Installing: /home/badri/new_ws/install/path_planning/share/path_planning/local_setup.bash
[16.025s] -- Installing: /home/badri/new_ws/install/path_planning/share/path_planning/local_setup.sh
[16.025s] -- Installing: /home/badri/new_ws/install/path_planning/share/path_planning/local_setup.zsh
[16.026s] -- Installing: /home/badri/new_ws/install/path_planning/share/path_planning/local_setup.dsv
[16.026s] -- Installing: /home/badri/new_ws/install/path_planning/share/path_planning/package.dsv
[16.027s] -- Installing: /home/badri/new_ws/install/path_planning/share/ament_index/resource_index/packages/path_planning
[16.027s] -- Installing: /home/badri/new_ws/install/path_planning/share/path_planning/cmake/path_planningConfig.cmake
[16.028s] -- Installing: /home/badri/new_ws/install/path_planning/share/path_planning/cmake/path_planningConfig-version.cmake
[16.029s] -- Installing: /home/badri/new_ws/install/path_planning/share/path_planning/package.xml
[16.037s] Invoked command in '/home/badri/new_ws/build/path_planning' returned '0': CMAKE_PREFIX_PATH=${CMAKE_PREFIX_PATH}:/home/badri/ros2_ws/install/casadi_mpc:/opt/ros/humble /usr/bin/cmake --install /home/badri/new_ws/build/path_planning
