[0.145s] DEBUG:colcon:Command line arguments: ['/usr/bin/colcon', 'build']
[0.145s] DEBUG:colcon:Parsed command line arguments: Namespace(log_base=None, log_level=None, verb_name='build', build_base='build', install_base='install', merge_install=False, symlink_install=False, test_result_base=None, continue_on_error=False, executor='parallel', parallel_workers=8, event_handlers=None, ignore_user_meta=False, metas=['./colcon.meta'], base_paths=['.'], packages_ignore=None, packages_ignore_regex=None, paths=None, packages_up_to=None, packages_up_to_regex=None, packages_above=None, packages_above_and_dependencies=None, packages_above_depth=None, packages_select_by_dep=None, packages_skip_by_dep=None, packages_skip_up_to=None, packages_select_build_failed=False, packages_skip_build_finished=False, packages_select_test_failures=False, packages_skip_test_passed=False, packages_select=None, packages_skip=None, packages_select_regex=None, packages_skip_regex=None, packages_start=None, packages_end=None, allow_overriding=[], cmake_args=None, cmake_target=None, cmake_target_skip_unavailable=False, cmake_clean_cache=False, cmake_clean_first=False, cmake_force_configure=False, ament_cmake_args=None, catkin_cmake_args=None, catkin_skip_building_tests=False, mixin_files=None, mixin=None, verb_parser=<colcon_mixin.mixin.mixin_argument.MixinArgumentDecorator object at 0x73286593fc10>, verb_extension=<colcon_core.verb.build.BuildVerb object at 0x73286593f730>, main=<bound method BuildVerb.main of <colcon_core.verb.build.BuildVerb object at 0x73286593f730>>, mixin_verb=('build',))
[0.192s] Level 1:colcon.colcon_core.package_discovery:discover_packages(colcon_meta) check parameters
[0.192s] Level 1:colcon.colcon_core.package_discovery:discover_packages(recursive) check parameters
[0.192s] Level 1:colcon.colcon_core.package_discovery:discover_packages(ignore) check parameters
[0.192s] Level 1:colcon.colcon_core.package_discovery:discover_packages(path) check parameters
[0.192s] Level 1:colcon.colcon_core.package_discovery:discover_packages(colcon_meta) discover
[0.193s] Level 1:colcon.colcon_core.package_discovery:discover_packages(recursive) discover
[0.193s] INFO:colcon.colcon_core.package_discovery:Crawling recursively for packages in '/home/badri/new_ws'
[0.193s] Level 1:colcon.colcon_core.package_identification:_identify(.) by extensions ['ignore', 'ignore_ament_install']
[0.193s] Level 1:colcon.colcon_core.package_identification:_identify(.) by extension 'ignore'
[0.193s] Level 1:colcon.colcon_core.package_identification:_identify(.) by extension 'ignore_ament_install'
[0.193s] Level 1:colcon.colcon_core.package_identification:_identify(.) by extensions ['colcon_pkg']
[0.193s] Level 1:colcon.colcon_core.package_identification:_identify(.) by extension 'colcon_pkg'
[0.193s] Level 1:colcon.colcon_core.package_identification:_identify(.) by extensions ['colcon_meta']
[0.193s] Level 1:colcon.colcon_core.package_identification:_identify(.) by extension 'colcon_meta'
[0.193s] Level 1:colcon.colcon_core.package_identification:_identify(.) by extensions ['ros']
[0.193s] Level 1:colcon.colcon_core.package_identification:_identify(.) by extension 'ros'
[0.212s] Level 1:colcon.colcon_core.package_identification:_identify(.) by extensions ['cmake', 'python']
[0.212s] Level 1:colcon.colcon_core.package_identification:_identify(.) by extension 'cmake'
[0.212s] Level 1:colcon.colcon_core.package_identification:_identify(.) by extension 'python'
[0.212s] Level 1:colcon.colcon_core.package_identification:_identify(.) by extensions ['python_setup_py']
[0.212s] Level 1:colcon.colcon_core.package_identification:_identify(.) by extension 'python_setup_py'
[0.212s] Level 1:colcon.colcon_core.package_identification:_identify(build) by extensions ['ignore', 'ignore_ament_install']
[0.212s] Level 1:colcon.colcon_core.package_identification:_identify(build) by extension 'ignore'
[0.212s] Level 1:colcon.colcon_core.package_identification:_identify(build) ignored
[0.212s] Level 1:colcon.colcon_core.package_identification:_identify(install) by extensions ['ignore', 'ignore_ament_install']
[0.212s] Level 1:colcon.colcon_core.package_identification:_identify(install) by extension 'ignore'
[0.213s] Level 1:colcon.colcon_core.package_identification:_identify(install) ignored
[0.213s] Level 1:colcon.colcon_core.package_identification:_identify(log) by extensions ['ignore', 'ignore_ament_install']
[0.213s] Level 1:colcon.colcon_core.package_identification:_identify(log) by extension 'ignore'
[0.213s] Level 1:colcon.colcon_core.package_identification:_identify(log) ignored
[0.213s] Level 1:colcon.colcon_core.package_identification:_identify(src) by extensions ['ignore', 'ignore_ament_install']
[0.213s] Level 1:colcon.colcon_core.package_identification:_identify(src) by extension 'ignore'
[0.213s] Level 1:colcon.colcon_core.package_identification:_identify(src) by extension 'ignore_ament_install'
[0.213s] Level 1:colcon.colcon_core.package_identification:_identify(src) by extensions ['colcon_pkg']
[0.213s] Level 1:colcon.colcon_core.package_identification:_identify(src) by extension 'colcon_pkg'
[0.213s] Level 1:colcon.colcon_core.package_identification:_identify(src) by extensions ['colcon_meta']
[0.214s] Level 1:colcon.colcon_core.package_identification:_identify(src) by extension 'colcon_meta'
[0.214s] Level 1:colcon.colcon_core.package_identification:_identify(src) by extensions ['ros']
[0.214s] Level 1:colcon.colcon_core.package_identification:_identify(src) by extension 'ros'
[0.214s] Level 1:colcon.colcon_core.package_identification:_identify(src) by extensions ['cmake', 'python']
[0.214s] Level 1:colcon.colcon_core.package_identification:_identify(src) by extension 'cmake'
[0.214s] Level 1:colcon.colcon_core.package_identification:_identify(src) by extension 'python'
[0.214s] Level 1:colcon.colcon_core.package_identification:_identify(src) by extensions ['python_setup_py']
[0.214s] Level 1:colcon.colcon_core.package_identification:_identify(src) by extension 'python_setup_py'
[0.214s] Level 1:colcon.colcon_core.package_identification:_identify(src/mapping) by extensions ['ignore', 'ignore_ament_install']
[0.214s] Level 1:colcon.colcon_core.package_identification:_identify(src/mapping) by extension 'ignore'
[0.214s] Level 1:colcon.colcon_core.package_identification:_identify(src/mapping) by extension 'ignore_ament_install'
[0.214s] Level 1:colcon.colcon_core.package_identification:_identify(src/mapping) by extensions ['colcon_pkg']
[0.214s] Level 1:colcon.colcon_core.package_identification:_identify(src/mapping) by extension 'colcon_pkg'
[0.214s] Level 1:colcon.colcon_core.package_identification:_identify(src/mapping) by extensions ['colcon_meta']
[0.214s] Level 1:colcon.colcon_core.package_identification:_identify(src/mapping) by extension 'colcon_meta'
[0.215s] Level 1:colcon.colcon_core.package_identification:_identify(src/mapping) by extensions ['ros']
[0.215s] Level 1:colcon.colcon_core.package_identification:_identify(src/mapping) by extension 'ros'
[0.217s] DEBUG:colcon.colcon_core.package_identification:Package 'src/mapping' with type 'ros.ament_cmake' and name 'mapping'
[0.218s] Level 1:colcon.colcon_core.package_identification:_identify(src/path_planning) by extensions ['ignore', 'ignore_ament_install']
[0.218s] Level 1:colcon.colcon_core.package_identification:_identify(src/path_planning) by extension 'ignore'
[0.218s] Level 1:colcon.colcon_core.package_identification:_identify(src/path_planning) by extension 'ignore_ament_install'
[0.218s] Level 1:colcon.colcon_core.package_identification:_identify(src/path_planning) by extensions ['colcon_pkg']
[0.218s] Level 1:colcon.colcon_core.package_identification:_identify(src/path_planning) by extension 'colcon_pkg'
[0.218s] Level 1:colcon.colcon_core.package_identification:_identify(src/path_planning) by extensions ['colcon_meta']
[0.218s] Level 1:colcon.colcon_core.package_identification:_identify(src/path_planning) by extension 'colcon_meta'
[0.218s] Level 1:colcon.colcon_core.package_identification:_identify(src/path_planning) by extensions ['ros']
[0.218s] Level 1:colcon.colcon_core.package_identification:_identify(src/path_planning) by extension 'ros'
[0.219s] DEBUG:colcon.colcon_core.package_identification:Package 'src/path_planning' with type 'ros.ament_cmake' and name 'path_planning'
[0.219s] Level 1:colcon.colcon_core.package_identification:_identify(src/turtlebot3_simulations) by extensions ['ignore', 'ignore_ament_install']
[0.219s] Level 1:colcon.colcon_core.package_identification:_identify(src/turtlebot3_simulations) by extension 'ignore'
[0.219s] Level 1:colcon.colcon_core.package_identification:_identify(src/turtlebot3_simulations) by extension 'ignore_ament_install'
[0.219s] Level 1:colcon.colcon_core.package_identification:_identify(src/turtlebot3_simulations) by extensions ['colcon_pkg']
[0.219s] Level 1:colcon.colcon_core.package_identification:_identify(src/turtlebot3_simulations) by extension 'colcon_pkg'
[0.219s] Level 1:colcon.colcon_core.package_identification:_identify(src/turtlebot3_simulations) by extensions ['colcon_meta']
[0.219s] Level 1:colcon.colcon_core.package_identification:_identify(src/turtlebot3_simulations) by extension 'colcon_meta'
[0.220s] Level 1:colcon.colcon_core.package_identification:_identify(src/turtlebot3_simulations) by extensions ['ros']
[0.220s] Level 1:colcon.colcon_core.package_identification:_identify(src/turtlebot3_simulations) by extension 'ros'
[0.220s] Level 1:colcon.colcon_core.package_identification:_identify(src/turtlebot3_simulations) by extensions ['cmake', 'python']
[0.220s] Level 1:colcon.colcon_core.package_identification:_identify(src/turtlebot3_simulations) by extension 'cmake'
[0.220s] Level 1:colcon.colcon_core.package_identification:_identify(src/turtlebot3_simulations) by extension 'python'
[0.220s] Level 1:colcon.colcon_core.package_identification:_identify(src/turtlebot3_simulations) by extensions ['python_setup_py']
[0.220s] Level 1:colcon.colcon_core.package_identification:_identify(src/turtlebot3_simulations) by extension 'python_setup_py'
[0.220s] Level 1:colcon.colcon_core.package_identification:_identify(src/turtlebot3_simulations/turtlebot3_fake_node) by extensions ['ignore', 'ignore_ament_install']
[0.220s] Level 1:colcon.colcon_core.package_identification:_identify(src/turtlebot3_simulations/turtlebot3_fake_node) by extension 'ignore'
[0.220s] Level 1:colcon.colcon_core.package_identification:_identify(src/turtlebot3_simulations/turtlebot3_fake_node) by extension 'ignore_ament_install'
[0.220s] Level 1:colcon.colcon_core.package_identification:_identify(src/turtlebot3_simulations/turtlebot3_fake_node) by extensions ['colcon_pkg']
[0.221s] Level 1:colcon.colcon_core.package_identification:_identify(src/turtlebot3_simulations/turtlebot3_fake_node) by extension 'colcon_pkg'
[0.221s] Level 1:colcon.colcon_core.package_identification:_identify(src/turtlebot3_simulations/turtlebot3_fake_node) by extensions ['colcon_meta']
[0.221s] Level 1:colcon.colcon_core.package_identification:_identify(src/turtlebot3_simulations/turtlebot3_fake_node) by extension 'colcon_meta'
[0.221s] Level 1:colcon.colcon_core.package_identification:_identify(src/turtlebot3_simulations/turtlebot3_fake_node) by extensions ['ros']
[0.221s] Level 1:colcon.colcon_core.package_identification:_identify(src/turtlebot3_simulations/turtlebot3_fake_node) by extension 'ros'
[0.224s] DEBUG:colcon.colcon_core.package_identification:Package 'src/turtlebot3_simulations/turtlebot3_fake_node' with type 'ros.ament_cmake' and name 'turtlebot3_fake_node'
[0.225s] Level 1:colcon.colcon_core.package_identification:_identify(src/turtlebot3_simulations/turtlebot3_gazebo) by extensions ['ignore', 'ignore_ament_install']
[0.225s] Level 1:colcon.colcon_core.package_identification:_identify(src/turtlebot3_simulations/turtlebot3_gazebo) by extension 'ignore'
[0.225s] Level 1:colcon.colcon_core.package_identification:_identify(src/turtlebot3_simulations/turtlebot3_gazebo) by extension 'ignore_ament_install'
[0.225s] Level 1:colcon.colcon_core.package_identification:_identify(src/turtlebot3_simulations/turtlebot3_gazebo) by extensions ['colcon_pkg']
[0.225s] Level 1:colcon.colcon_core.package_identification:_identify(src/turtlebot3_simulations/turtlebot3_gazebo) by extension 'colcon_pkg'
[0.225s] Level 1:colcon.colcon_core.package_identification:_identify(src/turtlebot3_simulations/turtlebot3_gazebo) by extensions ['colcon_meta']
[0.225s] Level 1:colcon.colcon_core.package_identification:_identify(src/turtlebot3_simulations/turtlebot3_gazebo) by extension 'colcon_meta'
[0.226s] Level 1:colcon.colcon_core.package_identification:_identify(src/turtlebot3_simulations/turtlebot3_gazebo) by extensions ['ros']
[0.226s] Level 1:colcon.colcon_core.package_identification:_identify(src/turtlebot3_simulations/turtlebot3_gazebo) by extension 'ros'
[0.227s] DEBUG:colcon.colcon_core.package_identification:Package 'src/turtlebot3_simulations/turtlebot3_gazebo' with type 'ros.ament_cmake' and name 'turtlebot3_gazebo'
[0.227s] Level 1:colcon.colcon_core.package_identification:_identify(src/turtlebot3_simulations/turtlebot3_simulations) by extensions ['ignore', 'ignore_ament_install']
[0.228s] Level 1:colcon.colcon_core.package_identification:_identify(src/turtlebot3_simulations/turtlebot3_simulations) by extension 'ignore'
[0.228s] Level 1:colcon.colcon_core.package_identification:_identify(src/turtlebot3_simulations/turtlebot3_simulations) by extension 'ignore_ament_install'
[0.228s] Level 1:colcon.colcon_core.package_identification:_identify(src/turtlebot3_simulations/turtlebot3_simulations) by extensions ['colcon_pkg']
[0.228s] Level 1:colcon.colcon_core.package_identification:_identify(src/turtlebot3_simulations/turtlebot3_simulations) by extension 'colcon_pkg'
[0.228s] Level 1:colcon.colcon_core.package_identification:_identify(src/turtlebot3_simulations/turtlebot3_simulations) by extensions ['colcon_meta']
[0.228s] Level 1:colcon.colcon_core.package_identification:_identify(src/turtlebot3_simulations/turtlebot3_simulations) by extension 'colcon_meta'
[0.228s] Level 1:colcon.colcon_core.package_identification:_identify(src/turtlebot3_simulations/turtlebot3_simulations) by extensions ['ros']
[0.228s] Level 1:colcon.colcon_core.package_identification:_identify(src/turtlebot3_simulations/turtlebot3_simulations) by extension 'ros'
[0.229s] DEBUG:colcon.colcon_core.package_identification:Package 'src/turtlebot3_simulations/turtlebot3_simulations' with type 'ros.ament_cmake' and name 'turtlebot3_simulations'
[0.229s] Level 1:colcon.colcon_core.package_discovery:discover_packages(recursive) using defaults
[0.229s] Level 1:colcon.colcon_core.package_discovery:discover_packages(ignore) discover
[0.229s] Level 1:colcon.colcon_core.package_discovery:discover_packages(ignore) using defaults
[0.229s] Level 1:colcon.colcon_core.package_discovery:discover_packages(path) discover
[0.229s] Level 1:colcon.colcon_core.package_discovery:discover_packages(path) using defaults
[0.257s] Level 1:colcon.colcon_core.package_discovery:discover_packages(prefix_path) check parameters
[0.258s] Level 1:colcon.colcon_core.package_discovery:discover_packages(prefix_path) discover
[0.260s] DEBUG:colcon.colcon_installed_package_information.package_discovery:Found 4 installed packages in /home/badri/ros2_ws/install
[0.262s] DEBUG:colcon.colcon_installed_package_information.package_discovery:Found 422 installed packages in /opt/ros/humble
[0.265s] Level 1:colcon.colcon_core.package_discovery:discover_packages(prefix_path) using defaults
[0.330s] Level 5:colcon.colcon_core.verb:set package 'mapping' build argument 'cmake_args' from command line to 'None'
[0.330s] Level 5:colcon.colcon_core.verb:set package 'mapping' build argument 'cmake_target' from command line to 'None'
[0.330s] Level 5:colcon.colcon_core.verb:set package 'mapping' build argument 'cmake_target_skip_unavailable' from command line to 'False'
[0.331s] Level 5:colcon.colcon_core.verb:set package 'mapping' build argument 'cmake_clean_cache' from command line to 'False'
[0.331s] Level 5:colcon.colcon_core.verb:set package 'mapping' build argument 'cmake_clean_first' from command line to 'False'
[0.331s] Level 5:colcon.colcon_core.verb:set package 'mapping' build argument 'cmake_force_configure' from command line to 'False'
[0.331s] Level 5:colcon.colcon_core.verb:set package 'mapping' build argument 'ament_cmake_args' from command line to 'None'
[0.331s] Level 5:colcon.colcon_core.verb:set package 'mapping' build argument 'catkin_cmake_args' from command line to 'None'
[0.331s] Level 5:colcon.colcon_core.verb:set package 'mapping' build argument 'catkin_skip_building_tests' from command line to 'False'
[0.331s] DEBUG:colcon.colcon_core.verb:Building package 'mapping' with the following arguments: {'ament_cmake_args': None, 'build_base': '/home/badri/new_ws/build/mapping', 'catkin_cmake_args': None, 'catkin_skip_building_tests': False, 'cmake_args': None, 'cmake_clean_cache': False, 'cmake_clean_first': False, 'cmake_force_configure': False, 'cmake_target': None, 'cmake_target_skip_unavailable': False, 'install_base': '/home/badri/new_ws/install/mapping', 'merge_install': False, 'path': '/home/badri/new_ws/src/mapping', 'symlink_install': False, 'test_result_base': None}
[0.331s] Level 5:colcon.colcon_core.verb:set package 'path_planning' build argument 'cmake_args' from command line to 'None'
[0.331s] Level 5:colcon.colcon_core.verb:set package 'path_planning' build argument 'cmake_target' from command line to 'None'
[0.331s] Level 5:colcon.colcon_core.verb:set package 'path_planning' build argument 'cmake_target_skip_unavailable' from command line to 'False'
[0.331s] Level 5:colcon.colcon_core.verb:set package 'path_planning' build argument 'cmake_clean_cache' from command line to 'False'
[0.331s] Level 5:colcon.colcon_core.verb:set package 'path_planning' build argument 'cmake_clean_first' from command line to 'False'
[0.331s] Level 5:colcon.colcon_core.verb:set package 'path_planning' build argument 'cmake_force_configure' from command line to 'False'
[0.331s] Level 5:colcon.colcon_core.verb:set package 'path_planning' build argument 'ament_cmake_args' from command line to 'None'
[0.331s] Level 5:colcon.colcon_core.verb:set package 'path_planning' build argument 'catkin_cmake_args' from command line to 'None'
[0.331s] Level 5:colcon.colcon_core.verb:set package 'path_planning' build argument 'catkin_skip_building_tests' from command line to 'False'
[0.331s] DEBUG:colcon.colcon_core.verb:Building package 'path_planning' with the following arguments: {'ament_cmake_args': None, 'build_base': '/home/badri/new_ws/build/path_planning', 'catkin_cmake_args': None, 'catkin_skip_building_tests': False, 'cmake_args': None, 'cmake_clean_cache': False, 'cmake_clean_first': False, 'cmake_force_configure': False, 'cmake_target': None, 'cmake_target_skip_unavailable': False, 'install_base': '/home/badri/new_ws/install/path_planning', 'merge_install': False, 'path': '/home/badri/new_ws/src/path_planning', 'symlink_install': False, 'test_result_base': None}
[0.332s] Level 5:colcon.colcon_core.verb:set package 'turtlebot3_fake_node' build argument 'cmake_args' from command line to 'None'
[0.332s] Level 5:colcon.colcon_core.verb:set package 'turtlebot3_fake_node' build argument 'cmake_target' from command line to 'None'
[0.332s] Level 5:colcon.colcon_core.verb:set package 'turtlebot3_fake_node' build argument 'cmake_target_skip_unavailable' from command line to 'False'
[0.332s] Level 5:colcon.colcon_core.verb:set package 'turtlebot3_fake_node' build argument 'cmake_clean_cache' from command line to 'False'
[0.332s] Level 5:colcon.colcon_core.verb:set package 'turtlebot3_fake_node' build argument 'cmake_clean_first' from command line to 'False'
[0.332s] Level 5:colcon.colcon_core.verb:set package 'turtlebot3_fake_node' build argument 'cmake_force_configure' from command line to 'False'
[0.332s] Level 5:colcon.colcon_core.verb:set package 'turtlebot3_fake_node' build argument 'ament_cmake_args' from command line to 'None'
[0.332s] Level 5:colcon.colcon_core.verb:set package 'turtlebot3_fake_node' build argument 'catkin_cmake_args' from command line to 'None'
[0.332s] Level 5:colcon.colcon_core.verb:set package 'turtlebot3_fake_node' build argument 'catkin_skip_building_tests' from command line to 'False'
[0.332s] DEBUG:colcon.colcon_core.verb:Building package 'turtlebot3_fake_node' with the following arguments: {'ament_cmake_args': None, 'build_base': '/home/badri/new_ws/build/turtlebot3_fake_node', 'catkin_cmake_args': None, 'catkin_skip_building_tests': False, 'cmake_args': None, 'cmake_clean_cache': False, 'cmake_clean_first': False, 'cmake_force_configure': False, 'cmake_target': None, 'cmake_target_skip_unavailable': False, 'install_base': '/home/badri/new_ws/install/turtlebot3_fake_node', 'merge_install': False, 'path': '/home/badri/new_ws/src/turtlebot3_simulations/turtlebot3_fake_node', 'symlink_install': False, 'test_result_base': None}
[0.333s] Level 5:colcon.colcon_core.verb:set package 'turtlebot3_gazebo' build argument 'cmake_args' from command line to 'None'
[0.333s] Level 5:colcon.colcon_core.verb:set package 'turtlebot3_gazebo' build argument 'cmake_target' from command line to 'None'
[0.333s] Level 5:colcon.colcon_core.verb:set package 'turtlebot3_gazebo' build argument 'cmake_target_skip_unavailable' from command line to 'False'
[0.333s] Level 5:colcon.colcon_core.verb:set package 'turtlebot3_gazebo' build argument 'cmake_clean_cache' from command line to 'False'
[0.333s] Level 5:colcon.colcon_core.verb:set package 'turtlebot3_gazebo' build argument 'cmake_clean_first' from command line to 'False'
[0.333s] Level 5:colcon.colcon_core.verb:set package 'turtlebot3_gazebo' build argument 'cmake_force_configure' from command line to 'False'
[0.333s] Level 5:colcon.colcon_core.verb:set package 'turtlebot3_gazebo' build argument 'ament_cmake_args' from command line to 'None'
[0.333s] Level 5:colcon.colcon_core.verb:set package 'turtlebot3_gazebo' build argument 'catkin_cmake_args' from command line to 'None'
[0.333s] Level 5:colcon.colcon_core.verb:set package 'turtlebot3_gazebo' build argument 'catkin_skip_building_tests' from command line to 'False'
[0.333s] DEBUG:colcon.colcon_core.verb:Building package 'turtlebot3_gazebo' with the following arguments: {'ament_cmake_args': None, 'build_base': '/home/badri/new_ws/build/turtlebot3_gazebo', 'catkin_cmake_args': None, 'catkin_skip_building_tests': False, 'cmake_args': None, 'cmake_clean_cache': False, 'cmake_clean_first': False, 'cmake_force_configure': False, 'cmake_target': None, 'cmake_target_skip_unavailable': False, 'install_base': '/home/badri/new_ws/install/turtlebot3_gazebo', 'merge_install': False, 'path': '/home/badri/new_ws/src/turtlebot3_simulations/turtlebot3_gazebo', 'symlink_install': False, 'test_result_base': None}
[0.333s] Level 5:colcon.colcon_core.verb:set package 'turtlebot3_simulations' build argument 'cmake_args' from command line to 'None'
[0.333s] Level 5:colcon.colcon_core.verb:set package 'turtlebot3_simulations' build argument 'cmake_target' from command line to 'None'
[0.333s] Level 5:colcon.colcon_core.verb:set package 'turtlebot3_simulations' build argument 'cmake_target_skip_unavailable' from command line to 'False'
[0.333s] Level 5:colcon.colcon_core.verb:set package 'turtlebot3_simulations' build argument 'cmake_clean_cache' from command line to 'False'
[0.333s] Level 5:colcon.colcon_core.verb:set package 'turtlebot3_simulations' build argument 'cmake_clean_first' from command line to 'False'
[0.334s] Level 5:colcon.colcon_core.verb:set package 'turtlebot3_simulations' build argument 'cmake_force_configure' from command line to 'False'
[0.334s] Level 5:colcon.colcon_core.verb:set package 'turtlebot3_simulations' build argument 'ament_cmake_args' from command line to 'None'
[0.334s] Level 5:colcon.colcon_core.verb:set package 'turtlebot3_simulations' build argument 'catkin_cmake_args' from command line to 'None'
[0.334s] Level 5:colcon.colcon_core.verb:set package 'turtlebot3_simulations' build argument 'catkin_skip_building_tests' from command line to 'False'
[0.334s] DEBUG:colcon.colcon_core.verb:Building package 'turtlebot3_simulations' with the following arguments: {'ament_cmake_args': None, 'build_base': '/home/badri/new_ws/build/turtlebot3_simulations', 'catkin_cmake_args': None, 'catkin_skip_building_tests': False, 'cmake_args': None, 'cmake_clean_cache': False, 'cmake_clean_first': False, 'cmake_force_configure': False, 'cmake_target': None, 'cmake_target_skip_unavailable': False, 'install_base': '/home/badri/new_ws/install/turtlebot3_simulations', 'merge_install': False, 'path': '/home/badri/new_ws/src/turtlebot3_simulations/turtlebot3_simulations', 'symlink_install': False, 'test_result_base': None}
[0.334s] INFO:colcon.colcon_core.executor:Executing jobs using 'parallel' executor
[0.335s] DEBUG:colcon.colcon_parallel_executor.executor.parallel:run_until_complete
[0.335s] INFO:colcon.colcon_ros.task.ament_cmake.build:Building ROS package in '/home/badri/new_ws/src/turtlebot3_simulations/turtlebot3_fake_node' with build type 'ament_cmake'
[0.335s] INFO:colcon.colcon_cmake.task.cmake.build:Building CMake package in '/home/badri/new_ws/src/turtlebot3_simulations/turtlebot3_fake_node'
[0.338s] INFO:colcon.colcon_core.plugin_system:Skipping extension 'colcon_core.shell.bat': Not used on non-Windows systems
[0.338s] INFO:colcon.colcon_core.shell:Skip shell extension 'powershell' for command environment: Not usable outside of PowerShell
[0.338s] DEBUG:colcon.colcon_core.shell:Skip shell extension 'dsv' for command environment
[0.343s] INFO:colcon.colcon_ros.task.ament_cmake.build:Building ROS package in '/home/badri/new_ws/src/turtlebot3_simulations/turtlebot3_gazebo' with build type 'ament_cmake'
[0.343s] INFO:colcon.colcon_cmake.task.cmake.build:Building CMake package in '/home/badri/new_ws/src/turtlebot3_simulations/turtlebot3_gazebo'
[0.343s] INFO:colcon.colcon_core.shell:Skip shell extension 'powershell' for command environment: Not usable outside of PowerShell
[0.344s] DEBUG:colcon.colcon_core.shell:Skip shell extension 'dsv' for command environment
[0.348s] INFO:colcon.colcon_ros.task.ament_cmake.build:Building ROS package in '/home/badri/new_ws/src/mapping' with build type 'ament_cmake'
[0.348s] INFO:colcon.colcon_cmake.task.cmake.build:Building CMake package in '/home/badri/new_ws/src/mapping'
[0.348s] INFO:colcon.colcon_core.shell:Skip shell extension 'powershell' for command environment: Not usable outside of PowerShell
[0.348s] DEBUG:colcon.colcon_core.shell:Skip shell extension 'dsv' for command environment
[0.353s] INFO:colcon.colcon_ros.task.ament_cmake.build:Building ROS package in '/home/badri/new_ws/src/path_planning' with build type 'ament_cmake'
[0.353s] INFO:colcon.colcon_cmake.task.cmake.build:Building CMake package in '/home/badri/new_ws/src/path_planning'
[0.353s] INFO:colcon.colcon_core.shell:Skip shell extension 'powershell' for command environment: Not usable outside of PowerShell
[0.353s] DEBUG:colcon.colcon_core.shell:Skip shell extension 'dsv' for command environment
[0.367s] DEBUG:colcon.colcon_core.event_handler.log_command:Invoking command in '/home/badri/new_ws/build/turtlebot3_fake_node': CMAKE_PREFIX_PATH=${CMAKE_PREFIX_PATH}:/home/badri/ros2_ws/install/casadi_mpc:/opt/ros/humble /usr/bin/cmake --build /home/badri/new_ws/build/turtlebot3_fake_node -- -j8 -l8
[0.373s] DEBUG:colcon.colcon_core.event_handler.log_command:Invoking command in '/home/badri/new_ws/build/turtlebot3_gazebo': CMAKE_PREFIX_PATH=${CMAKE_PREFIX_PATH}:/home/badri/ros2_ws/install/casadi_mpc:/opt/ros/humble /usr/bin/cmake --build /home/badri/new_ws/build/turtlebot3_gazebo -- -j8 -l8
[0.377s] DEBUG:colcon.colcon_core.event_handler.log_command:Invoking command in '/home/badri/new_ws/build/mapping': CMAKE_PREFIX_PATH=${CMAKE_PREFIX_PATH}:/home/badri/ros2_ws/install/casadi_mpc:/opt/ros/humble /usr/bin/cmake --build /home/badri/new_ws/build/mapping -- -j8 -l8
[0.385s] DEBUG:colcon.colcon_core.event_handler.log_command:Invoking command in '/home/badri/new_ws/build/path_planning': CMAKE_PREFIX_PATH=${CMAKE_PREFIX_PATH}:/home/badri/ros2_ws/install/casadi_mpc:/opt/ros/humble /usr/bin/cmake --build /home/badri/new_ws/build/path_planning -- -j8 -l8
[0.463s] DEBUG:colcon.colcon_core.event_handler.log_command:Invoked command in '/home/badri/new_ws/build/mapping' returned '0': CMAKE_PREFIX_PATH=${CMAKE_PREFIX_PATH}:/home/badri/ros2_ws/install/casadi_mpc:/opt/ros/humble /usr/bin/cmake --build /home/badri/new_ws/build/mapping -- -j8 -l8
[0.544s] DEBUG:colcon.colcon_core.event_handler.log_command:Invoking command in '/home/badri/new_ws/build/mapping': CMAKE_PREFIX_PATH=${CMAKE_PREFIX_PATH}:/home/badri/ros2_ws/install/casadi_mpc:/opt/ros/humble /usr/bin/cmake --install /home/badri/new_ws/build/mapping
[0.553s] DEBUG:colcon.colcon_core.event_handler.log_command:Invoked command in '/home/badri/new_ws/build/turtlebot3_fake_node' returned '0': CMAKE_PREFIX_PATH=${CMAKE_PREFIX_PATH}:/home/badri/ros2_ws/install/casadi_mpc:/opt/ros/humble /usr/bin/cmake --build /home/badri/new_ws/build/turtlebot3_fake_node -- -j8 -l8
[0.564s] Level 1:colcon.colcon_core.environment:create_environment_scripts_only(mapping)
[0.565s] DEBUG:colcon.colcon_core.event_handler.log_command:Invoked command in '/home/badri/new_ws/build/mapping' returned '0': CMAKE_PREFIX_PATH=${CMAKE_PREFIX_PATH}:/home/badri/ros2_ws/install/casadi_mpc:/opt/ros/humble /usr/bin/cmake --install /home/badri/new_ws/build/mapping
[0.570s] Level 1:colcon.colcon_core.environment:checking '/home/badri/new_ws/install/mapping' for CMake module files
[0.571s] Level 1:colcon.colcon_core.environment:checking '/home/badri/new_ws/install/mapping' for CMake config files
[0.572s] Level 1:colcon.colcon_core.shell:create_environment_hook('mapping', 'cmake_prefix_path')
[0.573s] INFO:colcon.colcon_core.shell:Creating environment hook '/home/badri/new_ws/install/mapping/share/mapping/hook/cmake_prefix_path.ps1'
[0.574s] INFO:colcon.colcon_core.shell:Creating environment descriptor '/home/badri/new_ws/install/mapping/share/mapping/hook/cmake_prefix_path.dsv'
[0.575s] INFO:colcon.colcon_core.shell:Creating environment hook '/home/badri/new_ws/install/mapping/share/mapping/hook/cmake_prefix_path.sh'
[0.578s] Level 1:colcon.colcon_core.environment:checking '/home/badri/new_ws/install/mapping/bin'
[0.578s] Level 1:colcon.colcon_core.environment:checking '/home/badri/new_ws/install/mapping/lib/pkgconfig/mapping.pc'
[0.579s] Level 1:colcon.colcon_core.environment:checking '/home/badri/new_ws/install/mapping/lib/python3.10/site-packages'
[0.580s] Level 1:colcon.colcon_core.environment:checking '/home/badri/new_ws/install/mapping/bin'
[0.580s] INFO:colcon.colcon_core.shell:Creating package script '/home/badri/new_ws/install/mapping/share/mapping/package.ps1'
[0.582s] INFO:colcon.colcon_core.shell:Creating package descriptor '/home/badri/new_ws/install/mapping/share/mapping/package.dsv'
[0.583s] INFO:colcon.colcon_core.shell:Creating package script '/home/badri/new_ws/install/mapping/share/mapping/package.sh'
[0.604s] INFO:colcon.colcon_core.shell:Creating package script '/home/badri/new_ws/install/mapping/share/mapping/package.bash'
[0.606s] INFO:colcon.colcon_core.shell:Creating package script '/home/badri/new_ws/install/mapping/share/mapping/package.zsh'
[0.607s] Level 1:colcon.colcon_core.environment:create_file_with_runtime_dependencies(/home/badri/new_ws/install/mapping/share/colcon-core/packages/mapping)
[0.613s] DEBUG:colcon.colcon_core.event_handler.log_command:Invoking command in '/home/badri/new_ws/build/turtlebot3_fake_node': CMAKE_PREFIX_PATH=${CMAKE_PREFIX_PATH}:/home/badri/ros2_ws/install/casadi_mpc:/opt/ros/humble /usr/bin/cmake --install /home/badri/new_ws/build/turtlebot3_fake_node
[0.614s] DEBUG:colcon.colcon_core.event_handler.log_command:Invoked command in '/home/badri/new_ws/build/turtlebot3_gazebo' returned '0': CMAKE_PREFIX_PATH=${CMAKE_PREFIX_PATH}:/home/badri/ros2_ws/install/casadi_mpc:/opt/ros/humble /usr/bin/cmake --build /home/badri/new_ws/build/turtlebot3_gazebo -- -j8 -l8
[0.635s] Level 1:colcon.colcon_core.environment:create_environment_scripts_only(turtlebot3_fake_node)
[0.635s] Level 1:colcon.colcon_core.environment:checking '/home/badri/new_ws/install/turtlebot3_fake_node' for CMake module files
[0.637s] Level 1:colcon.colcon_core.environment:checking '/home/badri/new_ws/install/turtlebot3_fake_node' for CMake config files
[0.637s] Level 1:colcon.colcon_core.shell:create_environment_hook('turtlebot3_fake_node', 'cmake_prefix_path')
[0.638s] INFO:colcon.colcon_core.shell:Creating environment hook '/home/badri/new_ws/install/turtlebot3_fake_node/share/turtlebot3_fake_node/hook/cmake_prefix_path.ps1'
[0.639s] INFO:colcon.colcon_core.shell:Creating environment descriptor '/home/badri/new_ws/install/turtlebot3_fake_node/share/turtlebot3_fake_node/hook/cmake_prefix_path.dsv'
[0.642s] DEBUG:colcon.colcon_core.event_handler.log_command:Invoked command in '/home/badri/new_ws/build/turtlebot3_fake_node' returned '0': CMAKE_PREFIX_PATH=${CMAKE_PREFIX_PATH}:/home/badri/ros2_ws/install/casadi_mpc:/opt/ros/humble /usr/bin/cmake --install /home/badri/new_ws/build/turtlebot3_fake_node
[0.642s] INFO:colcon.colcon_core.shell:Creating environment hook '/home/badri/new_ws/install/turtlebot3_fake_node/share/turtlebot3_fake_node/hook/cmake_prefix_path.sh'
[0.644s] Level 1:colcon.colcon_core.environment:checking '/home/badri/new_ws/install/turtlebot3_fake_node/lib'
[0.644s] Level 1:colcon.colcon_core.environment:checking '/home/badri/new_ws/install/turtlebot3_fake_node/bin'
[0.645s] Level 1:colcon.colcon_core.environment:checking '/home/badri/new_ws/install/turtlebot3_fake_node/lib/pkgconfig/turtlebot3_fake_node.pc'
[0.645s] Level 1:colcon.colcon_core.environment:checking '/home/badri/new_ws/install/turtlebot3_fake_node/lib/python3.10/site-packages'
[0.646s] Level 1:colcon.colcon_core.environment:checking '/home/badri/new_ws/install/turtlebot3_fake_node/bin'
[0.647s] INFO:colcon.colcon_core.shell:Creating package script '/home/badri/new_ws/install/turtlebot3_fake_node/share/turtlebot3_fake_node/package.ps1'
[0.648s] INFO:colcon.colcon_core.shell:Creating package descriptor '/home/badri/new_ws/install/turtlebot3_fake_node/share/turtlebot3_fake_node/package.dsv'
[0.649s] INFO:colcon.colcon_core.shell:Creating package script '/home/badri/new_ws/install/turtlebot3_fake_node/share/turtlebot3_fake_node/package.sh'
[0.650s] INFO:colcon.colcon_core.shell:Creating package script '/home/badri/new_ws/install/turtlebot3_fake_node/share/turtlebot3_fake_node/package.bash'
[0.651s] INFO:colcon.colcon_core.shell:Creating package script '/home/badri/new_ws/install/turtlebot3_fake_node/share/turtlebot3_fake_node/package.zsh'
[0.651s] Level 1:colcon.colcon_core.environment:create_file_with_runtime_dependencies(/home/badri/new_ws/install/turtlebot3_fake_node/share/colcon-core/packages/turtlebot3_fake_node)
[0.655s] Level 1:colcon.colcon_core.environment:create_environment_scripts_only(mapping)
[0.656s] Level 1:colcon.colcon_core.environment:checking '/home/badri/new_ws/install/mapping' for CMake module files
[0.657s] Level 1:colcon.colcon_core.environment:checking '/home/badri/new_ws/install/mapping' for CMake config files
[0.657s] Level 1:colcon.colcon_core.shell:create_environment_hook('mapping', 'cmake_prefix_path')
[0.658s] INFO:colcon.colcon_core.shell:Creating environment hook '/home/badri/new_ws/install/mapping/share/mapping/hook/cmake_prefix_path.ps1'
[0.659s] INFO:colcon.colcon_core.shell:Creating environment descriptor '/home/badri/new_ws/install/mapping/share/mapping/hook/cmake_prefix_path.dsv'
[0.660s] INFO:colcon.colcon_core.shell:Creating environment hook '/home/badri/new_ws/install/mapping/share/mapping/hook/cmake_prefix_path.sh'
[0.661s] Level 1:colcon.colcon_core.environment:checking '/home/badri/new_ws/install/mapping/bin'
[0.661s] Level 1:colcon.colcon_core.environment:checking '/home/badri/new_ws/install/mapping/lib/pkgconfig/mapping.pc'
[0.662s] Level 1:colcon.colcon_core.environment:checking '/home/badri/new_ws/install/mapping/lib/python3.10/site-packages'
[0.663s] Level 1:colcon.colcon_core.environment:checking '/home/badri/new_ws/install/mapping/bin'
[0.664s] INFO:colcon.colcon_core.shell:Creating package script '/home/badri/new_ws/install/mapping/share/mapping/package.ps1'
[0.665s] INFO:colcon.colcon_core.shell:Creating package descriptor '/home/badri/new_ws/install/mapping/share/mapping/package.dsv'
[0.666s] INFO:colcon.colcon_core.shell:Creating package script '/home/badri/new_ws/install/mapping/share/mapping/package.sh'
[0.667s] INFO:colcon.colcon_core.shell:Creating package script '/home/badri/new_ws/install/mapping/share/mapping/package.bash'
[0.668s] INFO:colcon.colcon_core.shell:Creating package script '/home/badri/new_ws/install/mapping/share/mapping/package.zsh'
[0.669s] Level 1:colcon.colcon_core.environment:create_file_with_runtime_dependencies(/home/badri/new_ws/install/mapping/share/colcon-core/packages/mapping)
[0.687s] DEBUG:colcon.colcon_core.event_handler.log_command:Invoking command in '/home/badri/new_ws/build/turtlebot3_gazebo': CMAKE_PREFIX_PATH=${CMAKE_PREFIX_PATH}:/home/badri/ros2_ws/install/casadi_mpc:/opt/ros/humble /usr/bin/cmake --install /home/badri/new_ws/build/turtlebot3_gazebo
[0.699s] Level 1:colcon.colcon_core.environment:create_environment_scripts_only(turtlebot3_fake_node)
[0.700s] Level 1:colcon.colcon_core.environment:checking '/home/badri/new_ws/install/turtlebot3_fake_node' for CMake module files
[0.702s] Level 1:colcon.colcon_core.environment:checking '/home/badri/new_ws/install/turtlebot3_fake_node' for CMake config files
[0.708s] Level 1:colcon.colcon_core.shell:create_environment_hook('turtlebot3_fake_node', 'cmake_prefix_path')
[0.709s] INFO:colcon.colcon_core.shell:Creating environment hook '/home/badri/new_ws/install/turtlebot3_fake_node/share/turtlebot3_fake_node/hook/cmake_prefix_path.ps1'
[0.711s] INFO:colcon.colcon_core.shell:Creating environment descriptor '/home/badri/new_ws/install/turtlebot3_fake_node/share/turtlebot3_fake_node/hook/cmake_prefix_path.dsv'
[0.713s] INFO:colcon.colcon_core.shell:Creating environment hook '/home/badri/new_ws/install/turtlebot3_fake_node/share/turtlebot3_fake_node/hook/cmake_prefix_path.sh'
[0.717s] Level 1:colcon.colcon_core.environment:checking '/home/badri/new_ws/install/turtlebot3_fake_node/lib'
[0.719s] Level 1:colcon.colcon_core.environment:checking '/home/badri/new_ws/install/turtlebot3_fake_node/bin'
[0.719s] Level 1:colcon.colcon_core.environment:checking '/home/badri/new_ws/install/turtlebot3_fake_node/lib/pkgconfig/turtlebot3_fake_node.pc'
[0.719s] Level 1:colcon.colcon_core.environment:checking '/home/badri/new_ws/install/turtlebot3_fake_node/lib/python3.10/site-packages'
[0.720s] Level 1:colcon.colcon_core.environment:checking '/home/badri/new_ws/install/turtlebot3_fake_node/bin'
[0.720s] INFO:colcon.colcon_core.shell:Creating package script '/home/badri/new_ws/install/turtlebot3_fake_node/share/turtlebot3_fake_node/package.ps1'
[0.722s] INFO:colcon.colcon_core.shell:Creating package descriptor '/home/badri/new_ws/install/turtlebot3_fake_node/share/turtlebot3_fake_node/package.dsv'
[0.725s] INFO:colcon.colcon_core.shell:Creating package script '/home/badri/new_ws/install/turtlebot3_fake_node/share/turtlebot3_fake_node/package.sh'
[0.727s] INFO:colcon.colcon_core.shell:Creating package script '/home/badri/new_ws/install/turtlebot3_fake_node/share/turtlebot3_fake_node/package.bash'
[0.730s] INFO:colcon.colcon_core.shell:Creating package script '/home/badri/new_ws/install/turtlebot3_fake_node/share/turtlebot3_fake_node/package.zsh'
[0.731s] Level 1:colcon.colcon_core.environment:create_file_with_runtime_dependencies(/home/badri/new_ws/install/turtlebot3_fake_node/share/colcon-core/packages/turtlebot3_fake_node)
[0.732s] Level 1:colcon.colcon_core.environment:create_environment_scripts_only(turtlebot3_gazebo)
[0.733s] Level 1:colcon.colcon_core.environment:checking '/home/badri/new_ws/install/turtlebot3_gazebo' for CMake module files
[0.734s] DEBUG:colcon.colcon_core.event_handler.log_command:Invoked command in '/home/badri/new_ws/build/turtlebot3_gazebo' returned '0': CMAKE_PREFIX_PATH=${CMAKE_PREFIX_PATH}:/home/badri/ros2_ws/install/casadi_mpc:/opt/ros/humble /usr/bin/cmake --install /home/badri/new_ws/build/turtlebot3_gazebo
[0.735s] Level 1:colcon.colcon_core.environment:checking '/home/badri/new_ws/install/turtlebot3_gazebo' for CMake config files
[0.737s] Level 1:colcon.colcon_core.shell:create_environment_hook('turtlebot3_gazebo', 'cmake_prefix_path')
[0.737s] INFO:colcon.colcon_core.shell:Creating environment hook '/home/badri/new_ws/install/turtlebot3_gazebo/share/turtlebot3_gazebo/hook/cmake_prefix_path.ps1'
[0.738s] INFO:colcon.colcon_core.shell:Creating environment descriptor '/home/badri/new_ws/install/turtlebot3_gazebo/share/turtlebot3_gazebo/hook/cmake_prefix_path.dsv'
[0.738s] INFO:colcon.colcon_core.shell:Creating environment hook '/home/badri/new_ws/install/turtlebot3_gazebo/share/turtlebot3_gazebo/hook/cmake_prefix_path.sh'
[0.739s] Level 1:colcon.colcon_core.environment:checking '/home/badri/new_ws/install/turtlebot3_gazebo/lib'
[0.739s] Level 1:colcon.colcon_core.environment:checking '/home/badri/new_ws/install/turtlebot3_gazebo/bin'
[0.740s] Level 1:colcon.colcon_core.environment:checking '/home/badri/new_ws/install/turtlebot3_gazebo/lib/pkgconfig/turtlebot3_gazebo.pc'
[0.740s] Level 1:colcon.colcon_core.environment:checking '/home/badri/new_ws/install/turtlebot3_gazebo/lib/python3.10/site-packages'
[0.740s] Level 1:colcon.colcon_core.environment:checking '/home/badri/new_ws/install/turtlebot3_gazebo/bin'
[0.741s] INFO:colcon.colcon_core.shell:Creating package script '/home/badri/new_ws/install/turtlebot3_gazebo/share/turtlebot3_gazebo/package.ps1'
[0.741s] INFO:colcon.colcon_core.shell:Creating package descriptor '/home/badri/new_ws/install/turtlebot3_gazebo/share/turtlebot3_gazebo/package.dsv'
[0.742s] INFO:colcon.colcon_core.shell:Creating package script '/home/badri/new_ws/install/turtlebot3_gazebo/share/turtlebot3_gazebo/package.sh'
[0.743s] INFO:colcon.colcon_core.shell:Creating package script '/home/badri/new_ws/install/turtlebot3_gazebo/share/turtlebot3_gazebo/package.bash'
[0.744s] INFO:colcon.colcon_core.shell:Creating package script '/home/badri/new_ws/install/turtlebot3_gazebo/share/turtlebot3_gazebo/package.zsh'
[0.744s] Level 1:colcon.colcon_core.environment:create_file_with_runtime_dependencies(/home/badri/new_ws/install/turtlebot3_gazebo/share/colcon-core/packages/turtlebot3_gazebo)
[0.800s] Level 1:colcon.colcon_core.environment:create_environment_scripts_only(turtlebot3_gazebo)
[0.800s] Level 1:colcon.colcon_core.environment:checking '/home/badri/new_ws/install/turtlebot3_gazebo' for CMake module files
[0.801s] Level 1:colcon.colcon_core.environment:checking '/home/badri/new_ws/install/turtlebot3_gazebo' for CMake config files
[0.802s] Level 1:colcon.colcon_core.shell:create_environment_hook('turtlebot3_gazebo', 'cmake_prefix_path')
[0.802s] INFO:colcon.colcon_core.shell:Creating environment hook '/home/badri/new_ws/install/turtlebot3_gazebo/share/turtlebot3_gazebo/hook/cmake_prefix_path.ps1'
[0.803s] INFO:colcon.colcon_core.shell:Creating environment descriptor '/home/badri/new_ws/install/turtlebot3_gazebo/share/turtlebot3_gazebo/hook/cmake_prefix_path.dsv'
[0.804s] INFO:colcon.colcon_core.shell:Creating environment hook '/home/badri/new_ws/install/turtlebot3_gazebo/share/turtlebot3_gazebo/hook/cmake_prefix_path.sh'
[0.805s] Level 1:colcon.colcon_core.environment:checking '/home/badri/new_ws/install/turtlebot3_gazebo/lib'
[0.805s] Level 1:colcon.colcon_core.environment:checking '/home/badri/new_ws/install/turtlebot3_gazebo/bin'
[0.805s] Level 1:colcon.colcon_core.environment:checking '/home/badri/new_ws/install/turtlebot3_gazebo/lib/pkgconfig/turtlebot3_gazebo.pc'
[0.806s] Level 1:colcon.colcon_core.environment:checking '/home/badri/new_ws/install/turtlebot3_gazebo/lib/python3.10/site-packages'
[0.806s] Level 1:colcon.colcon_core.environment:checking '/home/badri/new_ws/install/turtlebot3_gazebo/bin'
[0.806s] INFO:colcon.colcon_core.shell:Creating package script '/home/badri/new_ws/install/turtlebot3_gazebo/share/turtlebot3_gazebo/package.ps1'
[0.807s] INFO:colcon.colcon_core.shell:Creating package descriptor '/home/badri/new_ws/install/turtlebot3_gazebo/share/turtlebot3_gazebo/package.dsv'
[0.808s] INFO:colcon.colcon_core.shell:Creating package script '/home/badri/new_ws/install/turtlebot3_gazebo/share/turtlebot3_gazebo/package.sh'
[0.809s] INFO:colcon.colcon_core.shell:Creating package script '/home/badri/new_ws/install/turtlebot3_gazebo/share/turtlebot3_gazebo/package.bash'
[0.809s] INFO:colcon.colcon_core.shell:Creating package script '/home/badri/new_ws/install/turtlebot3_gazebo/share/turtlebot3_gazebo/package.zsh'
[0.810s] Level 1:colcon.colcon_core.environment:create_file_with_runtime_dependencies(/home/badri/new_ws/install/turtlebot3_gazebo/share/colcon-core/packages/turtlebot3_gazebo)
[0.811s] INFO:colcon.colcon_ros.task.ament_cmake.build:Building ROS package in '/home/badri/new_ws/src/turtlebot3_simulations/turtlebot3_simulations' with build type 'ament_cmake'
[0.811s] INFO:colcon.colcon_cmake.task.cmake.build:Building CMake package in '/home/badri/new_ws/src/turtlebot3_simulations/turtlebot3_simulations'
[0.812s] INFO:colcon.colcon_core.shell:Skip shell extension 'powershell' for command environment: Not usable outside of PowerShell
[0.812s] DEBUG:colcon.colcon_core.shell:Skip shell extension 'dsv' for command environment
[0.828s] DEBUG:colcon.colcon_core.event_handler.log_command:Invoking command in '/home/badri/new_ws/build/turtlebot3_simulations': AMENT_PREFIX_PATH=/home/badri/new_ws/install/turtlebot3_gazebo:/home/badri/new_ws/install/turtlebot3_fake_node:${AMENT_PREFIX_PATH} CMAKE_PREFIX_PATH=/home/badri/new_ws/install/turtlebot3_gazebo:/home/badri/new_ws/install/turtlebot3_fake_node:/home/badri/ros2_ws/install/tb3_robot_bringup:/home/badri/ros2_ws/install/tb3_robot:/home/badri/ros2_ws/install/gain_sch:/home/badri/ros2_ws/install/casadi_mpc:/opt/ros/humble /usr/bin/cmake --build /home/badri/new_ws/build/turtlebot3_simulations -- -j8 -l8
[0.894s] DEBUG:colcon.colcon_core.event_handler.log_command:Invoked command in '/home/badri/new_ws/build/turtlebot3_simulations' returned '0': AMENT_PREFIX_PATH=/home/badri/new_ws/install/turtlebot3_gazebo:/home/badri/new_ws/install/turtlebot3_fake_node:${AMENT_PREFIX_PATH} CMAKE_PREFIX_PATH=/home/badri/new_ws/install/turtlebot3_gazebo:/home/badri/new_ws/install/turtlebot3_fake_node:/home/badri/ros2_ws/install/tb3_robot_bringup:/home/badri/ros2_ws/install/tb3_robot:/home/badri/ros2_ws/install/gain_sch:/home/badri/ros2_ws/install/casadi_mpc:/opt/ros/humble /usr/bin/cmake --build /home/badri/new_ws/build/turtlebot3_simulations -- -j8 -l8
[0.930s] DEBUG:colcon.colcon_core.event_handler.log_command:Invoking command in '/home/badri/new_ws/build/turtlebot3_simulations': AMENT_PREFIX_PATH=/home/badri/new_ws/install/turtlebot3_gazebo:/home/badri/new_ws/install/turtlebot3_fake_node:${AMENT_PREFIX_PATH} CMAKE_PREFIX_PATH=/home/badri/new_ws/install/turtlebot3_gazebo:/home/badri/new_ws/install/turtlebot3_fake_node:/home/badri/ros2_ws/install/tb3_robot_bringup:/home/badri/ros2_ws/install/tb3_robot:/home/badri/ros2_ws/install/gain_sch:/home/badri/ros2_ws/install/casadi_mpc:/opt/ros/humble /usr/bin/cmake --install /home/badri/new_ws/build/turtlebot3_simulations
[0.948s] Level 1:colcon.colcon_core.environment:create_environment_scripts_only(turtlebot3_simulations)
[0.948s] Level 1:colcon.colcon_core.environment:checking '/home/badri/new_ws/install/turtlebot3_simulations' for CMake module files
[0.949s] DEBUG:colcon.colcon_core.event_handler.log_command:Invoked command in '/home/badri/new_ws/build/turtlebot3_simulations' returned '0': AMENT_PREFIX_PATH=/home/badri/new_ws/install/turtlebot3_gazebo:/home/badri/new_ws/install/turtlebot3_fake_node:${AMENT_PREFIX_PATH} CMAKE_PREFIX_PATH=/home/badri/new_ws/install/turtlebot3_gazebo:/home/badri/new_ws/install/turtlebot3_fake_node:/home/badri/ros2_ws/install/tb3_robot_bringup:/home/badri/ros2_ws/install/tb3_robot:/home/badri/ros2_ws/install/gain_sch:/home/badri/ros2_ws/install/casadi_mpc:/opt/ros/humble /usr/bin/cmake --install /home/badri/new_ws/build/turtlebot3_simulations
[0.950s] Level 1:colcon.colcon_core.environment:checking '/home/badri/new_ws/install/turtlebot3_simulations' for CMake config files
[0.950s] Level 1:colcon.colcon_core.shell:create_environment_hook('turtlebot3_simulations', 'cmake_prefix_path')
[0.951s] INFO:colcon.colcon_core.shell:Creating environment hook '/home/badri/new_ws/install/turtlebot3_simulations/share/turtlebot3_simulations/hook/cmake_prefix_path.ps1'
[0.951s] INFO:colcon.colcon_core.shell:Creating environment descriptor '/home/badri/new_ws/install/turtlebot3_simulations/share/turtlebot3_simulations/hook/cmake_prefix_path.dsv'
[0.952s] INFO:colcon.colcon_core.shell:Creating environment hook '/home/badri/new_ws/install/turtlebot3_simulations/share/turtlebot3_simulations/hook/cmake_prefix_path.sh'
[0.952s] Level 1:colcon.colcon_core.environment:checking '/home/badri/new_ws/install/turtlebot3_simulations/bin'
[0.952s] Level 1:colcon.colcon_core.environment:checking '/home/badri/new_ws/install/turtlebot3_simulations/lib/pkgconfig/turtlebot3_simulations.pc'
[0.953s] Level 1:colcon.colcon_core.environment:checking '/home/badri/new_ws/install/turtlebot3_simulations/lib/python3.10/site-packages'
[0.953s] Level 1:colcon.colcon_core.environment:checking '/home/badri/new_ws/install/turtlebot3_simulations/bin'
[0.954s] INFO:colcon.colcon_core.shell:Creating package script '/home/badri/new_ws/install/turtlebot3_simulations/share/turtlebot3_simulations/package.ps1'
[0.955s] INFO:colcon.colcon_core.shell:Creating package descriptor '/home/badri/new_ws/install/turtlebot3_simulations/share/turtlebot3_simulations/package.dsv'
[0.956s] INFO:colcon.colcon_core.shell:Creating package script '/home/badri/new_ws/install/turtlebot3_simulations/share/turtlebot3_simulations/package.sh'
[0.956s] INFO:colcon.colcon_core.shell:Creating package script '/home/badri/new_ws/install/turtlebot3_simulations/share/turtlebot3_simulations/package.bash'
[0.957s] INFO:colcon.colcon_core.shell:Creating package script '/home/badri/new_ws/install/turtlebot3_simulations/share/turtlebot3_simulations/package.zsh'
[0.957s] Level 1:colcon.colcon_core.environment:create_file_with_runtime_dependencies(/home/badri/new_ws/install/turtlebot3_simulations/share/colcon-core/packages/turtlebot3_simulations)
[0.993s] Level 1:colcon.colcon_core.environment:create_environment_scripts_only(turtlebot3_simulations)
[0.993s] Level 1:colcon.colcon_core.environment:checking '/home/badri/new_ws/install/turtlebot3_simulations' for CMake module files
[0.994s] Level 1:colcon.colcon_core.environment:checking '/home/badri/new_ws/install/turtlebot3_simulations' for CMake config files
[0.994s] Level 1:colcon.colcon_core.shell:create_environment_hook('turtlebot3_simulations', 'cmake_prefix_path')
[0.995s] INFO:colcon.colcon_core.shell:Creating environment hook '/home/badri/new_ws/install/turtlebot3_simulations/share/turtlebot3_simulations/hook/cmake_prefix_path.ps1'
[0.995s] INFO:colcon.colcon_core.shell:Creating environment descriptor '/home/badri/new_ws/install/turtlebot3_simulations/share/turtlebot3_simulations/hook/cmake_prefix_path.dsv'
[0.996s] INFO:colcon.colcon_core.shell:Creating environment hook '/home/badri/new_ws/install/turtlebot3_simulations/share/turtlebot3_simulations/hook/cmake_prefix_path.sh'
[0.997s] Level 1:colcon.colcon_core.environment:checking '/home/badri/new_ws/install/turtlebot3_simulations/bin'
[0.997s] Level 1:colcon.colcon_core.environment:checking '/home/badri/new_ws/install/turtlebot3_simulations/lib/pkgconfig/turtlebot3_simulations.pc'
[0.997s] Level 1:colcon.colcon_core.environment:checking '/home/badri/new_ws/install/turtlebot3_simulations/lib/python3.10/site-packages'
[0.997s] Level 1:colcon.colcon_core.environment:checking '/home/badri/new_ws/install/turtlebot3_simulations/bin'
[0.998s] INFO:colcon.colcon_core.shell:Creating package script '/home/badri/new_ws/install/turtlebot3_simulations/share/turtlebot3_simulations/package.ps1'
[0.998s] INFO:colcon.colcon_core.shell:Creating package descriptor '/home/badri/new_ws/install/turtlebot3_simulations/share/turtlebot3_simulations/package.dsv'
[0.999s] INFO:colcon.colcon_core.shell:Creating package script '/home/badri/new_ws/install/turtlebot3_simulations/share/turtlebot3_simulations/package.sh'
[1.000s] INFO:colcon.colcon_core.shell:Creating package script '/home/badri/new_ws/install/turtlebot3_simulations/share/turtlebot3_simulations/package.bash'
[1.001s] INFO:colcon.colcon_core.shell:Creating package script '/home/badri/new_ws/install/turtlebot3_simulations/share/turtlebot3_simulations/package.zsh'
[1.001s] Level 1:colcon.colcon_core.environment:create_file_with_runtime_dependencies(/home/badri/new_ws/install/turtlebot3_simulations/share/colcon-core/packages/turtlebot3_simulations)
[11.735s] DEBUG:colcon.colcon_core.event_handler.log_command:Invoked command in '/home/badri/new_ws/build/path_planning' returned '0': CMAKE_PREFIX_PATH=${CMAKE_PREFIX_PATH}:/home/badri/ros2_ws/install/casadi_mpc:/opt/ros/humble /usr/bin/cmake --build /home/badri/new_ws/build/path_planning -- -j8 -l8
[11.937s] DEBUG:colcon.colcon_core.event_handler.log_command:Invoking command in '/home/badri/new_ws/build/path_planning': CMAKE_PREFIX_PATH=${CMAKE_PREFIX_PATH}:/home/badri/ros2_ws/install/casadi_mpc:/opt/ros/humble /usr/bin/cmake --install /home/badri/new_ws/build/path_planning
[12.015s] Level 1:colcon.colcon_core.environment:create_environment_scripts_only(path_planning)
[12.018s] Level 1:colcon.colcon_core.environment:checking '/home/badri/new_ws/install/path_planning' for CMake module files
[12.021s] DEBUG:colcon.colcon_core.event_handler.log_command:Invoked command in '/home/badri/new_ws/build/path_planning' returned '0': CMAKE_PREFIX_PATH=${CMAKE_PREFIX_PATH}:/home/badri/ros2_ws/install/casadi_mpc:/opt/ros/humble /usr/bin/cmake --install /home/badri/new_ws/build/path_planning
[12.022s] Level 1:colcon.colcon_core.environment:checking '/home/badri/new_ws/install/path_planning' for CMake config files
[12.023s] Level 1:colcon.colcon_core.shell:create_environment_hook('path_planning', 'cmake_prefix_path')
[12.025s] INFO:colcon.colcon_core.shell:Creating environment hook '/home/badri/new_ws/install/path_planning/share/path_planning/hook/cmake_prefix_path.ps1'
[12.027s] INFO:colcon.colcon_core.shell:Creating environment descriptor '/home/badri/new_ws/install/path_planning/share/path_planning/hook/cmake_prefix_path.dsv'
[12.029s] INFO:colcon.colcon_core.shell:Creating environment hook '/home/badri/new_ws/install/path_planning/share/path_planning/hook/cmake_prefix_path.sh'
[12.032s] Level 1:colcon.colcon_core.environment:checking '/home/badri/new_ws/install/path_planning/lib'
[12.033s] Level 1:colcon.colcon_core.environment:checking '/home/badri/new_ws/install/path_planning/bin'
[12.033s] Level 1:colcon.colcon_core.environment:checking '/home/badri/new_ws/install/path_planning/lib/pkgconfig/path_planning.pc'
[12.035s] Level 1:colcon.colcon_core.environment:checking '/home/badri/new_ws/install/path_planning/lib/python3.10/site-packages'
[12.036s] Level 1:colcon.colcon_core.environment:checking '/home/badri/new_ws/install/path_planning/bin'
[12.037s] INFO:colcon.colcon_core.shell:Creating package script '/home/badri/new_ws/install/path_planning/share/path_planning/package.ps1'
[12.039s] INFO:colcon.colcon_core.shell:Creating package descriptor '/home/badri/new_ws/install/path_planning/share/path_planning/package.dsv'
[12.041s] INFO:colcon.colcon_core.shell:Creating package script '/home/badri/new_ws/install/path_planning/share/path_planning/package.sh'
[12.043s] INFO:colcon.colcon_core.shell:Creating package script '/home/badri/new_ws/install/path_planning/share/path_planning/package.bash'
[12.045s] INFO:colcon.colcon_core.shell:Creating package script '/home/badri/new_ws/install/path_planning/share/path_planning/package.zsh'
[12.046s] Level 1:colcon.colcon_core.environment:create_file_with_runtime_dependencies(/home/badri/new_ws/install/path_planning/share/colcon-core/packages/path_planning)
[12.283s] Level 1:colcon.colcon_core.environment:create_environment_scripts_only(path_planning)
[12.284s] Level 1:colcon.colcon_core.environment:checking '/home/badri/new_ws/install/path_planning' for CMake module files
[12.286s] Level 1:colcon.colcon_core.environment:checking '/home/badri/new_ws/install/path_planning' for CMake config files
[12.287s] Level 1:colcon.colcon_core.shell:create_environment_hook('path_planning', 'cmake_prefix_path')
[12.289s] INFO:colcon.colcon_core.shell:Creating environment hook '/home/badri/new_ws/install/path_planning/share/path_planning/hook/cmake_prefix_path.ps1'
[12.290s] INFO:colcon.colcon_core.shell:Creating environment descriptor '/home/badri/new_ws/install/path_planning/share/path_planning/hook/cmake_prefix_path.dsv'
[12.292s] INFO:colcon.colcon_core.shell:Creating environment hook '/home/badri/new_ws/install/path_planning/share/path_planning/hook/cmake_prefix_path.sh'
[12.294s] Level 1:colcon.colcon_core.environment:checking '/home/badri/new_ws/install/path_planning/lib'
[12.295s] Level 1:colcon.colcon_core.environment:checking '/home/badri/new_ws/install/path_planning/bin'
[12.295s] Level 1:colcon.colcon_core.environment:checking '/home/badri/new_ws/install/path_planning/lib/pkgconfig/path_planning.pc'
[12.296s] Level 1:colcon.colcon_core.environment:checking '/home/badri/new_ws/install/path_planning/lib/python3.10/site-packages'
[12.298s] Level 1:colcon.colcon_core.environment:checking '/home/badri/new_ws/install/path_planning/bin'
[12.300s] INFO:colcon.colcon_core.shell:Creating package script '/home/badri/new_ws/install/path_planning/share/path_planning/package.ps1'
[12.302s] INFO:colcon.colcon_core.shell:Creating package descriptor '/home/badri/new_ws/install/path_planning/share/path_planning/package.dsv'
[12.305s] INFO:colcon.colcon_core.shell:Creating package script '/home/badri/new_ws/install/path_planning/share/path_planning/package.sh'
[12.308s] INFO:colcon.colcon_core.shell:Creating package script '/home/badri/new_ws/install/path_planning/share/path_planning/package.bash'
[12.309s] INFO:colcon.colcon_core.shell:Creating package script '/home/badri/new_ws/install/path_planning/share/path_planning/package.zsh'
[12.311s] Level 1:colcon.colcon_core.environment:create_file_with_runtime_dependencies(/home/badri/new_ws/install/path_planning/share/colcon-core/packages/path_planning)
[12.312s] DEBUG:colcon.colcon_parallel_executor.executor.parallel:closing loop
[12.314s] DEBUG:colcon.colcon_parallel_executor.executor.parallel:loop closed
[12.314s] DEBUG:colcon.colcon_parallel_executor.executor.parallel:run_until_complete finished with '0'
[12.315s] DEBUG:colcon.colcon_core.event_reactor:joining thread
[12.349s] INFO:colcon.colcon_core.plugin_system:Skipping extension 'colcon_notification.desktop_notification.terminal_notifier': Not used on non-Darwin systems
[12.349s] INFO:colcon.colcon_core.plugin_system:Skipping extension 'colcon_notification.desktop_notification.win32': Not used on non-Windows systems
[12.350s] INFO:colcon.colcon_notification.desktop_notification:Sending desktop notification using 'notify2'
[12.428s] DEBUG:colcon.colcon_core.event_reactor:joined thread
[12.429s] INFO:colcon.colcon_core.shell:Creating prefix script '/home/badri/new_ws/install/local_setup.ps1'
[12.433s] INFO:colcon.colcon_core.shell:Creating prefix util module '/home/badri/new_ws/install/_local_setup_util_ps1.py'
[12.437s] INFO:colcon.colcon_core.shell:Creating prefix chain script '/home/badri/new_ws/install/setup.ps1'
[12.440s] INFO:colcon.colcon_core.shell:Creating prefix script '/home/badri/new_ws/install/local_setup.sh'
[12.441s] INFO:colcon.colcon_core.shell:Creating prefix util module '/home/badri/new_ws/install/_local_setup_util_sh.py'
[12.442s] INFO:colcon.colcon_core.shell:Creating prefix chain script '/home/badri/new_ws/install/setup.sh'
[12.444s] INFO:colcon.colcon_core.shell:Creating prefix script '/home/badri/new_ws/install/local_setup.bash'
[12.445s] INFO:colcon.colcon_core.shell:Creating prefix chain script '/home/badri/new_ws/install/setup.bash'
[12.447s] INFO:colcon.colcon_core.shell:Creating prefix script '/home/badri/new_ws/install/local_setup.zsh'
[12.448s] INFO:colcon.colcon_core.shell:Creating prefix chain script '/home/badri/new_ws/install/setup.zsh'
