[0.028s] Invoking command in '/home/badri/new_ws/build/mapping': CMAKE_PREFIX_PATH=${CMAKE_PREFIX_PATH}:/home/badri/ros2_ws/install/casadi_mpc:/opt/ros/humble /usr/bin/cmake /home/badri/new_ws/src/mapping -DCMAKE_INSTALL_PREFIX=/home/badri/new_ws/install/mapping
[0.044s] -- Found ament_cmake: 1.3.10 (/opt/ros/humble/share/ament_cmake/cmake)
[0.271s] -- Found rclcpp: 16.0.10 (/opt/ros/humble/share/rclcpp/cmake)
[0.319s] -- Found rosidl_generator_c: 3.1.5 (/opt/ros/humble/share/rosidl_generator_c/cmake)
[0.323s] -- Found rosidl_adapter: 3.1.5 (/opt/ros/humble/share/rosidl_adapter/cmake)
[0.335s] -- Found rosidl_generator_cpp: 3.1.5 (/opt/ros/humble/share/rosidl_generator_cpp/cmake)
[0.351s] -- Using all available rosidl_typesupport_c: rosidl_typesupport_fastrtps_c;rosidl_typesupport_introspection_c
[0.370s] -- Using all available rosidl_typesupport_cpp: rosidl_typesupport_fastrtps_cpp;rosidl_typesupport_introspection_cpp
[0.421s] -- Found rmw_implementation_cmake: 6.1.2 (/opt/ros/humble/share/rmw_implementation_cmake/cmake)
[0.424s] -- Found rmw_fastrtps_cpp: 6.2.7 (/opt/ros/humble/share/rmw_fastrtps_cpp/cmake)
[0.513s] -- Using RMW implementation 'rmw_fastrtps_cpp' as default
[0.617s] -- Found geometry_msgs: 4.2.4 (/opt/ros/humble/share/geometry_msgs/cmake)
[0.646s] -- Found nav_msgs: 4.2.4 (/opt/ros/humble/share/nav_msgs/cmake)
[0.684s] -- Found tf2_ros: 0.25.8 (/opt/ros/humble/share/tf2_ros/cmake)
[0.807s] -- Found sensor_msgs: 4.2.4 (/opt/ros/humble/share/sensor_msgs/cmake)
[0.834s] -- Found cv_bridge: 3.2.1 (/opt/ros/humble/share/cv_bridge/cmake)
[0.857s] -- Found visualization_msgs: 4.2.4 (/opt/ros/humble/share/visualization_msgs/cmake)
[0.990s] -- Configuring done
[1.000s] -- Generating done
[1.003s] -- Build files have been written to: /home/badri/new_ws/build/mapping
[1.018s] Invoked command in '/home/badri/new_ws/build/mapping' returned '0': CMAKE_PREFIX_PATH=${CMAKE_PREFIX_PATH}:/home/badri/ros2_ws/install/casadi_mpc:/opt/ros/humble /usr/bin/cmake /home/badri/new_ws/src/mapping -DCMAKE_INSTALL_PREFIX=/home/badri/new_ws/install/mapping
[1.020s] Invoking command in '/home/badri/new_ws/build/mapping': CMAKE_PREFIX_PATH=${CMAKE_PREFIX_PATH}:/home/badri/ros2_ws/install/casadi_mpc:/opt/ros/humble /usr/bin/cmake --build /home/badri/new_ws/build/mapping -- -j8 -l8
[1.082s] Invoked command in '/home/badri/new_ws/build/mapping' returned '0': CMAKE_PREFIX_PATH=${CMAKE_PREFIX_PATH}:/home/badri/ros2_ws/install/casadi_mpc:/opt/ros/humble /usr/bin/cmake --build /home/badri/new_ws/build/mapping -- -j8 -l8
[1.116s] Invoking command in '/home/badri/new_ws/build/mapping': CMAKE_PREFIX_PATH=${CMAKE_PREFIX_PATH}:/home/badri/ros2_ws/install/casadi_mpc:/opt/ros/humble /usr/bin/cmake --install /home/badri/new_ws/build/mapping
[1.128s] -- Install configuration: ""
[1.128s] -- Installing: /home/badri/new_ws/install/mapping/share/mapping/launch
[1.129s] -- Installing: /home/badri/new_ws/install/mapping/share/mapping/launch/bringup.launch.py
[1.129s] -- Installing: /home/badri/new_ws/install/mapping/share/mapping/launch/3d_map.launch.py
[1.129s] -- Installing: /home/badri/new_ws/install/mapping/share/mapping/worlds
[1.129s] -- Installing: /home/badri/new_ws/install/mapping/share/mapping/worlds/maze1.world
[1.129s] -- Installing: /home/badri/new_ws/install/mapping/share/mapping/map
[1.129s] -- Installing: /home/badri/new_ws/install/mapping/share/ament_index/resource_index/package_run_dependencies/mapping
[1.130s] -- Installing: /home/badri/new_ws/install/mapping/share/ament_index/resource_index/parent_prefix_path/mapping
[1.130s] -- Installing: /home/badri/new_ws/install/mapping/share/mapping/environment/ament_prefix_path.sh
[1.130s] -- Installing: /home/badri/new_ws/install/mapping/share/mapping/environment/ament_prefix_path.dsv
[1.130s] -- Installing: /home/badri/new_ws/install/mapping/share/mapping/environment/path.sh
[1.131s] -- Installing: /home/badri/new_ws/install/mapping/share/mapping/environment/path.dsv
[1.131s] -- Installing: /home/badri/new_ws/install/mapping/share/mapping/local_setup.bash
[1.131s] -- Installing: /home/badri/new_ws/install/mapping/share/mapping/local_setup.sh
[1.131s] -- Installing: /home/badri/new_ws/install/mapping/share/mapping/local_setup.zsh
[1.131s] -- Installing: /home/badri/new_ws/install/mapping/share/mapping/local_setup.dsv
[1.132s] -- Installing: /home/badri/new_ws/install/mapping/share/mapping/package.dsv
[1.132s] -- Installing: /home/badri/new_ws/install/mapping/share/ament_index/resource_index/packages/mapping
[1.132s] -- Installing: /home/badri/new_ws/install/mapping/share/mapping/cmake/mappingConfig.cmake
[1.133s] -- Installing: /home/badri/new_ws/install/mapping/share/mapping/cmake/mappingConfig-version.cmake
[1.133s] -- Installing: /home/badri/new_ws/install/mapping/share/mapping/package.xml
[1.137s] Invoked command in '/home/badri/new_ws/build/mapping' returned '0': CMAKE_PREFIX_PATH=${CMAKE_PREFIX_PATH}:/home/badri/ros2_ws/install/casadi_mpc:/opt/ros/humble /usr/bin/cmake --install /home/badri/new_ws/build/mapping
