[35m[1mConsolidate compiler generated dependencies of target occupancy_grid_node[0m
[35m[1mConsolidate compiler generated dependencies of target algo_astar[0m
[35m[1mConsolidate compiler generated dependencies of target algo_grid_sweep[0m
[35m[1mConsolidate compiler generated dependencies of target rrt_node[0m
[35m[1mConsolidate compiler generated dependencies of target gtest_main[0m
[35m[1mConsolidate compiler generated dependencies of target gtest[0m
[ 10%] Built target algo_astar
[ 20%] Built target gtest_main
[ 30%] Built target occupancy_grid_node
[ 40%] Built target algo_grid_sweep
[ 50%] Built target rrt_node
[ 60%] Built target gtest
[35m[1mConsolidate compiler generated dependencies of target algo_rrt[0m
[35m[1mConsolidate compiler generated dependencies of target test_rrt_node[0m
[ 80%] Built target test_rrt_node
[ 80%] Built target algo_rrt
[35m[1mConsolidate compiler generated dependencies of target test_rrt[0m
[35m[1mConsolidate compiler generated dependencies of target path_planning_node[0m
[ 90%] Built target test_rrt
[100%] Built target path_planning_node
-- Install configuration: ""
-- Up-to-date: /home/badri/new_ws/install/path_planning/share/path_planning/launch
-- Installing: /home/badri/new_ws/install/path_planning/share/path_planning/launch/path_plan_rviz.launch.py
-- Up-to-date: /home/badri/new_ws/install/path_planning/share/path_planning/config
-- Up-to-date: /home/badri/new_ws/install/path_planning/share/path_planning/config/search_path_planning.rviz
-- Up-to-date: /home/badri/new_ws/install/path_planning/lib/path_planning/occupancy_grid_node
-- Up-to-date: /home/badri/new_ws/install/path_planning/lib/path_planning/path_planning_node
-- Up-to-date: /home/badri/new_ws/install/path_planning/share/ament_index/resource_index/package_run_dependencies/path_planning
-- Up-to-date: /home/badri/new_ws/install/path_planning/share/ament_index/resource_index/parent_prefix_path/path_planning
-- Up-to-date: /home/badri/new_ws/install/path_planning/share/path_planning/environment/ament_prefix_path.sh
-- Up-to-date: /home/badri/new_ws/install/path_planning/share/path_planning/environment/ament_prefix_path.dsv
-- Up-to-date: /home/badri/new_ws/install/path_planning/share/path_planning/environment/path.sh
-- Up-to-date: /home/badri/new_ws/install/path_planning/share/path_planning/environment/path.dsv
-- Up-to-date: /home/badri/new_ws/install/path_planning/share/path_planning/local_setup.bash
-- Up-to-date: /home/badri/new_ws/install/path_planning/share/path_planning/local_setup.sh
-- Up-to-date: /home/badri/new_ws/install/path_planning/share/path_planning/local_setup.zsh
-- Up-to-date: /home/badri/new_ws/install/path_planning/share/path_planning/local_setup.dsv
-- Installing: /home/badri/new_ws/install/path_planning/share/path_planning/package.dsv
-- Up-to-date: /home/badri/new_ws/install/path_planning/share/ament_index/resource_index/packages/path_planning
-- Up-to-date: /home/badri/new_ws/install/path_planning/share/path_planning/cmake/path_planningConfig.cmake
-- Up-to-date: /home/badri/new_ws/install/path_planning/share/path_planning/cmake/path_planningConfig-version.cmake
-- Up-to-date: /home/badri/new_ws/install/path_planning/share/path_planning/package.xml
