[0.029s] Invoking command in '/home/badri/new_ws/build/path_planning': CMAKE_PREFIX_PATH=${CMAKE_PREFIX_PATH}:/home/badri/ros2_ws/install/casadi_mpc:/opt/ros/humble /usr/bin/cmake --build /home/badri/new_ws/build/path_planning -- -j8 -l8
[0.097s] [35m[1mConsolidate compiler generated dependencies of target occupancy_grid_node[0m
[0.103s] [35m[1mConsolidate compiler generated dependencies of target algo_astar[0m
[0.109s] [35m[1mConsolidate compiler generated dependencies of target algo_grid_sweep[0m
[0.112s] [35m[1mConsolidate compiler generated dependencies of target rrt_node[0m
[0.121s] [35m[1mConsolidate compiler generated dependencies of target gtest_main[0m
[0.133s] [35m[1mConsolidate compiler generated dependencies of target gtest[0m
[0.141s] [ 10%] Built target algo_astar
[0.163s] [ 20%] Built target gtest_main
[0.167s] [ 30%] Built target occupancy_grid_node
[0.175s] [ 40%] Built target algo_grid_sweep
[0.186s] [ 50%] Built target rrt_node
[0.193s] [ 60%] Built target gtest
[0.207s] [35m[1mConsolidate compiler generated dependencies of target algo_rrt[0m
[0.212s] [35m[1mConsolidate compiler generated dependencies of target test_rrt_node[0m
[0.233s] [ 80%] Built target test_rrt_node
[0.233s] [ 80%] Built target algo_rrt
[0.255s] [35m[1mConsolidate compiler generated dependencies of target test_rrt[0m
[0.255s] [35m[1mConsolidate compiler generated dependencies of target path_planning_node[0m
[0.283s] [ 90%] Built target test_rrt
[0.291s] [100%] Built target path_planning_node
[0.314s] Invoked command in '/home/badri/new_ws/build/path_planning' returned '0': CMAKE_PREFIX_PATH=${CMAKE_PREFIX_PATH}:/home/badri/ros2_ws/install/casadi_mpc:/opt/ros/humble /usr/bin/cmake --build /home/badri/new_ws/build/path_planning -- -j8 -l8
[0.388s] Invoking command in '/home/badri/new_ws/build/path_planning': CMAKE_PREFIX_PATH=${CMAKE_PREFIX_PATH}:/home/badri/ros2_ws/install/casadi_mpc:/opt/ros/humble /usr/bin/cmake --install /home/badri/new_ws/build/path_planning
[0.399s] -- Install configuration: ""
[0.399s] -- Up-to-date: /home/badri/new_ws/install/path_planning/share/path_planning/launch
[0.399s] -- Installing: /home/badri/new_ws/install/path_planning/share/path_planning/launch/path_plan_rviz.launch.py
[0.399s] -- Up-to-date: /home/badri/new_ws/install/path_planning/share/path_planning/config
[0.400s] -- Up-to-date: /home/badri/new_ws/install/path_planning/share/path_planning/config/search_path_planning.rviz
[0.400s] -- Up-to-date: /home/badri/new_ws/install/path_planning/lib/path_planning/occupancy_grid_node
[0.400s] -- Up-to-date: /home/badri/new_ws/install/path_planning/lib/path_planning/path_planning_node
[0.402s] -- Up-to-date: /home/badri/new_ws/install/path_planning/share/ament_index/resource_index/package_run_dependencies/path_planning
[0.402s] -- Up-to-date: /home/badri/new_ws/install/path_planning/share/ament_index/resource_index/parent_prefix_path/path_planning
[0.403s] -- Up-to-date: /home/badri/new_ws/install/path_planning/share/path_planning/environment/ament_prefix_path.sh
[0.403s] -- Up-to-date: /home/badri/new_ws/install/path_planning/share/path_planning/environment/ament_prefix_path.dsv
[0.403s] -- Up-to-date: /home/badri/new_ws/install/path_planning/share/path_planning/environment/path.sh
[0.403s] -- Up-to-date: /home/badri/new_ws/install/path_planning/share/path_planning/environment/path.dsv
[0.403s] -- Up-to-date: /home/badri/new_ws/install/path_planning/share/path_planning/local_setup.bash
[0.403s] -- Up-to-date: /home/badri/new_ws/install/path_planning/share/path_planning/local_setup.sh
[0.403s] -- Up-to-date: /home/badri/new_ws/install/path_planning/share/path_planning/local_setup.zsh
[0.403s] -- Up-to-date: /home/badri/new_ws/install/path_planning/share/path_planning/local_setup.dsv
[0.403s] -- Installing: /home/badri/new_ws/install/path_planning/share/path_planning/package.dsv
[0.404s] -- Up-to-date: /home/badri/new_ws/install/path_planning/share/ament_index/resource_index/packages/path_planning
[0.404s] -- Up-to-date: /home/badri/new_ws/install/path_planning/share/path_planning/cmake/path_planningConfig.cmake
[0.404s] -- Up-to-date: /home/badri/new_ws/install/path_planning/share/path_planning/cmake/path_planningConfig-version.cmake
[0.404s] -- Up-to-date: /home/badri/new_ws/install/path_planning/share/path_planning/package.xml
[0.421s] Invoked command in '/home/badri/new_ws/build/path_planning' returned '0': CMAKE_PREFIX_PATH=${CMAKE_PREFIX_PATH}:/home/badri/ros2_ws/install/casadi_mpc:/opt/ros/humble /usr/bin/cmake --install /home/badri/new_ws/build/path_planning
