[0.033s] Invoking command in '/home/badri/new_ws/build/turtlebot3_fake_node': CMAKE_PREFIX_PATH=${CMAKE_PREFIX_PATH}:/home/badri/ros2_ws/install/casadi_mpc:/opt/ros/humble /usr/bin/cmake --build /home/badri/new_ws/build/turtlebot3_fake_node -- -j8 -l8
[0.130s] [100%] Built target turtlebot3_fake_node
[0.150s] Invoked command in '/home/badri/new_ws/build/turtlebot3_fake_node' returned '0': CMAKE_PREFIX_PATH=${CMAKE_PREFIX_PATH}:/home/badri/ros2_ws/install/casadi_mpc:/opt/ros/humble /usr/bin/cmake --build /home/badri/new_ws/build/turtlebot3_fake_node -- -j8 -l8
[0.208s] Invoking command in '/home/badri/new_ws/build/turtlebot3_fake_node': CMAKE_PREFIX_PATH=${CMAKE_PREFIX_PATH}:/home/badri/ros2_ws/install/casadi_mpc:/opt/ros/humble /usr/bin/cmake --install /home/badri/new_ws/build/turtlebot3_fake_node
[0.220s] -- Install configuration: ""
[0.221s] -- Up-to-date: /home/badri/new_ws/install/turtlebot3_fake_node/lib/turtlebot3_fake_node/turtlebot3_fake_node
[0.221s] -- Up-to-date: /home/badri/new_ws/install/turtlebot3_fake_node/share/turtlebot3_fake_node/launch
[0.222s] -- Up-to-date: /home/badri/new_ws/install/turtlebot3_fake_node/share/turtlebot3_fake_node/launch/rviz2.launch.py
[0.222s] -- Up-to-date: /home/badri/new_ws/install/turtlebot3_fake_node/share/turtlebot3_fake_node/launch/turtlebot3_fake_node.launch.py
[0.222s] -- Up-to-date: /home/badri/new_ws/install/turtlebot3_fake_node/share/turtlebot3_fake_node/param
[0.223s] -- Up-to-date: /home/badri/new_ws/install/turtlebot3_fake_node/share/turtlebot3_fake_node/param/burger.yaml
[0.223s] -- Up-to-date: /home/badri/new_ws/install/turtlebot3_fake_node/share/turtlebot3_fake_node/param/waffle.yaml
[0.223s] -- Up-to-date: /home/badri/new_ws/install/turtlebot3_fake_node/share/turtlebot3_fake_node/param/waffle_pi.yaml
[0.223s] -- Up-to-date: /home/badri/new_ws/install/turtlebot3_fake_node/include/
[0.224s] -- Up-to-date: /home/badri/new_ws/install/turtlebot3_fake_node/include//turtlebot3_fake_node
[0.224s] -- Up-to-date: /home/badri/new_ws/install/turtlebot3_fake_node/include//turtlebot3_fake_node/turtlebot3_fake_node.hpp
[0.224s] -- Up-to-date: /home/badri/new_ws/install/turtlebot3_fake_node/share/ament_index/resource_index/package_run_dependencies/turtlebot3_fake_node
[0.224s] -- Up-to-date: /home/badri/new_ws/install/turtlebot3_fake_node/share/ament_index/resource_index/parent_prefix_path/turtlebot3_fake_node
[0.225s] -- Up-to-date: /home/badri/new_ws/install/turtlebot3_fake_node/share/turtlebot3_fake_node/environment/ament_prefix_path.sh
[0.225s] -- Up-to-date: /home/badri/new_ws/install/turtlebot3_fake_node/share/turtlebot3_fake_node/environment/ament_prefix_path.dsv
[0.225s] -- Up-to-date: /home/badri/new_ws/install/turtlebot3_fake_node/share/turtlebot3_fake_node/environment/path.sh
[0.225s] -- Up-to-date: /home/badri/new_ws/install/turtlebot3_fake_node/share/turtlebot3_fake_node/environment/path.dsv
[0.226s] -- Up-to-date: /home/badri/new_ws/install/turtlebot3_fake_node/share/turtlebot3_fake_node/local_setup.bash
[0.226s] -- Up-to-date: /home/badri/new_ws/install/turtlebot3_fake_node/share/turtlebot3_fake_node/local_setup.sh
[0.226s] -- Up-to-date: /home/badri/new_ws/install/turtlebot3_fake_node/share/turtlebot3_fake_node/local_setup.zsh
[0.226s] -- Up-to-date: /home/badri/new_ws/install/turtlebot3_fake_node/share/turtlebot3_fake_node/local_setup.dsv
[0.226s] -- Installing: /home/badri/new_ws/install/turtlebot3_fake_node/share/turtlebot3_fake_node/package.dsv
[0.227s] -- Up-to-date: /home/badri/new_ws/install/turtlebot3_fake_node/share/ament_index/resource_index/packages/turtlebot3_fake_node
[0.227s] -- Up-to-date: /home/badri/new_ws/install/turtlebot3_fake_node/share/turtlebot3_fake_node/cmake/ament_cmake_export_include_directories-extras.cmake
[0.227s] -- Up-to-date: /home/badri/new_ws/install/turtlebot3_fake_node/share/turtlebot3_fake_node/cmake/ament_cmake_export_dependencies-extras.cmake
[0.227s] -- Up-to-date: /home/badri/new_ws/install/turtlebot3_fake_node/share/turtlebot3_fake_node/cmake/turtlebot3_fake_nodeConfig.cmake
[0.227s] -- Up-to-date: /home/badri/new_ws/install/turtlebot3_fake_node/share/turtlebot3_fake_node/cmake/turtlebot3_fake_nodeConfig-version.cmake
[0.227s] -- Up-to-date: /home/badri/new_ws/install/turtlebot3_fake_node/share/turtlebot3_fake_node/package.xml
[0.231s] Invoked command in '/home/badri/new_ws/build/turtlebot3_fake_node' returned '0': CMAKE_PREFIX_PATH=${CMAKE_PREFIX_PATH}:/home/badri/ros2_ws/install/casadi_mpc:/opt/ros/humble /usr/bin/cmake --install /home/badri/new_ws/build/turtlebot3_fake_node
