[0.029s] Invoking command in '/home/badri/new_ws/build/path_planning': CMAKE_PREFIX_PATH=${CMAKE_PREFIX_PATH}:/home/badri/ros2_ws/install/casadi_mpc:/opt/ros/humble /usr/bin/cmake --build /home/badri/new_ws/build/path_planning -- -j8 -l8
[0.159s] [ 10%] Built target algo_grid_sweep
[0.170s] [ 20%] Built target rrt_node
[0.175s] [ 30%] Built target algo_astar
[0.184s] [ 40%] Built target gtest_main
[0.185s] [ 50%] Built target gtest
[0.185s] [ 60%] Built target occupancy_grid_node
[0.223s] [ 70%] Built target algo_rrt
[0.234s] [ 80%] Built target test_rrt_node
[0.270s] [ 90%] Built target test_rrt
[0.275s] [100%] Built target path_planning_node
[0.317s] Invoked command in '/home/badri/new_ws/build/path_planning' returned '0': CMAKE_PREFIX_PATH=${CMAKE_PREFIX_PATH}:/home/badri/ros2_ws/install/casadi_mpc:/opt/ros/humble /usr/bin/cmake --build /home/badri/new_ws/build/path_planning -- -j8 -l8
[0.400s] Invoking command in '/home/badri/new_ws/build/path_planning': CMAKE_PREFIX_PATH=${CMAKE_PREFIX_PATH}:/home/badri/ros2_ws/install/casadi_mpc:/opt/ros/humble /usr/bin/cmake --install /home/badri/new_ws/build/path_planning
[0.414s] -- Install configuration: ""
[0.414s] -- Up-to-date: /home/badri/new_ws/install/path_planning/share/path_planning/launch
[0.414s] -- Up-to-date: /home/badri/new_ws/install/path_planning/share/path_planning/launch/path_plan_rviz.launch.py
[0.414s] -- Up-to-date: /home/badri/new_ws/install/path_planning/share/path_planning/config
[0.415s] -- Up-to-date: /home/badri/new_ws/install/path_planning/share/path_planning/config/search_path_planning.rviz
[0.415s] -- Up-to-date: /home/badri/new_ws/install/path_planning/lib/path_planning/occupancy_grid_node
[0.415s] -- Up-to-date: /home/badri/new_ws/install/path_planning/lib/path_planning/path_planning_node
[0.415s] -- Up-to-date: /home/badri/new_ws/install/path_planning/share/ament_index/resource_index/package_run_dependencies/path_planning
[0.416s] -- Up-to-date: /home/badri/new_ws/install/path_planning/share/ament_index/resource_index/parent_prefix_path/path_planning
[0.416s] -- Up-to-date: /home/badri/new_ws/install/path_planning/share/path_planning/environment/ament_prefix_path.sh
[0.416s] -- Up-to-date: /home/badri/new_ws/install/path_planning/share/path_planning/environment/ament_prefix_path.dsv
[0.416s] -- Up-to-date: /home/badri/new_ws/install/path_planning/share/path_planning/environment/path.sh
[0.416s] -- Up-to-date: /home/badri/new_ws/install/path_planning/share/path_planning/environment/path.dsv
[0.416s] -- Up-to-date: /home/badri/new_ws/install/path_planning/share/path_planning/local_setup.bash
[0.416s] -- Up-to-date: /home/badri/new_ws/install/path_planning/share/path_planning/local_setup.sh
[0.417s] -- Up-to-date: /home/badri/new_ws/install/path_planning/share/path_planning/local_setup.zsh
[0.417s] -- Up-to-date: /home/badri/new_ws/install/path_planning/share/path_planning/local_setup.dsv
[0.417s] -- Installing: /home/badri/new_ws/install/path_planning/share/path_planning/package.dsv
[0.417s] -- Up-to-date: /home/badri/new_ws/install/path_planning/share/ament_index/resource_index/packages/path_planning
[0.417s] -- Up-to-date: /home/badri/new_ws/install/path_planning/share/path_planning/cmake/path_planningConfig.cmake
[0.417s] -- Up-to-date: /home/badri/new_ws/install/path_planning/share/path_planning/cmake/path_planningConfig-version.cmake
[0.418s] -- Up-to-date: /home/badri/new_ws/install/path_planning/share/path_planning/package.xml
[0.422s] Invoked command in '/home/badri/new_ws/build/path_planning' returned '0': CMAKE_PREFIX_PATH=${CMAKE_PREFIX_PATH}:/home/badri/ros2_ws/install/casadi_mpc:/opt/ros/humble /usr/bin/cmake --install /home/badri/new_ws/build/path_planning
