[0.033s] Invoking command in '/home/badri/new_ws/build/turtlebot3_simulations': AMENT_PREFIX_PATH=/home/badri/new_ws/install/turtlebot3_gazebo:/home/badri/new_ws/install/turtlebot3_fake_node:${AMENT_PREFIX_PATH} CMAKE_PREFIX_PATH=/home/badri/new_ws/install/turtlebot3_gazebo:/home/badri/new_ws/install/turtlebot3_fake_node:/home/badri/RSE Project/install/robot_sensing_debug:/home/badri/RSE Project/install/robot_sensing:/home/badri/RSE Project/install/module_9_assignment:/home/badri/RSE Project/install/module_8_assignment:/home/badri/RSE Project/install/module_7_assignment:/home/badri/RSE Project/install/module_6_assignment:/home/badri/RSE Project/install/module_5_assignment:/home/badri/RSE Project/install/module_4_assignment:/home/badri/RSE Project/install/module_2_assignment:/home/badri/RSE Project/install/module_1_assignment:/home/badri/RSE Project/install/module_10_assignment:/home/badri/RSE Project/install/drive_mobile_robot:/home/badri/RSE Project/install/custom_robots:/home/badri/RSE Project/install/control_systems:/home/badri/ros2_ws/install/tb3_robot_bringup:/home/badri/ros2_ws/install/tb3_robot:/home/badri/ros2_ws/install/mpc_package:/home/badri/ros2_ws/install/gain_sch:/home/badri/ros2_ws/install/casadi_mpc:/opt/ros/humble /usr/bin/cmake /home/badri/new_ws/src/turtlebot3_simulations/turtlebot3_simulations -DCMAKE_INSTALL_PREFIX=/home/badri/new_ws/install/turtlebot3_simulations
[0.213s] -- The C compiler identification is GNU 11.4.0
[0.409s] -- The CXX compiler identification is GNU 11.4.0
[0.435s] -- Detecting C compiler ABI info
[0.678s] -- Detecting C compiler ABI info - done
[0.703s] -- Check for working C compiler: /usr/bin/cc - skipped
[0.704s] -- Detecting C compile features
[0.705s] -- Detecting C compile features - done
[0.715s] -- Detecting CXX compiler ABI info
[0.992s] -- Detecting CXX compiler ABI info - done
[1.018s] -- Check for working CXX compiler: /usr/bin/c++ - skipped
[1.019s] -- Detecting CXX compile features
[1.020s] -- Detecting CXX compile features - done
[1.034s] -- Found ament_cmake: 1.3.10 (/opt/ros/humble/share/ament_cmake/cmake)
[1.496s] -- Found Python3: /usr/bin/python3 (found version "3.10.12") found components: Interpreter 
[2.018s] -- Configuring done
[2.025s] -- Generating done
[2.027s] -- Build files have been written to: /home/badri/new_ws/build/turtlebot3_simulations
[2.038s] Invoked command in '/home/badri/new_ws/build/turtlebot3_simulations' returned '0': AMENT_PREFIX_PATH=/home/badri/new_ws/install/turtlebot3_gazebo:/home/badri/new_ws/install/turtlebot3_fake_node:${AMENT_PREFIX_PATH} CMAKE_PREFIX_PATH=/home/badri/new_ws/install/turtlebot3_gazebo:/home/badri/new_ws/install/turtlebot3_fake_node:/home/badri/RSE Project/install/robot_sensing_debug:/home/badri/RSE Project/install/robot_sensing:/home/badri/RSE Project/install/module_9_assignment:/home/badri/RSE Project/install/module_8_assignment:/home/badri/RSE Project/install/module_7_assignment:/home/badri/RSE Project/install/module_6_assignment:/home/badri/RSE Project/install/module_5_assignment:/home/badri/RSE Project/install/module_4_assignment:/home/badri/RSE Project/install/module_2_assignment:/home/badri/RSE Project/install/module_1_assignment:/home/badri/RSE Project/install/module_10_assignment:/home/badri/RSE Project/install/drive_mobile_robot:/home/badri/RSE Project/install/custom_robots:/home/badri/RSE Project/install/control_systems:/home/badri/ros2_ws/install/tb3_robot_bringup:/home/badri/ros2_ws/install/tb3_robot:/home/badri/ros2_ws/install/mpc_package:/home/badri/ros2_ws/install/gain_sch:/home/badri/ros2_ws/install/casadi_mpc:/opt/ros/humble /usr/bin/cmake /home/badri/new_ws/src/turtlebot3_simulations/turtlebot3_simulations -DCMAKE_INSTALL_PREFIX=/home/badri/new_ws/install/turtlebot3_simulations
[2.042s] Invoking command in '/home/badri/new_ws/build/turtlebot3_simulations': AMENT_PREFIX_PATH=/home/badri/new_ws/install/turtlebot3_gazebo:/home/badri/new_ws/install/turtlebot3_fake_node:${AMENT_PREFIX_PATH} CMAKE_PREFIX_PATH=/home/badri/new_ws/install/turtlebot3_gazebo:/home/badri/new_ws/install/turtlebot3_fake_node:/home/badri/RSE Project/install/robot_sensing_debug:/home/badri/RSE Project/install/robot_sensing:/home/badri/RSE Project/install/module_9_assignment:/home/badri/RSE Project/install/module_8_assignment:/home/badri/RSE Project/install/module_7_assignment:/home/badri/RSE Project/install/module_6_assignment:/home/badri/RSE Project/install/module_5_assignment:/home/badri/RSE Project/install/module_4_assignment:/home/badri/RSE Project/install/module_2_assignment:/home/badri/RSE Project/install/module_1_assignment:/home/badri/RSE Project/install/module_10_assignment:/home/badri/RSE Project/install/drive_mobile_robot:/home/badri/RSE Project/install/custom_robots:/home/badri/RSE Project/install/control_systems:/home/badri/ros2_ws/install/tb3_robot_bringup:/home/badri/ros2_ws/install/tb3_robot:/home/badri/ros2_ws/install/mpc_package:/home/badri/ros2_ws/install/gain_sch:/home/badri/ros2_ws/install/casadi_mpc:/opt/ros/humble /usr/bin/cmake --build /home/badri/new_ws/build/turtlebot3_simulations -- -j8 -l8
[2.172s] Invoked command in '/home/badri/new_ws/build/turtlebot3_simulations' returned '0': AMENT_PREFIX_PATH=/home/badri/new_ws/install/turtlebot3_gazebo:/home/badri/new_ws/install/turtlebot3_fake_node:${AMENT_PREFIX_PATH} CMAKE_PREFIX_PATH=/home/badri/new_ws/install/turtlebot3_gazebo:/home/badri/new_ws/install/turtlebot3_fake_node:/home/badri/RSE Project/install/robot_sensing_debug:/home/badri/RSE Project/install/robot_sensing:/home/badri/RSE Project/install/module_9_assignment:/home/badri/RSE Project/install/module_8_assignment:/home/badri/RSE Project/install/module_7_assignment:/home/badri/RSE Project/install/module_6_assignment:/home/badri/RSE Project/install/module_5_assignment:/home/badri/RSE Project/install/module_4_assignment:/home/badri/RSE Project/install/module_2_assignment:/home/badri/RSE Project/install/module_1_assignment:/home/badri/RSE Project/install/module_10_assignment:/home/badri/RSE Project/install/drive_mobile_robot:/home/badri/RSE Project/install/custom_robots:/home/badri/RSE Project/install/control_systems:/home/badri/ros2_ws/install/tb3_robot_bringup:/home/badri/ros2_ws/install/tb3_robot:/home/badri/ros2_ws/install/mpc_package:/home/badri/ros2_ws/install/gain_sch:/home/badri/ros2_ws/install/casadi_mpc:/opt/ros/humble /usr/bin/cmake --build /home/badri/new_ws/build/turtlebot3_simulations -- -j8 -l8
[2.248s] Invoking command in '/home/badri/new_ws/build/turtlebot3_simulations': AMENT_PREFIX_PATH=/home/badri/new_ws/install/turtlebot3_gazebo:/home/badri/new_ws/install/turtlebot3_fake_node:${AMENT_PREFIX_PATH} CMAKE_PREFIX_PATH=/home/badri/new_ws/install/turtlebot3_gazebo:/home/badri/new_ws/install/turtlebot3_fake_node:/home/badri/RSE Project/install/robot_sensing_debug:/home/badri/RSE Project/install/robot_sensing:/home/badri/RSE Project/install/module_9_assignment:/home/badri/RSE Project/install/module_8_assignment:/home/badri/RSE Project/install/module_7_assignment:/home/badri/RSE Project/install/module_6_assignment:/home/badri/RSE Project/install/module_5_assignment:/home/badri/RSE Project/install/module_4_assignment:/home/badri/RSE Project/install/module_2_assignment:/home/badri/RSE Project/install/module_1_assignment:/home/badri/RSE Project/install/module_10_assignment:/home/badri/RSE Project/install/drive_mobile_robot:/home/badri/RSE Project/install/custom_robots:/home/badri/RSE Project/install/control_systems:/home/badri/ros2_ws/install/tb3_robot_bringup:/home/badri/ros2_ws/install/tb3_robot:/home/badri/ros2_ws/install/mpc_package:/home/badri/ros2_ws/install/gain_sch:/home/badri/ros2_ws/install/casadi_mpc:/opt/ros/humble /usr/bin/cmake --install /home/badri/new_ws/build/turtlebot3_simulations
[2.277s] -- Install configuration: ""
[2.278s] -- Installing: /home/badri/new_ws/install/turtlebot3_simulations/share/ament_index/resource_index/package_run_dependencies/turtlebot3_simulations
[2.278s] -- Installing: /home/badri/new_ws/install/turtlebot3_simulations/share/ament_index/resource_index/parent_prefix_path/turtlebot3_simulations
[2.279s] -- Installing: /home/badri/new_ws/install/turtlebot3_simulations/share/turtlebot3_simulations/environment/ament_prefix_path.sh
[2.280s] -- Installing: /home/badri/new_ws/install/turtlebot3_simulations/share/turtlebot3_simulations/environment/ament_prefix_path.dsv
[2.280s] -- Installing: /home/badri/new_ws/install/turtlebot3_simulations/share/turtlebot3_simulations/environment/path.sh
[2.281s] -- Installing: /home/badri/new_ws/install/turtlebot3_simulations/share/turtlebot3_simulations/environment/path.dsv
[2.282s] -- Installing: /home/badri/new_ws/install/turtlebot3_simulations/share/turtlebot3_simulations/local_setup.bash
[2.282s] -- Installing: /home/badri/new_ws/install/turtlebot3_simulations/share/turtlebot3_simulations/local_setup.sh
[2.283s] -- Installing: /home/badri/new_ws/install/turtlebot3_simulations/share/turtlebot3_simulations/local_setup.zsh
[2.283s] -- Installing: /home/badri/new_ws/install/turtlebot3_simulations/share/turtlebot3_simulations/local_setup.dsv
[2.284s] -- Installing: /home/badri/new_ws/install/turtlebot3_simulations/share/turtlebot3_simulations/package.dsv
[2.284s] -- Installing: /home/badri/new_ws/install/turtlebot3_simulations/share/ament_index/resource_index/packages/turtlebot3_simulations
[2.285s] -- Installing: /home/badri/new_ws/install/turtlebot3_simulations/share/turtlebot3_simulations/cmake/turtlebot3_simulationsConfig.cmake
[2.285s] -- Installing: /home/badri/new_ws/install/turtlebot3_simulations/share/turtlebot3_simulations/cmake/turtlebot3_simulationsConfig-version.cmake
[2.286s] -- Installing: /home/badri/new_ws/install/turtlebot3_simulations/share/turtlebot3_simulations/package.xml
[2.293s] Invoked command in '/home/badri/new_ws/build/turtlebot3_simulations' returned '0': AMENT_PREFIX_PATH=/home/badri/new_ws/install/turtlebot3_gazebo:/home/badri/new_ws/install/turtlebot3_fake_node:${AMENT_PREFIX_PATH} CMAKE_PREFIX_PATH=/home/badri/new_ws/install/turtlebot3_gazebo:/home/badri/new_ws/install/turtlebot3_fake_node:/home/badri/RSE Project/install/robot_sensing_debug:/home/badri/RSE Project/install/robot_sensing:/home/badri/RSE Project/install/module_9_assignment:/home/badri/RSE Project/install/module_8_assignment:/home/badri/RSE Project/install/module_7_assignment:/home/badri/RSE Project/install/module_6_assignment:/home/badri/RSE Project/install/module_5_assignment:/home/badri/RSE Project/install/module_4_assignment:/home/badri/RSE Project/install/module_2_assignment:/home/badri/RSE Project/install/module_1_assignment:/home/badri/RSE Project/install/module_10_assignment:/home/badri/RSE Project/install/drive_mobile_robot:/home/badri/RSE Project/install/custom_robots:/home/badri/RSE Project/install/control_systems:/home/badri/ros2_ws/install/tb3_robot_bringup:/home/badri/ros2_ws/install/tb3_robot:/home/badri/ros2_ws/install/mpc_package:/home/badri/ros2_ws/install/gain_sch:/home/badri/ros2_ws/install/casadi_mpc:/opt/ros/humble /usr/bin/cmake --install /home/badri/new_ws/build/turtlebot3_simulations
