[0.044s] Invoking command in '/home/badri/new_ws/build/path_planning': CMAKE_PREFIX_PATH=${CMAKE_PREFIX_PATH}:/home/badri/ros2_ws/install/casadi_mpc:/opt/ros/humble /usr/bin/cmake --build /home/badri/new_ws/build/path_planning -- -j8 -l8
[0.154s] [35m[1mConsolidate compiler generated dependencies of target occupancy_grid_node[0m
[0.185s] [ 10%] Built target algo_astar
[0.205s] [ 20%] Built target rrt_node
[0.219s] [ 30%] Built target algo_grid_sweep
[0.219s] [ 40%] Built target gtest_main
[0.227s] [ 55%] Built target occupancy_grid_node
[0.227s] [ 60%] Built target gtest
[0.253s] [ 70%] Built target algo_rrt
[0.281s] [ 80%] Built target test_rrt_node
[0.311s] [ 90%] Built target test_rrt
[0.311s] [ 95%] [32mBuilding CXX object CMakeFiles/path_planning_node.dir/src/path_planning.cpp.o[0m
[12.164s] [100%] [32m[1mLinking CXX executable path_planning_node[0m
[13.050s] [100%] Built target path_planning_node
[13.066s] Invoked command in '/home/badri/new_ws/build/path_planning' returned '0': CMAKE_PREFIX_PATH=${CMAKE_PREFIX_PATH}:/home/badri/ros2_ws/install/casadi_mpc:/opt/ros/humble /usr/bin/cmake --build /home/badri/new_ws/build/path_planning -- -j8 -l8
[13.248s] Invoking command in '/home/badri/new_ws/build/path_planning': CMAKE_PREFIX_PATH=${CMAKE_PREFIX_PATH}:/home/badri/ros2_ws/install/casadi_mpc:/opt/ros/humble /usr/bin/cmake --install /home/badri/new_ws/build/path_planning
[13.283s] -- Install configuration: ""
[13.284s] -- Up-to-date: /home/badri/new_ws/install/path_planning/share/path_planning/launch
[13.284s] -- Up-to-date: /home/badri/new_ws/install/path_planning/share/path_planning/launch/path_plan_rviz.launch.py
[13.285s] -- Up-to-date: /home/badri/new_ws/install/path_planning/share/path_planning/config
[13.285s] -- Up-to-date: /home/badri/new_ws/install/path_planning/share/path_planning/config/search_path_planning.rviz
[13.286s] -- Up-to-date: /home/badri/new_ws/install/path_planning/lib/path_planning/occupancy_grid_node
[13.287s] -- Installing: /home/badri/new_ws/install/path_planning/lib/path_planning/path_planning_node
[13.310s] -- Set runtime path of "/home/badri/new_ws/install/path_planning/lib/path_planning/path_planning_node" to ""
[13.311s] -- Up-to-date: /home/badri/new_ws/install/path_planning/share/ament_index/resource_index/package_run_dependencies/path_planning
[13.312s] -- Up-to-date: /home/badri/new_ws/install/path_planning/share/ament_index/resource_index/parent_prefix_path/path_planning
[13.313s] -- Up-to-date: /home/badri/new_ws/install/path_planning/share/path_planning/environment/ament_prefix_path.sh
[13.313s] -- Up-to-date: /home/badri/new_ws/install/path_planning/share/path_planning/environment/ament_prefix_path.dsv
[13.314s] -- Up-to-date: /home/badri/new_ws/install/path_planning/share/path_planning/environment/path.sh
[13.314s] -- Up-to-date: /home/badri/new_ws/install/path_planning/share/path_planning/environment/path.dsv
[13.315s] -- Up-to-date: /home/badri/new_ws/install/path_planning/share/path_planning/local_setup.bash
[13.315s] -- Up-to-date: /home/badri/new_ws/install/path_planning/share/path_planning/local_setup.sh
[13.315s] -- Up-to-date: /home/badri/new_ws/install/path_planning/share/path_planning/local_setup.zsh
[13.315s] -- Up-to-date: /home/badri/new_ws/install/path_planning/share/path_planning/local_setup.dsv
[13.316s] -- Installing: /home/badri/new_ws/install/path_planning/share/path_planning/package.dsv
[13.316s] -- Up-to-date: /home/badri/new_ws/install/path_planning/share/ament_index/resource_index/packages/path_planning
[13.316s] -- Up-to-date: /home/badri/new_ws/install/path_planning/share/path_planning/cmake/path_planningConfig.cmake
[13.317s] -- Up-to-date: /home/badri/new_ws/install/path_planning/share/path_planning/cmake/path_planningConfig-version.cmake
[13.317s] -- Up-to-date: /home/badri/new_ws/install/path_planning/share/path_planning/package.xml
[13.326s] Invoked command in '/home/badri/new_ws/build/path_planning' returned '0': CMAKE_PREFIX_PATH=${CMAKE_PREFIX_PATH}:/home/badri/ros2_ws/install/casadi_mpc:/opt/ros/humble /usr/bin/cmake --install /home/badri/new_ws/build/path_planning
