[0.026s] Invoking command in '/home/badri/new_ws/build/mapping': CMAKE_PREFIX_PATH=${CMAKE_PREFIX_PATH}:/home/badri/ros2_ws/install/casadi_mpc:/opt/ros/humble /usr/bin/cmake /home/badri/new_ws/src/mapping -DCMAKE_INSTALL_PREFIX=/home/badri/new_ws/install/mapping
[0.113s] -- The C compiler identification is GNU 11.4.0
[0.210s] -- The CXX compiler identification is GNU 11.4.0
[0.225s] -- Detecting C compiler ABI info
[0.344s] -- Detecting C compiler ABI info - done
[0.355s] -- Check for working C compiler: /usr/bin/cc - skipped
[0.356s] -- Detecting C compile features
[0.356s] -- Detecting C compile features - done
[0.360s] -- Detecting CXX compiler ABI info
[0.477s] -- Detecting CXX compiler ABI info - done
[0.487s] -- Check for working CXX compiler: /usr/bin/c++ - skipped
[0.488s] -- Detecting CXX compile features
[0.488s] -- Detecting CXX compile features - done
[0.495s] -- Found ament_cmake: 1.3.10 (/opt/ros/humble/share/ament_cmake/cmake)
[0.694s] -- Found Python3: /usr/bin/python3 (found version "3.10.12") found components: Interpreter 
[0.855s] -- Found rclcpp: 16.0.10 (/opt/ros/humble/share/rclcpp/cmake)
[0.942s] -- Found rosidl_generator_c: 3.1.5 (/opt/ros/humble/share/rosidl_generator_c/cmake)
[0.954s] -- Found rosidl_adapter: 3.1.5 (/opt/ros/humble/share/rosidl_adapter/cmake)
[0.970s] -- Found rosidl_generator_cpp: 3.1.5 (/opt/ros/humble/share/rosidl_generator_cpp/cmake)
[0.992s] -- Using all available rosidl_typesupport_c: rosidl_typesupport_fastrtps_c;rosidl_typesupport_introspection_c
[1.023s] -- Using all available rosidl_typesupport_cpp: rosidl_typesupport_fastrtps_cpp;rosidl_typesupport_introspection_cpp
[1.112s] -- Found rmw_implementation_cmake: 6.1.2 (/opt/ros/humble/share/rmw_implementation_cmake/cmake)
[1.119s] -- Found rmw_fastrtps_cpp: 6.2.7 (/opt/ros/humble/share/rmw_fastrtps_cpp/cmake)
[1.232s] -- Found OpenSSL: /usr/lib/x86_64-linux-gnu/libcrypto.so (found version "3.0.2")  
[1.260s] -- Found FastRTPS: /opt/ros/humble/include  
[1.290s] -- Using RMW implementation 'rmw_fastrtps_cpp' as default
[1.309s] -- Looking for pthread.h
[1.400s] -- Looking for pthread.h - found
[1.400s] -- Performing Test CMAKE_HAVE_LIBC_PTHREAD
[1.493s] -- Performing Test CMAKE_HAVE_LIBC_PTHREAD - Success
[1.494s] -- Found Threads: TRUE  
[1.578s] -- Found geometry_msgs: 4.2.4 (/opt/ros/humble/share/geometry_msgs/cmake)
[1.599s] -- Found nav_msgs: 4.2.4 (/opt/ros/humble/share/nav_msgs/cmake)
[1.627s] -- Found tf2_ros: 0.25.8 (/opt/ros/humble/share/tf2_ros/cmake)
[1.803s] -- Found sensor_msgs: 4.2.4 (/opt/ros/humble/share/sensor_msgs/cmake)
[1.829s] -- Found cv_bridge: 3.2.1 (/opt/ros/humble/share/cv_bridge/cmake)
[1.851s] -- Found OpenCV: /usr (found version "4.5.4") 
[1.856s] -- Found visualization_msgs: 4.2.4 (/opt/ros/humble/share/visualization_msgs/cmake)
[1.967s] [31mCMake Error at /opt/ros/humble/share/ament_cmake_core/cmake/core/ament_package_xml.cmake:53 (message):
[1.967s]   ament_package_xml() package name 'mapping' in '/package.xml' does not match
[1.967s]   current PROJECT_NAME 'module_7_assignment'.  You must call project() with
[1.967s]   the same package name before.
[1.967s] Call Stack (most recent call first):
[1.967s]   /opt/ros/humble/share/ament_cmake_core/cmake/core/ament_package.cmake:63 (ament_package_xml)
[1.967s]   CMakeLists.txt:55 (ament_package)
[1.967s] 
[1.967s] [0m
[1.968s] -- Configuring incomplete, errors occurred!
[1.968s] See also "/home/badri/new_ws/build/mapping/CMakeFiles/CMakeOutput.log".
[1.981s] Invoked command in '/home/badri/new_ws/build/mapping' returned '1': CMAKE_PREFIX_PATH=${CMAKE_PREFIX_PATH}:/home/badri/ros2_ws/install/casadi_mpc:/opt/ros/humble /usr/bin/cmake /home/badri/new_ws/src/mapping -DCMAKE_INSTALL_PREFIX=/home/badri/new_ws/install/mapping
