[0.145s] DEBUG:colcon:Command line arguments: ['/usr/bin/colcon', 'build']
[0.145s] DEBUG:colcon:Parsed command line arguments: Namespace(log_base=None, log_level=None, verb_name='build', build_base='build', install_base='install', merge_install=False, symlink_install=False, test_result_base=None, continue_on_error=False, executor='parallel', parallel_workers=8, event_handlers=None, ignore_user_meta=False, metas=['./colcon.meta'], base_paths=['.'], packages_ignore=None, packages_ignore_regex=None, paths=None, packages_up_to=None, packages_up_to_regex=None, packages_above=None, packages_above_and_dependencies=None, packages_above_depth=None, packages_select_by_dep=None, packages_skip_by_dep=None, packages_skip_up_to=None, packages_select_build_failed=False, packages_skip_build_finished=False, packages_select_test_failures=False, packages_skip_test_passed=False, packages_select=None, packages_skip=None, packages_select_regex=None, packages_skip_regex=None, packages_start=None, packages_end=None, allow_overriding=[], cmake_args=None, cmake_target=None, cmake_target_skip_unavailable=False, cmake_clean_cache=False, cmake_clean_first=False, cmake_force_configure=False, ament_cmake_args=None, catkin_cmake_args=None, catkin_skip_building_tests=False, mixin_files=None, mixin=None, verb_parser=<colcon_mixin.mixin.mixin_argument.MixinArgumentDecorator object at 0x70bbbce435b0>, verb_extension=<colcon_core.verb.build.BuildVerb object at 0x70bbbce42fe0>, main=<bound method BuildVerb.main of <colcon_core.verb.build.BuildVerb object at 0x70bbbce42fe0>>, mixin_verb=('build',))
[0.350s] Level 1:colcon.colcon_core.package_discovery:discover_packages(colcon_meta) check parameters
[0.350s] Level 1:colcon.colcon_core.package_discovery:discover_packages(recursive) check parameters
[0.350s] Level 1:colcon.colcon_core.package_discovery:discover_packages(ignore) check parameters
[0.350s] Level 1:colcon.colcon_core.package_discovery:discover_packages(path) check parameters
[0.350s] Level 1:colcon.colcon_core.package_discovery:discover_packages(colcon_meta) discover
[0.350s] Level 1:colcon.colcon_core.package_discovery:discover_packages(recursive) discover
[0.351s] INFO:colcon.colcon_core.package_discovery:Crawling recursively for packages in '/home/badri/new_ws'
[0.351s] Level 1:colcon.colcon_core.package_identification:_identify(.) by extensions ['ignore', 'ignore_ament_install']
[0.351s] Level 1:colcon.colcon_core.package_identification:_identify(.) by extension 'ignore'
[0.351s] Level 1:colcon.colcon_core.package_identification:_identify(.) by extension 'ignore_ament_install'
[0.351s] Level 1:colcon.colcon_core.package_identification:_identify(.) by extensions ['colcon_pkg']
[0.351s] Level 1:colcon.colcon_core.package_identification:_identify(.) by extension 'colcon_pkg'
[0.351s] Level 1:colcon.colcon_core.package_identification:_identify(.) by extensions ['colcon_meta']
[0.351s] Level 1:colcon.colcon_core.package_identification:_identify(.) by extension 'colcon_meta'
[0.351s] Level 1:colcon.colcon_core.package_identification:_identify(.) by extensions ['ros']
[0.351s] Level 1:colcon.colcon_core.package_identification:_identify(.) by extension 'ros'
[0.365s] Level 1:colcon.colcon_core.package_identification:_identify(.) by extensions ['cmake', 'python']
[0.365s] Level 1:colcon.colcon_core.package_identification:_identify(.) by extension 'cmake'
[0.365s] Level 1:colcon.colcon_core.package_identification:_identify(.) by extension 'python'
[0.365s] Level 1:colcon.colcon_core.package_identification:_identify(.) by extensions ['python_setup_py']
[0.365s] Level 1:colcon.colcon_core.package_identification:_identify(.) by extension 'python_setup_py'
[0.365s] Level 1:colcon.colcon_core.package_identification:_identify(build) by extensions ['ignore', 'ignore_ament_install']
[0.365s] Level 1:colcon.colcon_core.package_identification:_identify(build) by extension 'ignore'
[0.365s] Level 1:colcon.colcon_core.package_identification:_identify(build) ignored
[0.366s] Level 1:colcon.colcon_core.package_identification:_identify(install) by extensions ['ignore', 'ignore_ament_install']
[0.366s] Level 1:colcon.colcon_core.package_identification:_identify(install) by extension 'ignore'
[0.366s] Level 1:colcon.colcon_core.package_identification:_identify(install) ignored
[0.366s] Level 1:colcon.colcon_core.package_identification:_identify(log) by extensions ['ignore', 'ignore_ament_install']
[0.366s] Level 1:colcon.colcon_core.package_identification:_identify(log) by extension 'ignore'
[0.366s] Level 1:colcon.colcon_core.package_identification:_identify(log) ignored
[0.366s] Level 1:colcon.colcon_core.package_identification:_identify(src) by extensions ['ignore', 'ignore_ament_install']
[0.366s] Level 1:colcon.colcon_core.package_identification:_identify(src) by extension 'ignore'
[0.366s] Level 1:colcon.colcon_core.package_identification:_identify(src) by extension 'ignore_ament_install'
[0.366s] Level 1:colcon.colcon_core.package_identification:_identify(src) by extensions ['colcon_pkg']
[0.366s] Level 1:colcon.colcon_core.package_identification:_identify(src) by extension 'colcon_pkg'
[0.366s] Level 1:colcon.colcon_core.package_identification:_identify(src) by extensions ['colcon_meta']
[0.367s] Level 1:colcon.colcon_core.package_identification:_identify(src) by extension 'colcon_meta'
[0.367s] Level 1:colcon.colcon_core.package_identification:_identify(src) by extensions ['ros']
[0.367s] Level 1:colcon.colcon_core.package_identification:_identify(src) by extension 'ros'
[0.367s] Level 1:colcon.colcon_core.package_identification:_identify(src) by extensions ['cmake', 'python']
[0.367s] Level 1:colcon.colcon_core.package_identification:_identify(src) by extension 'cmake'
[0.367s] Level 1:colcon.colcon_core.package_identification:_identify(src) by extension 'python'
[0.367s] Level 1:colcon.colcon_core.package_identification:_identify(src) by extensions ['python_setup_py']
[0.367s] Level 1:colcon.colcon_core.package_identification:_identify(src) by extension 'python_setup_py'
[0.367s] Level 1:colcon.colcon_core.package_identification:_identify(src/mapping) by extensions ['ignore', 'ignore_ament_install']
[0.367s] Level 1:colcon.colcon_core.package_identification:_identify(src/mapping) by extension 'ignore'
[0.367s] Level 1:colcon.colcon_core.package_identification:_identify(src/mapping) by extension 'ignore_ament_install'
[0.367s] Level 1:colcon.colcon_core.package_identification:_identify(src/mapping) by extensions ['colcon_pkg']
[0.367s] Level 1:colcon.colcon_core.package_identification:_identify(src/mapping) by extension 'colcon_pkg'
[0.367s] Level 1:colcon.colcon_core.package_identification:_identify(src/mapping) by extensions ['colcon_meta']
[0.367s] Level 1:colcon.colcon_core.package_identification:_identify(src/mapping) by extension 'colcon_meta'
[0.367s] Level 1:colcon.colcon_core.package_identification:_identify(src/mapping) by extensions ['ros']
[0.367s] Level 1:colcon.colcon_core.package_identification:_identify(src/mapping) by extension 'ros'
[0.370s] DEBUG:colcon.colcon_core.package_identification:Package 'src/mapping' with type 'ros.ament_cmake' and name 'mapping'
[0.370s] Level 1:colcon.colcon_core.package_identification:_identify(src/path_planning) by extensions ['ignore', 'ignore_ament_install']
[0.370s] Level 1:colcon.colcon_core.package_identification:_identify(src/path_planning) by extension 'ignore'
[0.371s] Level 1:colcon.colcon_core.package_identification:_identify(src/path_planning) by extension 'ignore_ament_install'
[0.371s] Level 1:colcon.colcon_core.package_identification:_identify(src/path_planning) by extensions ['colcon_pkg']
[0.371s] Level 1:colcon.colcon_core.package_identification:_identify(src/path_planning) by extension 'colcon_pkg'
[0.371s] Level 1:colcon.colcon_core.package_identification:_identify(src/path_planning) by extensions ['colcon_meta']
[0.371s] Level 1:colcon.colcon_core.package_identification:_identify(src/path_planning) by extension 'colcon_meta'
[0.371s] Level 1:colcon.colcon_core.package_identification:_identify(src/path_planning) by extensions ['ros']
[0.371s] Level 1:colcon.colcon_core.package_identification:_identify(src/path_planning) by extension 'ros'
[0.371s] DEBUG:colcon.colcon_core.package_identification:Package 'src/path_planning' with type 'ros.ament_cmake' and name 'path_planning'
[0.372s] Level 1:colcon.colcon_core.package_identification:_identify(src/turtlebot3_simulations) by extensions ['ignore', 'ignore_ament_install']
[0.372s] Level 1:colcon.colcon_core.package_identification:_identify(src/turtlebot3_simulations) by extension 'ignore'
[0.372s] Level 1:colcon.colcon_core.package_identification:_identify(src/turtlebot3_simulations) by extension 'ignore_ament_install'
[0.372s] Level 1:colcon.colcon_core.package_identification:_identify(src/turtlebot3_simulations) by extensions ['colcon_pkg']
[0.372s] Level 1:colcon.colcon_core.package_identification:_identify(src/turtlebot3_simulations) by extension 'colcon_pkg'
[0.372s] Level 1:colcon.colcon_core.package_identification:_identify(src/turtlebot3_simulations) by extensions ['colcon_meta']
[0.372s] Level 1:colcon.colcon_core.package_identification:_identify(src/turtlebot3_simulations) by extension 'colcon_meta'
[0.372s] Level 1:colcon.colcon_core.package_identification:_identify(src/turtlebot3_simulations) by extensions ['ros']
[0.372s] Level 1:colcon.colcon_core.package_identification:_identify(src/turtlebot3_simulations) by extension 'ros'
[0.372s] Level 1:colcon.colcon_core.package_identification:_identify(src/turtlebot3_simulations) by extensions ['cmake', 'python']
[0.372s] Level 1:colcon.colcon_core.package_identification:_identify(src/turtlebot3_simulations) by extension 'cmake'
[0.372s] Level 1:colcon.colcon_core.package_identification:_identify(src/turtlebot3_simulations) by extension 'python'
[0.372s] Level 1:colcon.colcon_core.package_identification:_identify(src/turtlebot3_simulations) by extensions ['python_setup_py']
[0.372s] Level 1:colcon.colcon_core.package_identification:_identify(src/turtlebot3_simulations) by extension 'python_setup_py'
[0.372s] Level 1:colcon.colcon_core.package_identification:_identify(src/turtlebot3_simulations/turtlebot3_fake_node) by extensions ['ignore', 'ignore_ament_install']
[0.372s] Level 1:colcon.colcon_core.package_identification:_identify(src/turtlebot3_simulations/turtlebot3_fake_node) by extension 'ignore'
[0.373s] Level 1:colcon.colcon_core.package_identification:_identify(src/turtlebot3_simulations/turtlebot3_fake_node) by extension 'ignore_ament_install'
[0.373s] Level 1:colcon.colcon_core.package_identification:_identify(src/turtlebot3_simulations/turtlebot3_fake_node) by extensions ['colcon_pkg']
[0.373s] Level 1:colcon.colcon_core.package_identification:_identify(src/turtlebot3_simulations/turtlebot3_fake_node) by extension 'colcon_pkg'
[0.373s] Level 1:colcon.colcon_core.package_identification:_identify(src/turtlebot3_simulations/turtlebot3_fake_node) by extensions ['colcon_meta']
[0.373s] Level 1:colcon.colcon_core.package_identification:_identify(src/turtlebot3_simulations/turtlebot3_fake_node) by extension 'colcon_meta'
[0.373s] Level 1:colcon.colcon_core.package_identification:_identify(src/turtlebot3_simulations/turtlebot3_fake_node) by extensions ['ros']
[0.373s] Level 1:colcon.colcon_core.package_identification:_identify(src/turtlebot3_simulations/turtlebot3_fake_node) by extension 'ros'
[0.374s] DEBUG:colcon.colcon_core.package_identification:Package 'src/turtlebot3_simulations/turtlebot3_fake_node' with type 'ros.ament_cmake' and name 'turtlebot3_fake_node'
[0.374s] Level 1:colcon.colcon_core.package_identification:_identify(src/turtlebot3_simulations/turtlebot3_gazebo) by extensions ['ignore', 'ignore_ament_install']
[0.374s] Level 1:colcon.colcon_core.package_identification:_identify(src/turtlebot3_simulations/turtlebot3_gazebo) by extension 'ignore'
[0.374s] Level 1:colcon.colcon_core.package_identification:_identify(src/turtlebot3_simulations/turtlebot3_gazebo) by extension 'ignore_ament_install'
[0.374s] Level 1:colcon.colcon_core.package_identification:_identify(src/turtlebot3_simulations/turtlebot3_gazebo) by extensions ['colcon_pkg']
[0.374s] Level 1:colcon.colcon_core.package_identification:_identify(src/turtlebot3_simulations/turtlebot3_gazebo) by extension 'colcon_pkg'
[0.375s] Level 1:colcon.colcon_core.package_identification:_identify(src/turtlebot3_simulations/turtlebot3_gazebo) by extensions ['colcon_meta']
[0.375s] Level 1:colcon.colcon_core.package_identification:_identify(src/turtlebot3_simulations/turtlebot3_gazebo) by extension 'colcon_meta'
[0.375s] Level 1:colcon.colcon_core.package_identification:_identify(src/turtlebot3_simulations/turtlebot3_gazebo) by extensions ['ros']
[0.375s] Level 1:colcon.colcon_core.package_identification:_identify(src/turtlebot3_simulations/turtlebot3_gazebo) by extension 'ros'
[0.376s] DEBUG:colcon.colcon_core.package_identification:Package 'src/turtlebot3_simulations/turtlebot3_gazebo' with type 'ros.ament_cmake' and name 'turtlebot3_gazebo'
[0.376s] Level 1:colcon.colcon_core.package_identification:_identify(src/turtlebot3_simulations/turtlebot3_simulations) by extensions ['ignore', 'ignore_ament_install']
[0.376s] Level 1:colcon.colcon_core.package_identification:_identify(src/turtlebot3_simulations/turtlebot3_simulations) by extension 'ignore'
[0.376s] Level 1:colcon.colcon_core.package_identification:_identify(src/turtlebot3_simulations/turtlebot3_simulations) by extension 'ignore_ament_install'
[0.376s] Level 1:colcon.colcon_core.package_identification:_identify(src/turtlebot3_simulations/turtlebot3_simulations) by extensions ['colcon_pkg']
[0.376s] Level 1:colcon.colcon_core.package_identification:_identify(src/turtlebot3_simulations/turtlebot3_simulations) by extension 'colcon_pkg'
[0.376s] Level 1:colcon.colcon_core.package_identification:_identify(src/turtlebot3_simulations/turtlebot3_simulations) by extensions ['colcon_meta']
[0.376s] Level 1:colcon.colcon_core.package_identification:_identify(src/turtlebot3_simulations/turtlebot3_simulations) by extension 'colcon_meta'
[0.376s] Level 1:colcon.colcon_core.package_identification:_identify(src/turtlebot3_simulations/turtlebot3_simulations) by extensions ['ros']
[0.376s] Level 1:colcon.colcon_core.package_identification:_identify(src/turtlebot3_simulations/turtlebot3_simulations) by extension 'ros'
[0.377s] DEBUG:colcon.colcon_core.package_identification:Package 'src/turtlebot3_simulations/turtlebot3_simulations' with type 'ros.ament_cmake' and name 'turtlebot3_simulations'
[0.377s] Level 1:colcon.colcon_core.package_discovery:discover_packages(recursive) using defaults
[0.377s] Level 1:colcon.colcon_core.package_discovery:discover_packages(ignore) discover
[0.377s] Level 1:colcon.colcon_core.package_discovery:discover_packages(ignore) using defaults
[0.377s] Level 1:colcon.colcon_core.package_discovery:discover_packages(path) discover
[0.377s] Level 1:colcon.colcon_core.package_discovery:discover_packages(path) using defaults
[0.409s] Level 1:colcon.colcon_core.package_discovery:discover_packages(prefix_path) check parameters
[0.409s] Level 1:colcon.colcon_core.package_discovery:discover_packages(prefix_path) discover
[0.412s] DEBUG:colcon.colcon_installed_package_information.package_discovery:Found 4 installed packages in /home/badri/ros2_ws/install
[0.414s] DEBUG:colcon.colcon_installed_package_information.package_discovery:Found 422 installed packages in /opt/ros/humble
[0.416s] Level 1:colcon.colcon_core.package_discovery:discover_packages(prefix_path) using defaults
[0.481s] Level 5:colcon.colcon_core.verb:set package 'mapping' build argument 'cmake_args' from command line to 'None'
[0.481s] Level 5:colcon.colcon_core.verb:set package 'mapping' build argument 'cmake_target' from command line to 'None'
[0.481s] Level 5:colcon.colcon_core.verb:set package 'mapping' build argument 'cmake_target_skip_unavailable' from command line to 'False'
[0.481s] Level 5:colcon.colcon_core.verb:set package 'mapping' build argument 'cmake_clean_cache' from command line to 'False'
[0.481s] Level 5:colcon.colcon_core.verb:set package 'mapping' build argument 'cmake_clean_first' from command line to 'False'
[0.481s] Level 5:colcon.colcon_core.verb:set package 'mapping' build argument 'cmake_force_configure' from command line to 'False'
[0.481s] Level 5:colcon.colcon_core.verb:set package 'mapping' build argument 'ament_cmake_args' from command line to 'None'
[0.481s] Level 5:colcon.colcon_core.verb:set package 'mapping' build argument 'catkin_cmake_args' from command line to 'None'
[0.481s] Level 5:colcon.colcon_core.verb:set package 'mapping' build argument 'catkin_skip_building_tests' from command line to 'False'
[0.481s] DEBUG:colcon.colcon_core.verb:Building package 'mapping' with the following arguments: {'ament_cmake_args': None, 'build_base': '/home/badri/new_ws/build/mapping', 'catkin_cmake_args': None, 'catkin_skip_building_tests': False, 'cmake_args': None, 'cmake_clean_cache': False, 'cmake_clean_first': False, 'cmake_force_configure': False, 'cmake_target': None, 'cmake_target_skip_unavailable': False, 'install_base': '/home/badri/new_ws/install/mapping', 'merge_install': False, 'path': '/home/badri/new_ws/src/mapping', 'symlink_install': False, 'test_result_base': None}
[0.481s] Level 5:colcon.colcon_core.verb:set package 'path_planning' build argument 'cmake_args' from command line to 'None'
[0.481s] Level 5:colcon.colcon_core.verb:set package 'path_planning' build argument 'cmake_target' from command line to 'None'
[0.481s] Level 5:colcon.colcon_core.verb:set package 'path_planning' build argument 'cmake_target_skip_unavailable' from command line to 'False'
[0.482s] Level 5:colcon.colcon_core.verb:set package 'path_planning' build argument 'cmake_clean_cache' from command line to 'False'
[0.482s] Level 5:colcon.colcon_core.verb:set package 'path_planning' build argument 'cmake_clean_first' from command line to 'False'
[0.482s] Level 5:colcon.colcon_core.verb:set package 'path_planning' build argument 'cmake_force_configure' from command line to 'False'
[0.482s] Level 5:colcon.colcon_core.verb:set package 'path_planning' build argument 'ament_cmake_args' from command line to 'None'
[0.482s] Level 5:colcon.colcon_core.verb:set package 'path_planning' build argument 'catkin_cmake_args' from command line to 'None'
[0.482s] Level 5:colcon.colcon_core.verb:set package 'path_planning' build argument 'catkin_skip_building_tests' from command line to 'False'
[0.482s] DEBUG:colcon.colcon_core.verb:Building package 'path_planning' with the following arguments: {'ament_cmake_args': None, 'build_base': '/home/badri/new_ws/build/path_planning', 'catkin_cmake_args': None, 'catkin_skip_building_tests': False, 'cmake_args': None, 'cmake_clean_cache': False, 'cmake_clean_first': False, 'cmake_force_configure': False, 'cmake_target': None, 'cmake_target_skip_unavailable': False, 'install_base': '/home/badri/new_ws/install/path_planning', 'merge_install': False, 'path': '/home/badri/new_ws/src/path_planning', 'symlink_install': False, 'test_result_base': None}
[0.482s] Level 5:colcon.colcon_core.verb:set package 'turtlebot3_fake_node' build argument 'cmake_args' from command line to 'None'
[0.482s] Level 5:colcon.colcon_core.verb:set package 'turtlebot3_fake_node' build argument 'cmake_target' from command line to 'None'
[0.482s] Level 5:colcon.colcon_core.verb:set package 'turtlebot3_fake_node' build argument 'cmake_target_skip_unavailable' from command line to 'False'
[0.482s] Level 5:colcon.colcon_core.verb:set package 'turtlebot3_fake_node' build argument 'cmake_clean_cache' from command line to 'False'
[0.482s] Level 5:colcon.colcon_core.verb:set package 'turtlebot3_fake_node' build argument 'cmake_clean_first' from command line to 'False'
[0.482s] Level 5:colcon.colcon_core.verb:set package 'turtlebot3_fake_node' build argument 'cmake_force_configure' from command line to 'False'
[0.482s] Level 5:colcon.colcon_core.verb:set package 'turtlebot3_fake_node' build argument 'ament_cmake_args' from command line to 'None'
[0.482s] Level 5:colcon.colcon_core.verb:set package 'turtlebot3_fake_node' build argument 'catkin_cmake_args' from command line to 'None'
[0.482s] Level 5:colcon.colcon_core.verb:set package 'turtlebot3_fake_node' build argument 'catkin_skip_building_tests' from command line to 'False'
[0.482s] DEBUG:colcon.colcon_core.verb:Building package 'turtlebot3_fake_node' with the following arguments: {'ament_cmake_args': None, 'build_base': '/home/badri/new_ws/build/turtlebot3_fake_node', 'catkin_cmake_args': None, 'catkin_skip_building_tests': False, 'cmake_args': None, 'cmake_clean_cache': False, 'cmake_clean_first': False, 'cmake_force_configure': False, 'cmake_target': None, 'cmake_target_skip_unavailable': False, 'install_base': '/home/badri/new_ws/install/turtlebot3_fake_node', 'merge_install': False, 'path': '/home/badri/new_ws/src/turtlebot3_simulations/turtlebot3_fake_node', 'symlink_install': False, 'test_result_base': None}
[0.483s] Level 5:colcon.colcon_core.verb:set package 'turtlebot3_gazebo' build argument 'cmake_args' from command line to 'None'
[0.483s] Level 5:colcon.colcon_core.verb:set package 'turtlebot3_gazebo' build argument 'cmake_target' from command line to 'None'
[0.483s] Level 5:colcon.colcon_core.verb:set package 'turtlebot3_gazebo' build argument 'cmake_target_skip_unavailable' from command line to 'False'
[0.483s] Level 5:colcon.colcon_core.verb:set package 'turtlebot3_gazebo' build argument 'cmake_clean_cache' from command line to 'False'
[0.483s] Level 5:colcon.colcon_core.verb:set package 'turtlebot3_gazebo' build argument 'cmake_clean_first' from command line to 'False'
[0.483s] Level 5:colcon.colcon_core.verb:set package 'turtlebot3_gazebo' build argument 'cmake_force_configure' from command line to 'False'
[0.483s] Level 5:colcon.colcon_core.verb:set package 'turtlebot3_gazebo' build argument 'ament_cmake_args' from command line to 'None'
[0.483s] Level 5:colcon.colcon_core.verb:set package 'turtlebot3_gazebo' build argument 'catkin_cmake_args' from command line to 'None'
[0.483s] Level 5:colcon.colcon_core.verb:set package 'turtlebot3_gazebo' build argument 'catkin_skip_building_tests' from command line to 'False'
[0.483s] DEBUG:colcon.colcon_core.verb:Building package 'turtlebot3_gazebo' with the following arguments: {'ament_cmake_args': None, 'build_base': '/home/badri/new_ws/build/turtlebot3_gazebo', 'catkin_cmake_args': None, 'catkin_skip_building_tests': False, 'cmake_args': None, 'cmake_clean_cache': False, 'cmake_clean_first': False, 'cmake_force_configure': False, 'cmake_target': None, 'cmake_target_skip_unavailable': False, 'install_base': '/home/badri/new_ws/install/turtlebot3_gazebo', 'merge_install': False, 'path': '/home/badri/new_ws/src/turtlebot3_simulations/turtlebot3_gazebo', 'symlink_install': False, 'test_result_base': None}
[0.483s] Level 5:colcon.colcon_core.verb:set package 'turtlebot3_simulations' build argument 'cmake_args' from command line to 'None'
[0.483s] Level 5:colcon.colcon_core.verb:set package 'turtlebot3_simulations' build argument 'cmake_target' from command line to 'None'
[0.483s] Level 5:colcon.colcon_core.verb:set package 'turtlebot3_simulations' build argument 'cmake_target_skip_unavailable' from command line to 'False'
[0.483s] Level 5:colcon.colcon_core.verb:set package 'turtlebot3_simulations' build argument 'cmake_clean_cache' from command line to 'False'
[0.483s] Level 5:colcon.colcon_core.verb:set package 'turtlebot3_simulations' build argument 'cmake_clean_first' from command line to 'False'
[0.483s] Level 5:colcon.colcon_core.verb:set package 'turtlebot3_simulations' build argument 'cmake_force_configure' from command line to 'False'
[0.483s] Level 5:colcon.colcon_core.verb:set package 'turtlebot3_simulations' build argument 'ament_cmake_args' from command line to 'None'
[0.483s] Level 5:colcon.colcon_core.verb:set package 'turtlebot3_simulations' build argument 'catkin_cmake_args' from command line to 'None'
[0.483s] Level 5:colcon.colcon_core.verb:set package 'turtlebot3_simulations' build argument 'catkin_skip_building_tests' from command line to 'False'
[0.484s] DEBUG:colcon.colcon_core.verb:Building package 'turtlebot3_simulations' with the following arguments: {'ament_cmake_args': None, 'build_base': '/home/badri/new_ws/build/turtlebot3_simulations', 'catkin_cmake_args': None, 'catkin_skip_building_tests': False, 'cmake_args': None, 'cmake_clean_cache': False, 'cmake_clean_first': False, 'cmake_force_configure': False, 'cmake_target': None, 'cmake_target_skip_unavailable': False, 'install_base': '/home/badri/new_ws/install/turtlebot3_simulations', 'merge_install': False, 'path': '/home/badri/new_ws/src/turtlebot3_simulations/turtlebot3_simulations', 'symlink_install': False, 'test_result_base': None}
[0.484s] INFO:colcon.colcon_core.executor:Executing jobs using 'parallel' executor
[0.485s] DEBUG:colcon.colcon_parallel_executor.executor.parallel:run_until_complete
[0.485s] INFO:colcon.colcon_ros.task.ament_cmake.build:Building ROS package in '/home/badri/new_ws/src/turtlebot3_simulations/turtlebot3_fake_node' with build type 'ament_cmake'
[0.485s] INFO:colcon.colcon_cmake.task.cmake.build:Building CMake package in '/home/badri/new_ws/src/turtlebot3_simulations/turtlebot3_fake_node'
[0.489s] INFO:colcon.colcon_core.plugin_system:Skipping extension 'colcon_core.shell.bat': Not used on non-Windows systems
[0.489s] INFO:colcon.colcon_core.shell:Skip shell extension 'powershell' for command environment: Not usable outside of PowerShell
[0.489s] DEBUG:colcon.colcon_core.shell:Skip shell extension 'dsv' for command environment
[0.494s] INFO:colcon.colcon_ros.task.ament_cmake.build:Building ROS package in '/home/badri/new_ws/src/turtlebot3_simulations/turtlebot3_gazebo' with build type 'ament_cmake'
[0.494s] INFO:colcon.colcon_cmake.task.cmake.build:Building CMake package in '/home/badri/new_ws/src/turtlebot3_simulations/turtlebot3_gazebo'
[0.494s] INFO:colcon.colcon_core.shell:Skip shell extension 'powershell' for command environment: Not usable outside of PowerShell
[0.495s] DEBUG:colcon.colcon_core.shell:Skip shell extension 'dsv' for command environment
[0.501s] INFO:colcon.colcon_ros.task.ament_cmake.build:Building ROS package in '/home/badri/new_ws/src/mapping' with build type 'ament_cmake'
[0.501s] INFO:colcon.colcon_cmake.task.cmake.build:Building CMake package in '/home/badri/new_ws/src/mapping'
[0.501s] INFO:colcon.colcon_core.shell:Skip shell extension 'powershell' for command environment: Not usable outside of PowerShell
[0.501s] DEBUG:colcon.colcon_core.shell:Skip shell extension 'dsv' for command environment
[0.506s] INFO:colcon.colcon_ros.task.ament_cmake.build:Building ROS package in '/home/badri/new_ws/src/path_planning' with build type 'ament_cmake'
[0.507s] INFO:colcon.colcon_cmake.task.cmake.build:Building CMake package in '/home/badri/new_ws/src/path_planning'
[0.507s] INFO:colcon.colcon_core.shell:Skip shell extension 'powershell' for command environment: Not usable outside of PowerShell
[0.507s] DEBUG:colcon.colcon_core.shell:Skip shell extension 'dsv' for command environment
[0.519s] DEBUG:colcon.colcon_core.event_handler.log_command:Invoking command in '/home/badri/new_ws/build/turtlebot3_fake_node': CMAKE_PREFIX_PATH=${CMAKE_PREFIX_PATH}:/home/badri/ros2_ws/install/casadi_mpc:/opt/ros/humble /usr/bin/cmake --build /home/badri/new_ws/build/turtlebot3_fake_node -- -j8 -l8
[0.529s] DEBUG:colcon.colcon_core.event_handler.log_command:Invoking command in '/home/badri/new_ws/build/turtlebot3_gazebo': CMAKE_PREFIX_PATH=${CMAKE_PREFIX_PATH}:/home/badri/ros2_ws/install/casadi_mpc:/opt/ros/humble /usr/bin/cmake --build /home/badri/new_ws/build/turtlebot3_gazebo -- -j8 -l8
[0.535s] DEBUG:colcon.colcon_core.event_handler.log_command:Invoking command in '/home/badri/new_ws/build/mapping': CMAKE_PREFIX_PATH=${CMAKE_PREFIX_PATH}:/home/badri/ros2_ws/install/casadi_mpc:/opt/ros/humble /usr/bin/cmake --build /home/badri/new_ws/build/mapping -- -j8 -l8
[0.543s] DEBUG:colcon.colcon_core.event_handler.log_command:Invoking command in '/home/badri/new_ws/build/path_planning': CMAKE_PREFIX_PATH=${CMAKE_PREFIX_PATH}:/home/badri/ros2_ws/install/casadi_mpc:/opt/ros/humble /usr/bin/cmake /home/badri/new_ws/src/path_planning -DCMAKE_INSTALL_PREFIX=/home/badri/new_ws/install/path_planning
[0.618s] DEBUG:colcon.colcon_core.event_handler.log_command:Invoked command in '/home/badri/new_ws/build/mapping' returned '0': CMAKE_PREFIX_PATH=${CMAKE_PREFIX_PATH}:/home/badri/ros2_ws/install/casadi_mpc:/opt/ros/humble /usr/bin/cmake --build /home/badri/new_ws/build/mapping -- -j8 -l8
[0.684s] DEBUG:colcon.colcon_core.event_handler.log_command:Invoking command in '/home/badri/new_ws/build/mapping': CMAKE_PREFIX_PATH=${CMAKE_PREFIX_PATH}:/home/badri/ros2_ws/install/casadi_mpc:/opt/ros/humble /usr/bin/cmake --install /home/badri/new_ws/build/mapping
[0.687s] DEBUG:colcon.colcon_core.event_handler.log_command:Invoked command in '/home/badri/new_ws/build/turtlebot3_fake_node' returned '0': CMAKE_PREFIX_PATH=${CMAKE_PREFIX_PATH}:/home/badri/ros2_ws/install/casadi_mpc:/opt/ros/humble /usr/bin/cmake --build /home/badri/new_ws/build/turtlebot3_fake_node -- -j8 -l8
[0.710s] DEBUG:colcon.colcon_core.event_handler.log_command:Invoked command in '/home/badri/new_ws/build/turtlebot3_gazebo' returned '0': CMAKE_PREFIX_PATH=${CMAKE_PREFIX_PATH}:/home/badri/ros2_ws/install/casadi_mpc:/opt/ros/humble /usr/bin/cmake --build /home/badri/new_ws/build/turtlebot3_gazebo -- -j8 -l8
[0.738s] DEBUG:colcon.colcon_core.event_handler.log_command:Invoking command in '/home/badri/new_ws/build/turtlebot3_fake_node': CMAKE_PREFIX_PATH=${CMAKE_PREFIX_PATH}:/home/badri/ros2_ws/install/casadi_mpc:/opt/ros/humble /usr/bin/cmake --install /home/badri/new_ws/build/turtlebot3_fake_node
[0.744s] Level 1:colcon.colcon_core.environment:create_environment_scripts_only(mapping)
[0.749s] DEBUG:colcon.colcon_core.event_handler.log_command:Invoked command in '/home/badri/new_ws/build/mapping' returned '0': CMAKE_PREFIX_PATH=${CMAKE_PREFIX_PATH}:/home/badri/ros2_ws/install/casadi_mpc:/opt/ros/humble /usr/bin/cmake --install /home/badri/new_ws/build/mapping
[0.754s] Level 1:colcon.colcon_core.environment:checking '/home/badri/new_ws/install/mapping' for CMake module files
[0.757s] Level 1:colcon.colcon_core.environment:checking '/home/badri/new_ws/install/mapping' for CMake config files
[0.762s] Level 1:colcon.colcon_core.shell:create_environment_hook('mapping', 'cmake_prefix_path')
[0.762s] INFO:colcon.colcon_core.shell:Creating environment hook '/home/badri/new_ws/install/mapping/share/mapping/hook/cmake_prefix_path.ps1'
[0.766s] INFO:colcon.colcon_core.shell:Creating environment descriptor '/home/badri/new_ws/install/mapping/share/mapping/hook/cmake_prefix_path.dsv'
[0.767s] INFO:colcon.colcon_core.shell:Creating environment hook '/home/badri/new_ws/install/mapping/share/mapping/hook/cmake_prefix_path.sh'
[0.769s] Level 1:colcon.colcon_core.environment:checking '/home/badri/new_ws/install/mapping/bin'
[0.770s] Level 1:colcon.colcon_core.environment:checking '/home/badri/new_ws/install/mapping/lib/pkgconfig/mapping.pc'
[0.770s] Level 1:colcon.colcon_core.environment:checking '/home/badri/new_ws/install/mapping/lib/python3.10/site-packages'
[0.771s] Level 1:colcon.colcon_core.environment:checking '/home/badri/new_ws/install/mapping/bin'
[0.771s] INFO:colcon.colcon_core.shell:Creating package script '/home/badri/new_ws/install/mapping/share/mapping/package.ps1'
[0.773s] INFO:colcon.colcon_core.shell:Creating package descriptor '/home/badri/new_ws/install/mapping/share/mapping/package.dsv'
[0.775s] INFO:colcon.colcon_core.shell:Creating package script '/home/badri/new_ws/install/mapping/share/mapping/package.sh'
[0.777s] INFO:colcon.colcon_core.shell:Creating package script '/home/badri/new_ws/install/mapping/share/mapping/package.bash'
[0.779s] INFO:colcon.colcon_core.shell:Creating package script '/home/badri/new_ws/install/mapping/share/mapping/package.zsh'
[0.781s] Level 1:colcon.colcon_core.environment:create_file_with_runtime_dependencies(/home/badri/new_ws/install/mapping/share/colcon-core/packages/mapping)
[0.784s] Level 1:colcon.colcon_core.environment:create_environment_scripts_only(turtlebot3_fake_node)
[0.785s] Level 1:colcon.colcon_core.environment:checking '/home/badri/new_ws/install/turtlebot3_fake_node' for CMake module files
[0.787s] DEBUG:colcon.colcon_core.event_handler.log_command:Invoked command in '/home/badri/new_ws/build/turtlebot3_fake_node' returned '0': CMAKE_PREFIX_PATH=${CMAKE_PREFIX_PATH}:/home/badri/ros2_ws/install/casadi_mpc:/opt/ros/humble /usr/bin/cmake --install /home/badri/new_ws/build/turtlebot3_fake_node
[0.788s] Level 1:colcon.colcon_core.environment:checking '/home/badri/new_ws/install/turtlebot3_fake_node' for CMake config files
[0.789s] Level 1:colcon.colcon_core.shell:create_environment_hook('turtlebot3_fake_node', 'cmake_prefix_path')
[0.789s] INFO:colcon.colcon_core.shell:Creating environment hook '/home/badri/new_ws/install/turtlebot3_fake_node/share/turtlebot3_fake_node/hook/cmake_prefix_path.ps1'
[0.790s] INFO:colcon.colcon_core.shell:Creating environment descriptor '/home/badri/new_ws/install/turtlebot3_fake_node/share/turtlebot3_fake_node/hook/cmake_prefix_path.dsv'
[0.791s] INFO:colcon.colcon_core.shell:Creating environment hook '/home/badri/new_ws/install/turtlebot3_fake_node/share/turtlebot3_fake_node/hook/cmake_prefix_path.sh'
[0.791s] Level 1:colcon.colcon_core.environment:checking '/home/badri/new_ws/install/turtlebot3_fake_node/lib'
[0.792s] Level 1:colcon.colcon_core.environment:checking '/home/badri/new_ws/install/turtlebot3_fake_node/bin'
[0.792s] Level 1:colcon.colcon_core.environment:checking '/home/badri/new_ws/install/turtlebot3_fake_node/lib/pkgconfig/turtlebot3_fake_node.pc'
[0.792s] Level 1:colcon.colcon_core.environment:checking '/home/badri/new_ws/install/turtlebot3_fake_node/lib/python3.10/site-packages'
[0.792s] Level 1:colcon.colcon_core.environment:checking '/home/badri/new_ws/install/turtlebot3_fake_node/bin'
[0.793s] INFO:colcon.colcon_core.shell:Creating package script '/home/badri/new_ws/install/turtlebot3_fake_node/share/turtlebot3_fake_node/package.ps1'
[0.793s] INFO:colcon.colcon_core.shell:Creating package descriptor '/home/badri/new_ws/install/turtlebot3_fake_node/share/turtlebot3_fake_node/package.dsv'
[0.794s] INFO:colcon.colcon_core.shell:Creating package script '/home/badri/new_ws/install/turtlebot3_fake_node/share/turtlebot3_fake_node/package.sh'
[0.795s] INFO:colcon.colcon_core.shell:Creating package script '/home/badri/new_ws/install/turtlebot3_fake_node/share/turtlebot3_fake_node/package.bash'
[0.795s] INFO:colcon.colcon_core.shell:Creating package script '/home/badri/new_ws/install/turtlebot3_fake_node/share/turtlebot3_fake_node/package.zsh'
[0.796s] Level 1:colcon.colcon_core.environment:create_file_with_runtime_dependencies(/home/badri/new_ws/install/turtlebot3_fake_node/share/colcon-core/packages/turtlebot3_fake_node)
[0.801s] DEBUG:colcon.colcon_core.event_handler.log_command:Invoking command in '/home/badri/new_ws/build/turtlebot3_gazebo': CMAKE_PREFIX_PATH=${CMAKE_PREFIX_PATH}:/home/badri/ros2_ws/install/casadi_mpc:/opt/ros/humble /usr/bin/cmake --install /home/badri/new_ws/build/turtlebot3_gazebo
[0.818s] Level 1:colcon.colcon_core.environment:create_environment_scripts_only(mapping)
[0.819s] Level 1:colcon.colcon_core.environment:checking '/home/badri/new_ws/install/mapping' for CMake module files
[0.821s] Level 1:colcon.colcon_core.environment:checking '/home/badri/new_ws/install/mapping' for CMake config files
[0.823s] Level 1:colcon.colcon_core.shell:create_environment_hook('mapping', 'cmake_prefix_path')
[0.824s] INFO:colcon.colcon_core.shell:Creating environment hook '/home/badri/new_ws/install/mapping/share/mapping/hook/cmake_prefix_path.ps1'
[0.825s] INFO:colcon.colcon_core.shell:Creating environment descriptor '/home/badri/new_ws/install/mapping/share/mapping/hook/cmake_prefix_path.dsv'
[0.827s] INFO:colcon.colcon_core.shell:Creating environment hook '/home/badri/new_ws/install/mapping/share/mapping/hook/cmake_prefix_path.sh'
[0.830s] Level 1:colcon.colcon_core.environment:checking '/home/badri/new_ws/install/mapping/bin'
[0.831s] Level 1:colcon.colcon_core.environment:checking '/home/badri/new_ws/install/mapping/lib/pkgconfig/mapping.pc'
[0.831s] Level 1:colcon.colcon_core.environment:checking '/home/badri/new_ws/install/mapping/lib/python3.10/site-packages'
[0.832s] Level 1:colcon.colcon_core.environment:checking '/home/badri/new_ws/install/mapping/bin'
[0.832s] INFO:colcon.colcon_core.shell:Creating package script '/home/badri/new_ws/install/mapping/share/mapping/package.ps1'
[0.833s] INFO:colcon.colcon_core.shell:Creating package descriptor '/home/badri/new_ws/install/mapping/share/mapping/package.dsv'
[0.835s] INFO:colcon.colcon_core.shell:Creating package script '/home/badri/new_ws/install/mapping/share/mapping/package.sh'
[0.837s] INFO:colcon.colcon_core.shell:Creating package script '/home/badri/new_ws/install/mapping/share/mapping/package.bash'
[0.840s] INFO:colcon.colcon_core.shell:Creating package script '/home/badri/new_ws/install/mapping/share/mapping/package.zsh'
[0.841s] Level 1:colcon.colcon_core.environment:create_file_with_runtime_dependencies(/home/badri/new_ws/install/mapping/share/colcon-core/packages/mapping)
[0.843s] Level 1:colcon.colcon_core.environment:create_environment_scripts_only(turtlebot3_fake_node)
[0.844s] Level 1:colcon.colcon_core.environment:checking '/home/badri/new_ws/install/turtlebot3_fake_node' for CMake module files
[0.845s] Level 1:colcon.colcon_core.environment:checking '/home/badri/new_ws/install/turtlebot3_fake_node' for CMake config files
[0.848s] Level 1:colcon.colcon_core.shell:create_environment_hook('turtlebot3_fake_node', 'cmake_prefix_path')
[0.848s] INFO:colcon.colcon_core.shell:Creating environment hook '/home/badri/new_ws/install/turtlebot3_fake_node/share/turtlebot3_fake_node/hook/cmake_prefix_path.ps1'
[0.849s] INFO:colcon.colcon_core.shell:Creating environment descriptor '/home/badri/new_ws/install/turtlebot3_fake_node/share/turtlebot3_fake_node/hook/cmake_prefix_path.dsv'
[0.851s] INFO:colcon.colcon_core.shell:Creating environment hook '/home/badri/new_ws/install/turtlebot3_fake_node/share/turtlebot3_fake_node/hook/cmake_prefix_path.sh'
[0.852s] Level 1:colcon.colcon_core.environment:checking '/home/badri/new_ws/install/turtlebot3_fake_node/lib'
[0.852s] Level 1:colcon.colcon_core.environment:checking '/home/badri/new_ws/install/turtlebot3_fake_node/bin'
[0.853s] Level 1:colcon.colcon_core.environment:checking '/home/badri/new_ws/install/turtlebot3_fake_node/lib/pkgconfig/turtlebot3_fake_node.pc'
[0.853s] Level 1:colcon.colcon_core.environment:checking '/home/badri/new_ws/install/turtlebot3_fake_node/lib/python3.10/site-packages'
[0.853s] Level 1:colcon.colcon_core.environment:checking '/home/badri/new_ws/install/turtlebot3_fake_node/bin'
[0.854s] INFO:colcon.colcon_core.shell:Creating package script '/home/badri/new_ws/install/turtlebot3_fake_node/share/turtlebot3_fake_node/package.ps1'
[0.855s] INFO:colcon.colcon_core.shell:Creating package descriptor '/home/badri/new_ws/install/turtlebot3_fake_node/share/turtlebot3_fake_node/package.dsv'
[0.855s] INFO:colcon.colcon_core.shell:Creating package script '/home/badri/new_ws/install/turtlebot3_fake_node/share/turtlebot3_fake_node/package.sh'
[0.856s] INFO:colcon.colcon_core.shell:Creating package script '/home/badri/new_ws/install/turtlebot3_fake_node/share/turtlebot3_fake_node/package.bash'
[0.857s] INFO:colcon.colcon_core.shell:Creating package script '/home/badri/new_ws/install/turtlebot3_fake_node/share/turtlebot3_fake_node/package.zsh'
[0.857s] Level 1:colcon.colcon_core.environment:create_file_with_runtime_dependencies(/home/badri/new_ws/install/turtlebot3_fake_node/share/colcon-core/packages/turtlebot3_fake_node)
[0.858s] Level 1:colcon.colcon_core.environment:create_environment_scripts_only(turtlebot3_gazebo)
[0.858s] Level 1:colcon.colcon_core.environment:checking '/home/badri/new_ws/install/turtlebot3_gazebo' for CMake module files
[0.860s] DEBUG:colcon.colcon_core.event_handler.log_command:Invoked command in '/home/badri/new_ws/build/turtlebot3_gazebo' returned '0': CMAKE_PREFIX_PATH=${CMAKE_PREFIX_PATH}:/home/badri/ros2_ws/install/casadi_mpc:/opt/ros/humble /usr/bin/cmake --install /home/badri/new_ws/build/turtlebot3_gazebo
[0.860s] Level 1:colcon.colcon_core.environment:checking '/home/badri/new_ws/install/turtlebot3_gazebo' for CMake config files
[0.861s] Level 1:colcon.colcon_core.shell:create_environment_hook('turtlebot3_gazebo', 'cmake_prefix_path')
[0.862s] INFO:colcon.colcon_core.shell:Creating environment hook '/home/badri/new_ws/install/turtlebot3_gazebo/share/turtlebot3_gazebo/hook/cmake_prefix_path.ps1'
[0.862s] INFO:colcon.colcon_core.shell:Creating environment descriptor '/home/badri/new_ws/install/turtlebot3_gazebo/share/turtlebot3_gazebo/hook/cmake_prefix_path.dsv'
[0.863s] INFO:colcon.colcon_core.shell:Creating environment hook '/home/badri/new_ws/install/turtlebot3_gazebo/share/turtlebot3_gazebo/hook/cmake_prefix_path.sh'
[0.864s] Level 1:colcon.colcon_core.environment:checking '/home/badri/new_ws/install/turtlebot3_gazebo/lib'
[0.864s] Level 1:colcon.colcon_core.environment:checking '/home/badri/new_ws/install/turtlebot3_gazebo/bin'
[0.864s] Level 1:colcon.colcon_core.environment:checking '/home/badri/new_ws/install/turtlebot3_gazebo/lib/pkgconfig/turtlebot3_gazebo.pc'
[0.865s] Level 1:colcon.colcon_core.environment:checking '/home/badri/new_ws/install/turtlebot3_gazebo/lib/python3.10/site-packages'
[0.865s] Level 1:colcon.colcon_core.environment:checking '/home/badri/new_ws/install/turtlebot3_gazebo/bin'
[0.866s] INFO:colcon.colcon_core.shell:Creating package script '/home/badri/new_ws/install/turtlebot3_gazebo/share/turtlebot3_gazebo/package.ps1'
[0.867s] INFO:colcon.colcon_core.shell:Creating package descriptor '/home/badri/new_ws/install/turtlebot3_gazebo/share/turtlebot3_gazebo/package.dsv'
[0.867s] INFO:colcon.colcon_core.shell:Creating package script '/home/badri/new_ws/install/turtlebot3_gazebo/share/turtlebot3_gazebo/package.sh'
[0.868s] INFO:colcon.colcon_core.shell:Creating package script '/home/badri/new_ws/install/turtlebot3_gazebo/share/turtlebot3_gazebo/package.bash'
[0.868s] INFO:colcon.colcon_core.shell:Creating package script '/home/badri/new_ws/install/turtlebot3_gazebo/share/turtlebot3_gazebo/package.zsh'
[0.869s] Level 1:colcon.colcon_core.environment:create_file_with_runtime_dependencies(/home/badri/new_ws/install/turtlebot3_gazebo/share/colcon-core/packages/turtlebot3_gazebo)
[0.921s] Level 1:colcon.colcon_core.environment:create_environment_scripts_only(turtlebot3_gazebo)
[0.921s] Level 1:colcon.colcon_core.environment:checking '/home/badri/new_ws/install/turtlebot3_gazebo' for CMake module files
[0.922s] Level 1:colcon.colcon_core.environment:checking '/home/badri/new_ws/install/turtlebot3_gazebo' for CMake config files
[0.923s] Level 1:colcon.colcon_core.shell:create_environment_hook('turtlebot3_gazebo', 'cmake_prefix_path')
[0.924s] INFO:colcon.colcon_core.shell:Creating environment hook '/home/badri/new_ws/install/turtlebot3_gazebo/share/turtlebot3_gazebo/hook/cmake_prefix_path.ps1'
[0.930s] INFO:colcon.colcon_core.shell:Creating environment descriptor '/home/badri/new_ws/install/turtlebot3_gazebo/share/turtlebot3_gazebo/hook/cmake_prefix_path.dsv'
[0.930s] INFO:colcon.colcon_core.shell:Creating environment hook '/home/badri/new_ws/install/turtlebot3_gazebo/share/turtlebot3_gazebo/hook/cmake_prefix_path.sh'
[0.931s] Level 1:colcon.colcon_core.environment:checking '/home/badri/new_ws/install/turtlebot3_gazebo/lib'
[0.931s] Level 1:colcon.colcon_core.environment:checking '/home/badri/new_ws/install/turtlebot3_gazebo/bin'
[0.932s] Level 1:colcon.colcon_core.environment:checking '/home/badri/new_ws/install/turtlebot3_gazebo/lib/pkgconfig/turtlebot3_gazebo.pc'
[0.932s] Level 1:colcon.colcon_core.environment:checking '/home/badri/new_ws/install/turtlebot3_gazebo/lib/python3.10/site-packages'
[0.932s] Level 1:colcon.colcon_core.environment:checking '/home/badri/new_ws/install/turtlebot3_gazebo/bin'
[0.933s] INFO:colcon.colcon_core.shell:Creating package script '/home/badri/new_ws/install/turtlebot3_gazebo/share/turtlebot3_gazebo/package.ps1'
[0.934s] INFO:colcon.colcon_core.shell:Creating package descriptor '/home/badri/new_ws/install/turtlebot3_gazebo/share/turtlebot3_gazebo/package.dsv'
[0.935s] INFO:colcon.colcon_core.shell:Creating package script '/home/badri/new_ws/install/turtlebot3_gazebo/share/turtlebot3_gazebo/package.sh'
[0.935s] INFO:colcon.colcon_core.shell:Creating package script '/home/badri/new_ws/install/turtlebot3_gazebo/share/turtlebot3_gazebo/package.bash'
[0.936s] INFO:colcon.colcon_core.shell:Creating package script '/home/badri/new_ws/install/turtlebot3_gazebo/share/turtlebot3_gazebo/package.zsh'
[0.937s] Level 1:colcon.colcon_core.environment:create_file_with_runtime_dependencies(/home/badri/new_ws/install/turtlebot3_gazebo/share/colcon-core/packages/turtlebot3_gazebo)
[0.938s] INFO:colcon.colcon_ros.task.ament_cmake.build:Building ROS package in '/home/badri/new_ws/src/turtlebot3_simulations/turtlebot3_simulations' with build type 'ament_cmake'
[0.938s] INFO:colcon.colcon_cmake.task.cmake.build:Building CMake package in '/home/badri/new_ws/src/turtlebot3_simulations/turtlebot3_simulations'
[0.938s] INFO:colcon.colcon_core.shell:Skip shell extension 'powershell' for command environment: Not usable outside of PowerShell
[0.938s] DEBUG:colcon.colcon_core.shell:Skip shell extension 'dsv' for command environment
[0.956s] DEBUG:colcon.colcon_core.event_handler.log_command:Invoking command in '/home/badri/new_ws/build/turtlebot3_simulations': AMENT_PREFIX_PATH=/home/badri/new_ws/install/turtlebot3_gazebo:/home/badri/new_ws/install/turtlebot3_fake_node:${AMENT_PREFIX_PATH} CMAKE_PREFIX_PATH=/home/badri/new_ws/install/turtlebot3_gazebo:/home/badri/new_ws/install/turtlebot3_fake_node:/home/badri/ros2_ws/install/tb3_robot_bringup:/home/badri/ros2_ws/install/tb3_robot:/home/badri/ros2_ws/install/gain_sch:/home/badri/ros2_ws/install/casadi_mpc:/opt/ros/humble /usr/bin/cmake --build /home/badri/new_ws/build/turtlebot3_simulations -- -j8 -l8
[1.008s] DEBUG:colcon.colcon_core.event_handler.log_command:Invoked command in '/home/badri/new_ws/build/turtlebot3_simulations' returned '0': AMENT_PREFIX_PATH=/home/badri/new_ws/install/turtlebot3_gazebo:/home/badri/new_ws/install/turtlebot3_fake_node:${AMENT_PREFIX_PATH} CMAKE_PREFIX_PATH=/home/badri/new_ws/install/turtlebot3_gazebo:/home/badri/new_ws/install/turtlebot3_fake_node:/home/badri/ros2_ws/install/tb3_robot_bringup:/home/badri/ros2_ws/install/tb3_robot:/home/badri/ros2_ws/install/gain_sch:/home/badri/ros2_ws/install/casadi_mpc:/opt/ros/humble /usr/bin/cmake --build /home/badri/new_ws/build/turtlebot3_simulations -- -j8 -l8
[1.043s] DEBUG:colcon.colcon_core.event_handler.log_command:Invoking command in '/home/badri/new_ws/build/turtlebot3_simulations': AMENT_PREFIX_PATH=/home/badri/new_ws/install/turtlebot3_gazebo:/home/badri/new_ws/install/turtlebot3_fake_node:${AMENT_PREFIX_PATH} CMAKE_PREFIX_PATH=/home/badri/new_ws/install/turtlebot3_gazebo:/home/badri/new_ws/install/turtlebot3_fake_node:/home/badri/ros2_ws/install/tb3_robot_bringup:/home/badri/ros2_ws/install/tb3_robot:/home/badri/ros2_ws/install/gain_sch:/home/badri/ros2_ws/install/casadi_mpc:/opt/ros/humble /usr/bin/cmake --install /home/badri/new_ws/build/turtlebot3_simulations
[1.058s] Level 1:colcon.colcon_core.environment:create_environment_scripts_only(turtlebot3_simulations)
[1.059s] Level 1:colcon.colcon_core.environment:checking '/home/badri/new_ws/install/turtlebot3_simulations' for CMake module files
[1.059s] DEBUG:colcon.colcon_core.event_handler.log_command:Invoked command in '/home/badri/new_ws/build/turtlebot3_simulations' returned '0': AMENT_PREFIX_PATH=/home/badri/new_ws/install/turtlebot3_gazebo:/home/badri/new_ws/install/turtlebot3_fake_node:${AMENT_PREFIX_PATH} CMAKE_PREFIX_PATH=/home/badri/new_ws/install/turtlebot3_gazebo:/home/badri/new_ws/install/turtlebot3_fake_node:/home/badri/ros2_ws/install/tb3_robot_bringup:/home/badri/ros2_ws/install/tb3_robot:/home/badri/ros2_ws/install/gain_sch:/home/badri/ros2_ws/install/casadi_mpc:/opt/ros/humble /usr/bin/cmake --install /home/badri/new_ws/build/turtlebot3_simulations
[1.060s] Level 1:colcon.colcon_core.environment:checking '/home/badri/new_ws/install/turtlebot3_simulations' for CMake config files
[1.060s] Level 1:colcon.colcon_core.shell:create_environment_hook('turtlebot3_simulations', 'cmake_prefix_path')
[1.061s] INFO:colcon.colcon_core.shell:Creating environment hook '/home/badri/new_ws/install/turtlebot3_simulations/share/turtlebot3_simulations/hook/cmake_prefix_path.ps1'
[1.061s] INFO:colcon.colcon_core.shell:Creating environment descriptor '/home/badri/new_ws/install/turtlebot3_simulations/share/turtlebot3_simulations/hook/cmake_prefix_path.dsv'
[1.062s] INFO:colcon.colcon_core.shell:Creating environment hook '/home/badri/new_ws/install/turtlebot3_simulations/share/turtlebot3_simulations/hook/cmake_prefix_path.sh'
[1.062s] Level 1:colcon.colcon_core.environment:checking '/home/badri/new_ws/install/turtlebot3_simulations/bin'
[1.062s] Level 1:colcon.colcon_core.environment:checking '/home/badri/new_ws/install/turtlebot3_simulations/lib/pkgconfig/turtlebot3_simulations.pc'
[1.063s] Level 1:colcon.colcon_core.environment:checking '/home/badri/new_ws/install/turtlebot3_simulations/lib/python3.10/site-packages'
[1.063s] Level 1:colcon.colcon_core.environment:checking '/home/badri/new_ws/install/turtlebot3_simulations/bin'
[1.063s] INFO:colcon.colcon_core.shell:Creating package script '/home/badri/new_ws/install/turtlebot3_simulations/share/turtlebot3_simulations/package.ps1'
[1.064s] INFO:colcon.colcon_core.shell:Creating package descriptor '/home/badri/new_ws/install/turtlebot3_simulations/share/turtlebot3_simulations/package.dsv'
[1.065s] INFO:colcon.colcon_core.shell:Creating package script '/home/badri/new_ws/install/turtlebot3_simulations/share/turtlebot3_simulations/package.sh'
[1.065s] INFO:colcon.colcon_core.shell:Creating package script '/home/badri/new_ws/install/turtlebot3_simulations/share/turtlebot3_simulations/package.bash'
[1.066s] INFO:colcon.colcon_core.shell:Creating package script '/home/badri/new_ws/install/turtlebot3_simulations/share/turtlebot3_simulations/package.zsh'
[1.066s] Level 1:colcon.colcon_core.environment:create_file_with_runtime_dependencies(/home/badri/new_ws/install/turtlebot3_simulations/share/colcon-core/packages/turtlebot3_simulations)
[1.100s] Level 1:colcon.colcon_core.environment:create_environment_scripts_only(turtlebot3_simulations)
[1.101s] Level 1:colcon.colcon_core.environment:checking '/home/badri/new_ws/install/turtlebot3_simulations' for CMake module files
[1.102s] Level 1:colcon.colcon_core.environment:checking '/home/badri/new_ws/install/turtlebot3_simulations' for CMake config files
[1.102s] Level 1:colcon.colcon_core.shell:create_environment_hook('turtlebot3_simulations', 'cmake_prefix_path')
[1.103s] INFO:colcon.colcon_core.shell:Creating environment hook '/home/badri/new_ws/install/turtlebot3_simulations/share/turtlebot3_simulations/hook/cmake_prefix_path.ps1'
[1.104s] INFO:colcon.colcon_core.shell:Creating environment descriptor '/home/badri/new_ws/install/turtlebot3_simulations/share/turtlebot3_simulations/hook/cmake_prefix_path.dsv'
[1.105s] INFO:colcon.colcon_core.shell:Creating environment hook '/home/badri/new_ws/install/turtlebot3_simulations/share/turtlebot3_simulations/hook/cmake_prefix_path.sh'
[1.106s] Level 1:colcon.colcon_core.environment:checking '/home/badri/new_ws/install/turtlebot3_simulations/bin'
[1.106s] Level 1:colcon.colcon_core.environment:checking '/home/badri/new_ws/install/turtlebot3_simulations/lib/pkgconfig/turtlebot3_simulations.pc'
[1.107s] Level 1:colcon.colcon_core.environment:checking '/home/badri/new_ws/install/turtlebot3_simulations/lib/python3.10/site-packages'
[1.108s] Level 1:colcon.colcon_core.environment:checking '/home/badri/new_ws/install/turtlebot3_simulations/bin'
[1.109s] INFO:colcon.colcon_core.shell:Creating package script '/home/badri/new_ws/install/turtlebot3_simulations/share/turtlebot3_simulations/package.ps1'
[1.110s] INFO:colcon.colcon_core.shell:Creating package descriptor '/home/badri/new_ws/install/turtlebot3_simulations/share/turtlebot3_simulations/package.dsv'
[1.111s] INFO:colcon.colcon_core.shell:Creating package script '/home/badri/new_ws/install/turtlebot3_simulations/share/turtlebot3_simulations/package.sh'
[1.112s] INFO:colcon.colcon_core.shell:Creating package script '/home/badri/new_ws/install/turtlebot3_simulations/share/turtlebot3_simulations/package.bash'
[1.113s] INFO:colcon.colcon_core.shell:Creating package script '/home/badri/new_ws/install/turtlebot3_simulations/share/turtlebot3_simulations/package.zsh'
[1.113s] Level 1:colcon.colcon_core.environment:create_file_with_runtime_dependencies(/home/badri/new_ws/install/turtlebot3_simulations/share/colcon-core/packages/turtlebot3_simulations)
[3.287s] DEBUG:colcon.colcon_core.event_handler.log_command:Invoked command in '/home/badri/new_ws/build/path_planning' returned '0': CMAKE_PREFIX_PATH=${CMAKE_PREFIX_PATH}:/home/badri/ros2_ws/install/casadi_mpc:/opt/ros/humble /usr/bin/cmake /home/badri/new_ws/src/path_planning -DCMAKE_INSTALL_PREFIX=/home/badri/new_ws/install/path_planning
[3.289s] DEBUG:colcon.colcon_core.event_handler.log_command:Invoking command in '/home/badri/new_ws/build/path_planning': CMAKE_PREFIX_PATH=${CMAKE_PREFIX_PATH}:/home/badri/ros2_ws/install/casadi_mpc:/opt/ros/humble /usr/bin/cmake --build /home/badri/new_ws/build/path_planning -- -j8 -l8
[16.378s] DEBUG:colcon.colcon_core.event_handler.log_command:Invoked command in '/home/badri/new_ws/build/path_planning' returned '0': CMAKE_PREFIX_PATH=${CMAKE_PREFIX_PATH}:/home/badri/ros2_ws/install/casadi_mpc:/opt/ros/humble /usr/bin/cmake --build /home/badri/new_ws/build/path_planning -- -j8 -l8
[16.482s] DEBUG:colcon.colcon_core.event_handler.log_command:Invoking command in '/home/badri/new_ws/build/path_planning': CMAKE_PREFIX_PATH=${CMAKE_PREFIX_PATH}:/home/badri/ros2_ws/install/casadi_mpc:/opt/ros/humble /usr/bin/cmake --install /home/badri/new_ws/build/path_planning
[16.542s] Level 1:colcon.colcon_core.environment:create_environment_scripts_only(path_planning)
[16.543s] Level 1:colcon.colcon_core.environment:checking '/home/badri/new_ws/install/path_planning' for CMake module files
[16.545s] DEBUG:colcon.colcon_core.event_handler.log_command:Invoked command in '/home/badri/new_ws/build/path_planning' returned '0': CMAKE_PREFIX_PATH=${CMAKE_PREFIX_PATH}:/home/badri/ros2_ws/install/casadi_mpc:/opt/ros/humble /usr/bin/cmake --install /home/badri/new_ws/build/path_planning
[16.546s] Level 1:colcon.colcon_core.environment:checking '/home/badri/new_ws/install/path_planning' for CMake config files
[16.548s] Level 1:colcon.colcon_core.shell:create_environment_hook('path_planning', 'cmake_prefix_path')
[16.549s] INFO:colcon.colcon_core.shell:Creating environment hook '/home/badri/new_ws/install/path_planning/share/path_planning/hook/cmake_prefix_path.ps1'
[16.550s] INFO:colcon.colcon_core.shell:Creating environment descriptor '/home/badri/new_ws/install/path_planning/share/path_planning/hook/cmake_prefix_path.dsv'
[16.552s] INFO:colcon.colcon_core.shell:Creating environment hook '/home/badri/new_ws/install/path_planning/share/path_planning/hook/cmake_prefix_path.sh'
[16.554s] Level 1:colcon.colcon_core.environment:checking '/home/badri/new_ws/install/path_planning/lib'
[16.554s] Level 1:colcon.colcon_core.environment:checking '/home/badri/new_ws/install/path_planning/bin'
[16.554s] Level 1:colcon.colcon_core.environment:checking '/home/badri/new_ws/install/path_planning/lib/pkgconfig/path_planning.pc'
[16.555s] Level 1:colcon.colcon_core.environment:checking '/home/badri/new_ws/install/path_planning/lib/python3.10/site-packages'
[16.556s] Level 1:colcon.colcon_core.environment:checking '/home/badri/new_ws/install/path_planning/bin'
[16.557s] INFO:colcon.colcon_core.shell:Creating package script '/home/badri/new_ws/install/path_planning/share/path_planning/package.ps1'
[16.558s] INFO:colcon.colcon_core.shell:Creating package descriptor '/home/badri/new_ws/install/path_planning/share/path_planning/package.dsv'
[16.560s] INFO:colcon.colcon_core.shell:Creating package script '/home/badri/new_ws/install/path_planning/share/path_planning/package.sh'
[16.561s] INFO:colcon.colcon_core.shell:Creating package script '/home/badri/new_ws/install/path_planning/share/path_planning/package.bash'
[16.562s] INFO:colcon.colcon_core.shell:Creating package script '/home/badri/new_ws/install/path_planning/share/path_planning/package.zsh'
[16.563s] Level 1:colcon.colcon_core.environment:create_file_with_runtime_dependencies(/home/badri/new_ws/install/path_planning/share/colcon-core/packages/path_planning)
[16.740s] Level 1:colcon.colcon_core.environment:create_environment_scripts_only(path_planning)
[16.741s] Level 1:colcon.colcon_core.environment:checking '/home/badri/new_ws/install/path_planning' for CMake module files
[16.743s] Level 1:colcon.colcon_core.environment:checking '/home/badri/new_ws/install/path_planning' for CMake config files
[16.743s] Level 1:colcon.colcon_core.shell:create_environment_hook('path_planning', 'cmake_prefix_path')
[16.744s] INFO:colcon.colcon_core.shell:Creating environment hook '/home/badri/new_ws/install/path_planning/share/path_planning/hook/cmake_prefix_path.ps1'
[16.746s] INFO:colcon.colcon_core.shell:Creating environment descriptor '/home/badri/new_ws/install/path_planning/share/path_planning/hook/cmake_prefix_path.dsv'
[16.747s] INFO:colcon.colcon_core.shell:Creating environment hook '/home/badri/new_ws/install/path_planning/share/path_planning/hook/cmake_prefix_path.sh'
[16.749s] Level 1:colcon.colcon_core.environment:checking '/home/badri/new_ws/install/path_planning/lib'
[16.750s] Level 1:colcon.colcon_core.environment:checking '/home/badri/new_ws/install/path_planning/bin'
[16.750s] Level 1:colcon.colcon_core.environment:checking '/home/badri/new_ws/install/path_planning/lib/pkgconfig/path_planning.pc'
[16.751s] Level 1:colcon.colcon_core.environment:checking '/home/badri/new_ws/install/path_planning/lib/python3.10/site-packages'
[16.752s] Level 1:colcon.colcon_core.environment:checking '/home/badri/new_ws/install/path_planning/bin'
[16.753s] INFO:colcon.colcon_core.shell:Creating package script '/home/badri/new_ws/install/path_planning/share/path_planning/package.ps1'
[16.754s] INFO:colcon.colcon_core.shell:Creating package descriptor '/home/badri/new_ws/install/path_planning/share/path_planning/package.dsv'
[16.756s] INFO:colcon.colcon_core.shell:Creating package script '/home/badri/new_ws/install/path_planning/share/path_planning/package.sh'
[16.757s] INFO:colcon.colcon_core.shell:Creating package script '/home/badri/new_ws/install/path_planning/share/path_planning/package.bash'
[16.759s] INFO:colcon.colcon_core.shell:Creating package script '/home/badri/new_ws/install/path_planning/share/path_planning/package.zsh'
[16.760s] Level 1:colcon.colcon_core.environment:create_file_with_runtime_dependencies(/home/badri/new_ws/install/path_planning/share/colcon-core/packages/path_planning)
[16.761s] DEBUG:colcon.colcon_parallel_executor.executor.parallel:closing loop
[16.762s] DEBUG:colcon.colcon_parallel_executor.executor.parallel:loop closed
[16.762s] DEBUG:colcon.colcon_parallel_executor.executor.parallel:run_until_complete finished with '0'
[16.762s] DEBUG:colcon.colcon_core.event_reactor:joining thread
[16.781s] INFO:colcon.colcon_core.plugin_system:Skipping extension 'colcon_notification.desktop_notification.terminal_notifier': Not used on non-Darwin systems
[16.782s] INFO:colcon.colcon_core.plugin_system:Skipping extension 'colcon_notification.desktop_notification.win32': Not used on non-Windows systems
[16.782s] INFO:colcon.colcon_notification.desktop_notification:Sending desktop notification using 'notify2'
[16.875s] DEBUG:colcon.colcon_core.event_reactor:joined thread
[16.877s] INFO:colcon.colcon_core.shell:Creating prefix script '/home/badri/new_ws/install/local_setup.ps1'
[16.881s] INFO:colcon.colcon_core.shell:Creating prefix util module '/home/badri/new_ws/install/_local_setup_util_ps1.py'
[16.889s] INFO:colcon.colcon_core.shell:Creating prefix chain script '/home/badri/new_ws/install/setup.ps1'
[16.894s] INFO:colcon.colcon_core.shell:Creating prefix script '/home/badri/new_ws/install/local_setup.sh'
[16.896s] INFO:colcon.colcon_core.shell:Creating prefix util module '/home/badri/new_ws/install/_local_setup_util_sh.py'
[16.899s] INFO:colcon.colcon_core.shell:Creating prefix chain script '/home/badri/new_ws/install/setup.sh'
[16.904s] INFO:colcon.colcon_core.shell:Creating prefix script '/home/badri/new_ws/install/local_setup.bash'
[16.907s] INFO:colcon.colcon_core.shell:Creating prefix chain script '/home/badri/new_ws/install/setup.bash'
[16.913s] INFO:colcon.colcon_core.shell:Creating prefix script '/home/badri/new_ws/install/local_setup.zsh'
[16.916s] INFO:colcon.colcon_core.shell:Creating prefix chain script '/home/badri/new_ws/install/setup.zsh'
