[0.017s] Invoking command in '/home/badri/new_ws/build/turtlebot3_simulations': CMAKE_PREFIX_PATH=/home/badri/new_ws/install/turtlebot3_gazebo:/home/badri/new_ws/install/turtlebot3_fake_node:/home/badri/new_ws/install/turtlebot3_simulations:/home/badri/new_ws/install/path_planning:/home/badri/new_ws/install/mapping:/home/badri/ros2_ws/install/tb3_robot_bringup:/home/badri/ros2_ws/install/tb3_robot:/home/badri/ros2_ws/install/gain_sch:/home/badri/ros2_ws/install/casadi_mpc:/opt/ros/humble /usr/bin/cmake --build /home/badri/new_ws/build/turtlebot3_simulations -- -j8 -l8
[0.077s] Invoked command in '/home/badri/new_ws/build/turtlebot3_simulations' returned '0': CMAKE_PREFIX_PATH=/home/badri/new_ws/install/turtlebot3_gazebo:/home/badri/new_ws/install/turtlebot3_fake_node:/home/badri/new_ws/install/turtlebot3_simulations:/home/badri/new_ws/install/path_planning:/home/badri/new_ws/install/mapping:/home/badri/ros2_ws/install/tb3_robot_bringup:/home/badri/ros2_ws/install/tb3_robot:/home/badri/ros2_ws/install/gain_sch:/home/badri/ros2_ws/install/casadi_mpc:/opt/ros/humble /usr/bin/cmake --build /home/badri/new_ws/build/turtlebot3_simulations -- -j8 -l8
[0.109s] Invoking command in '/home/badri/new_ws/build/turtlebot3_simulations': CMAKE_PREFIX_PATH=/home/badri/new_ws/install/turtlebot3_gazebo:/home/badri/new_ws/install/turtlebot3_fake_node:/home/badri/new_ws/install/turtlebot3_simulations:/home/badri/new_ws/install/path_planning:/home/badri/new_ws/install/mapping:/home/badri/ros2_ws/install/tb3_robot_bringup:/home/badri/ros2_ws/install/tb3_robot:/home/badri/ros2_ws/install/gain_sch:/home/badri/ros2_ws/install/casadi_mpc:/opt/ros/humble /usr/bin/cmake --install /home/badri/new_ws/build/turtlebot3_simulations
[0.120s] -- Install configuration: ""
[0.120s] -- Up-to-date: /home/badri/new_ws/install/turtlebot3_simulations/share/ament_index/resource_index/package_run_dependencies/turtlebot3_simulations
[0.120s] -- Up-to-date: /home/badri/new_ws/install/turtlebot3_simulations/share/ament_index/resource_index/parent_prefix_path/turtlebot3_simulations
[0.120s] -- Up-to-date: /home/badri/new_ws/install/turtlebot3_simulations/share/turtlebot3_simulations/environment/ament_prefix_path.sh
[0.120s] -- Up-to-date: /home/badri/new_ws/install/turtlebot3_simulations/share/turtlebot3_simulations/environment/ament_prefix_path.dsv
[0.120s] -- Up-to-date: /home/badri/new_ws/install/turtlebot3_simulations/share/turtlebot3_simulations/environment/path.sh
[0.121s] -- Up-to-date: /home/badri/new_ws/install/turtlebot3_simulations/share/turtlebot3_simulations/environment/path.dsv
[0.121s] -- Up-to-date: /home/badri/new_ws/install/turtlebot3_simulations/share/turtlebot3_simulations/local_setup.bash
[0.121s] -- Up-to-date: /home/badri/new_ws/install/turtlebot3_simulations/share/turtlebot3_simulations/local_setup.sh
[0.121s] -- Up-to-date: /home/badri/new_ws/install/turtlebot3_simulations/share/turtlebot3_simulations/local_setup.zsh
[0.121s] -- Up-to-date: /home/badri/new_ws/install/turtlebot3_simulations/share/turtlebot3_simulations/local_setup.dsv
[0.121s] -- Installing: /home/badri/new_ws/install/turtlebot3_simulations/share/turtlebot3_simulations/package.dsv
[0.121s] -- Up-to-date: /home/badri/new_ws/install/turtlebot3_simulations/share/ament_index/resource_index/packages/turtlebot3_simulations
[0.121s] -- Up-to-date: /home/badri/new_ws/install/turtlebot3_simulations/share/turtlebot3_simulations/cmake/turtlebot3_simulationsConfig.cmake
[0.121s] -- Up-to-date: /home/badri/new_ws/install/turtlebot3_simulations/share/turtlebot3_simulations/cmake/turtlebot3_simulationsConfig-version.cmake
[0.122s] -- Up-to-date: /home/badri/new_ws/install/turtlebot3_simulations/share/turtlebot3_simulations/package.xml
[0.125s] Invoked command in '/home/badri/new_ws/build/turtlebot3_simulations' returned '0': CMAKE_PREFIX_PATH=/home/badri/new_ws/install/turtlebot3_gazebo:/home/badri/new_ws/install/turtlebot3_fake_node:/home/badri/new_ws/install/turtlebot3_simulations:/home/badri/new_ws/install/path_planning:/home/badri/new_ws/install/mapping:/home/badri/ros2_ws/install/tb3_robot_bringup:/home/badri/ros2_ws/install/tb3_robot:/home/badri/ros2_ws/install/gain_sch:/home/badri/ros2_ws/install/casadi_mpc:/opt/ros/humble /usr/bin/cmake --install /home/badri/new_ws/build/turtlebot3_simulations
