[0.051s] Invoking command in '/home/badri/new_ws/build/mapping': CMAKE_PREFIX_PATH=${CMAKE_PREFIX_PATH}:/home/badri/ros2_ws/install/casadi_mpc:/opt/ros/humble /usr/bin/cmake --build /home/badri/new_ws/build/mapping -- -j8 -l8
[0.200s] Invoked command in '/home/badri/new_ws/build/mapping' returned '0': CMAKE_PREFIX_PATH=${CMAKE_PREFIX_PATH}:/home/badri/ros2_ws/install/casadi_mpc:/opt/ros/humble /usr/bin/cmake --build /home/badri/new_ws/build/mapping -- -j8 -l8
[0.340s] Invoking command in '/home/badri/new_ws/build/mapping': CMAKE_PREFIX_PATH=${CMAKE_PREFIX_PATH}:/home/badri/ros2_ws/install/casadi_mpc:/opt/ros/humble /usr/bin/cmake --install /home/badri/new_ws/build/mapping
[0.357s] -- Install configuration: ""
[0.357s] -- Up-to-date: /home/badri/new_ws/install/mapping/share/mapping/launch
[0.358s] -- Up-to-date: /home/badri/new_ws/install/mapping/share/mapping/launch/bringup.launch.py
[0.358s] -- Up-to-date: /home/badri/new_ws/install/mapping/share/mapping/launch/3d_map.launch.py
[0.358s] -- Up-to-date: /home/badri/new_ws/install/mapping/share/mapping/worlds
[0.359s] -- Up-to-date: /home/badri/new_ws/install/mapping/share/mapping/worlds/maze1.world
[0.359s] -- Up-to-date: /home/badri/new_ws/install/mapping/share/mapping/map
[0.359s] -- Up-to-date: /home/badri/new_ws/install/mapping/share/mapping/map/maze_map.pgm
[0.359s] -- Up-to-date: /home/badri/new_ws/install/mapping/share/mapping/map/map_3d.ply
[0.359s] -- Up-to-date: /home/badri/new_ws/install/mapping/share/mapping/map/maze_map.yaml
[0.360s] -- Up-to-date: /home/badri/new_ws/install/mapping/share/ament_index/resource_index/package_run_dependencies/mapping
[0.360s] -- Up-to-date: /home/badri/new_ws/install/mapping/share/ament_index/resource_index/parent_prefix_path/mapping
[0.360s] -- Up-to-date: /home/badri/new_ws/install/mapping/share/mapping/environment/ament_prefix_path.sh
[0.360s] -- Up-to-date: /home/badri/new_ws/install/mapping/share/mapping/environment/ament_prefix_path.dsv
[0.360s] -- Up-to-date: /home/badri/new_ws/install/mapping/share/mapping/environment/path.sh
[0.360s] -- Up-to-date: /home/badri/new_ws/install/mapping/share/mapping/environment/path.dsv
[0.361s] -- Up-to-date: /home/badri/new_ws/install/mapping/share/mapping/local_setup.bash
[0.361s] -- Up-to-date: /home/badri/new_ws/install/mapping/share/mapping/local_setup.sh
[0.361s] -- Up-to-date: /home/badri/new_ws/install/mapping/share/mapping/local_setup.zsh
[0.361s] -- Up-to-date: /home/badri/new_ws/install/mapping/share/mapping/local_setup.dsv
[0.361s] -- Installing: /home/badri/new_ws/install/mapping/share/mapping/package.dsv
[0.361s] -- Up-to-date: /home/badri/new_ws/install/mapping/share/ament_index/resource_index/packages/mapping
[0.361s] -- Up-to-date: /home/badri/new_ws/install/mapping/share/mapping/cmake/mappingConfig.cmake
[0.362s] -- Up-to-date: /home/badri/new_ws/install/mapping/share/mapping/cmake/mappingConfig-version.cmake
[0.362s] -- Up-to-date: /home/badri/new_ws/install/mapping/share/mapping/package.xml
[0.370s] Invoked command in '/home/badri/new_ws/build/mapping' returned '0': CMAKE_PREFIX_PATH=${CMAKE_PREFIX_PATH}:/home/badri/ros2_ws/install/casadi_mpc:/opt/ros/humble /usr/bin/cmake --install /home/badri/new_ws/build/mapping
