[0.026s] Invoking command in '/home/badri/new_ws/build/mapping': CMAKE_PREFIX_PATH=${CMAKE_PREFIX_PATH}:/home/badri/ros2_ws/install/casadi_mpc:/opt/ros/humble /usr/bin/cmake --build /home/badri/new_ws/build/mapping -- -j8 -l8
[0.084s] Invoked command in '/home/badri/new_ws/build/mapping' returned '0': CMAKE_PREFIX_PATH=${CMAKE_PREFIX_PATH}:/home/badri/ros2_ws/install/casadi_mpc:/opt/ros/humble /usr/bin/cmake --build /home/badri/new_ws/build/mapping -- -j8 -l8
[0.144s] Invoking command in '/home/badri/new_ws/build/mapping': CMAKE_PREFIX_PATH=${CMAKE_PREFIX_PATH}:/home/badri/ros2_ws/install/casadi_mpc:/opt/ros/humble /usr/bin/cmake --install /home/badri/new_ws/build/mapping
[0.155s] -- Install configuration: ""
[0.156s] -- Up-to-date: /home/badri/new_ws/install/mapping/share/mapping/launch
[0.156s] -- Installing: /home/badri/new_ws/install/mapping/share/mapping/launch/bringup.launch.py
[0.156s] -- Up-to-date: /home/badri/new_ws/install/mapping/share/mapping/launch/3d_map.launch.py
[0.156s] -- Up-to-date: /home/badri/new_ws/install/mapping/share/mapping/worlds
[0.156s] -- Up-to-date: /home/badri/new_ws/install/mapping/share/mapping/worlds/maze1.world
[0.156s] -- Up-to-date: /home/badri/new_ws/install/mapping/share/mapping/map
[0.157s] -- Up-to-date: /home/badri/new_ws/install/mapping/share/ament_index/resource_index/package_run_dependencies/mapping
[0.157s] -- Up-to-date: /home/badri/new_ws/install/mapping/share/ament_index/resource_index/parent_prefix_path/mapping
[0.157s] -- Up-to-date: /home/badri/new_ws/install/mapping/share/mapping/environment/ament_prefix_path.sh
[0.157s] -- Up-to-date: /home/badri/new_ws/install/mapping/share/mapping/environment/ament_prefix_path.dsv
[0.157s] -- Up-to-date: /home/badri/new_ws/install/mapping/share/mapping/environment/path.sh
[0.157s] -- Up-to-date: /home/badri/new_ws/install/mapping/share/mapping/environment/path.dsv
[0.158s] -- Up-to-date: /home/badri/new_ws/install/mapping/share/mapping/local_setup.bash
[0.158s] -- Up-to-date: /home/badri/new_ws/install/mapping/share/mapping/local_setup.sh
[0.158s] -- Up-to-date: /home/badri/new_ws/install/mapping/share/mapping/local_setup.zsh
[0.159s] -- Up-to-date: /home/badri/new_ws/install/mapping/share/mapping/local_setup.dsv
[0.160s] -- Up-to-date: /home/badri/new_ws/install/mapping/share/mapping/package.dsv
[0.160s] -- Up-to-date: /home/badri/new_ws/install/mapping/share/ament_index/resource_index/packages/mapping
[0.160s] -- Up-to-date: /home/badri/new_ws/install/mapping/share/mapping/cmake/mappingConfig.cmake
[0.161s] -- Up-to-date: /home/badri/new_ws/install/mapping/share/mapping/cmake/mappingConfig-version.cmake
[0.161s] -- Up-to-date: /home/badri/new_ws/install/mapping/share/mapping/package.xml
[0.162s] Invoked command in '/home/badri/new_ws/build/mapping' returned '0': CMAKE_PREFIX_PATH=${CMAKE_PREFIX_PATH}:/home/badri/ros2_ws/install/casadi_mpc:/opt/ros/humble /usr/bin/cmake --install /home/badri/new_ws/build/mapping
