[0.020s] Invoking command in '/home/badri/new_ws/build/turtlebot3_fake_node': CMAKE_PREFIX_PATH=${CMAKE_PREFIX_PATH}:/home/badri/ros2_ws/install/casadi_mpc:/opt/ros/humble /usr/bin/cmake /home/badri/new_ws/src/turtlebot3_simulations/turtlebot3_fake_node -DCMAKE_INSTALL_PREFIX=/home/badri/new_ws/install/turtlebot3_fake_node
[0.179s] -- The C compiler identification is GNU 11.4.0
[0.413s] -- The CXX compiler identification is GNU 11.4.0
[0.442s] -- Detecting C compiler ABI info
[0.715s] -- Detecting C compiler ABI info - done
[0.749s] -- Check for working C compiler: /usr/bin/cc - skipped
[0.749s] -- Detecting C compile features
[0.751s] -- Detecting C compile features - done
[0.764s] -- Detecting CXX compiler ABI info
[1.089s] -- Detecting CXX compiler ABI info - done
[1.120s] -- Check for working CXX compiler: /usr/bin/c++ - skipped
[1.122s] -- Detecting CXX compile features
[1.123s] -- Detecting CXX compile features - done
[1.142s] -- Found ament_cmake: 1.3.10 (/opt/ros/humble/share/ament_cmake/cmake)
[1.760s] -- Found Python3: /usr/bin/python3 (found version "3.10.12") found components: Interpreter 
[2.096s] -- Found geometry_msgs: 4.2.4 (/opt/ros/humble/share/geometry_msgs/cmake)
[2.259s] -- Found rosidl_generator_c: 3.1.5 (/opt/ros/humble/share/rosidl_generator_c/cmake)
[2.270s] -- Found rosidl_adapter: 3.1.5 (/opt/ros/humble/share/rosidl_adapter/cmake)
[2.287s] -- Found rosidl_generator_cpp: 3.1.5 (/opt/ros/humble/share/rosidl_generator_cpp/cmake)
[2.310s] -- Using all available rosidl_typesupport_c: rosidl_typesupport_fastrtps_c;rosidl_typesupport_introspection_c
[2.340s] -- Using all available rosidl_typesupport_cpp: rosidl_typesupport_fastrtps_cpp;rosidl_typesupport_introspection_cpp
[2.401s] -- Found nav_msgs: 4.2.4 (/opt/ros/humble/share/nav_msgs/cmake)
[2.427s] -- Found rclcpp: 16.0.10 (/opt/ros/humble/share/rclcpp/cmake)
[2.501s] -- Found rmw_implementation_cmake: 6.1.2 (/opt/ros/humble/share/rmw_implementation_cmake/cmake)
[2.508s] -- Found rmw_fastrtps_cpp: 6.2.7 (/opt/ros/humble/share/rmw_fastrtps_cpp/cmake)
[2.651s] -- Found OpenSSL: /usr/lib/x86_64-linux-gnu/libcrypto.so (found version "3.0.2")  
[2.730s] -- Found FastRTPS: /opt/ros/humble/include  
[2.827s] -- Using RMW implementation 'rmw_fastrtps_cpp' as default
[2.884s] -- Looking for pthread.h
[3.164s] -- Looking for pthread.h - found
[3.165s] -- Performing Test CMAKE_HAVE_LIBC_PTHREAD
[3.322s] -- Performing Test CMAKE_HAVE_LIBC_PTHREAD - Success
[3.324s] -- Found Threads: TRUE  
[3.417s] -- Found sensor_msgs: 4.2.4 (/opt/ros/humble/share/sensor_msgs/cmake)
[3.444s] -- Found tf2: 0.25.8 (/opt/ros/humble/share/tf2/cmake)
[3.463s] -- Found tf2_msgs: 0.25.8 (/opt/ros/humble/share/tf2_msgs/cmake)
[3.520s] -- Found turtlebot3_msgs: 2.2.3 (/opt/ros/humble/share/turtlebot3_msgs/cmake)
[3.632s] -- Configuring done
[3.647s] -- Generating done
[3.649s] -- Build files have been written to: /home/badri/new_ws/build/turtlebot3_fake_node
[3.664s] Invoked command in '/home/badri/new_ws/build/turtlebot3_fake_node' returned '0': CMAKE_PREFIX_PATH=${CMAKE_PREFIX_PATH}:/home/badri/ros2_ws/install/casadi_mpc:/opt/ros/humble /usr/bin/cmake /home/badri/new_ws/src/turtlebot3_simulations/turtlebot3_fake_node -DCMAKE_INSTALL_PREFIX=/home/badri/new_ws/install/turtlebot3_fake_node
[3.666s] Invoking command in '/home/badri/new_ws/build/turtlebot3_fake_node': CMAKE_PREFIX_PATH=${CMAKE_PREFIX_PATH}:/home/badri/ros2_ws/install/casadi_mpc:/opt/ros/humble /usr/bin/cmake --build /home/badri/new_ws/build/turtlebot3_fake_node -- -j8 -l8
[3.839s] [ 50%] [32mBuilding CXX object CMakeFiles/turtlebot3_fake_node.dir/src/turtlebot3_fake_node.cpp.o[0m
[18.628s] [100%] [32m[1mLinking CXX executable turtlebot3_fake_node[0m
[19.864s] [100%] Built target turtlebot3_fake_node
[19.891s] Invoked command in '/home/badri/new_ws/build/turtlebot3_fake_node' returned '0': CMAKE_PREFIX_PATH=${CMAKE_PREFIX_PATH}:/home/badri/ros2_ws/install/casadi_mpc:/opt/ros/humble /usr/bin/cmake --build /home/badri/new_ws/build/turtlebot3_fake_node -- -j8 -l8
[19.976s] Invoking command in '/home/badri/new_ws/build/turtlebot3_fake_node': CMAKE_PREFIX_PATH=${CMAKE_PREFIX_PATH}:/home/badri/ros2_ws/install/casadi_mpc:/opt/ros/humble /usr/bin/cmake --install /home/badri/new_ws/build/turtlebot3_fake_node
[19.994s] -- Install configuration: ""
[19.995s] -- Installing: /home/badri/new_ws/install/turtlebot3_fake_node/lib/turtlebot3_fake_node/turtlebot3_fake_node
[20.003s] -- Set runtime path of "/home/badri/new_ws/install/turtlebot3_fake_node/lib/turtlebot3_fake_node/turtlebot3_fake_node" to ""
[20.004s] -- Installing: /home/badri/new_ws/install/turtlebot3_fake_node/share/turtlebot3_fake_node/launch
[20.004s] -- Installing: /home/badri/new_ws/install/turtlebot3_fake_node/share/turtlebot3_fake_node/launch/rviz2.launch.py
[20.004s] -- Installing: /home/badri/new_ws/install/turtlebot3_fake_node/share/turtlebot3_fake_node/launch/turtlebot3_fake_node.launch.py
[20.005s] -- Installing: /home/badri/new_ws/install/turtlebot3_fake_node/share/turtlebot3_fake_node/param
[20.005s] -- Installing: /home/badri/new_ws/install/turtlebot3_fake_node/share/turtlebot3_fake_node/param/burger.yaml
[20.006s] -- Installing: /home/badri/new_ws/install/turtlebot3_fake_node/share/turtlebot3_fake_node/param/waffle.yaml
[20.006s] -- Installing: /home/badri/new_ws/install/turtlebot3_fake_node/share/turtlebot3_fake_node/param/waffle_pi.yaml
[20.006s] -- Installing: /home/badri/new_ws/install/turtlebot3_fake_node/include/
[20.007s] -- Installing: /home/badri/new_ws/install/turtlebot3_fake_node/include//turtlebot3_fake_node
[20.007s] -- Installing: /home/badri/new_ws/install/turtlebot3_fake_node/include//turtlebot3_fake_node/turtlebot3_fake_node.hpp
[20.007s] -- Installing: /home/badri/new_ws/install/turtlebot3_fake_node/share/ament_index/resource_index/package_run_dependencies/turtlebot3_fake_node
[20.008s] -- Installing: /home/badri/new_ws/install/turtlebot3_fake_node/share/ament_index/resource_index/parent_prefix_path/turtlebot3_fake_node
[20.008s] -- Installing: /home/badri/new_ws/install/turtlebot3_fake_node/share/turtlebot3_fake_node/environment/ament_prefix_path.sh
[20.008s] -- Installing: /home/badri/new_ws/install/turtlebot3_fake_node/share/turtlebot3_fake_node/environment/ament_prefix_path.dsv
[20.009s] -- Installing: /home/badri/new_ws/install/turtlebot3_fake_node/share/turtlebot3_fake_node/environment/path.sh
[20.009s] -- Installing: /home/badri/new_ws/install/turtlebot3_fake_node/share/turtlebot3_fake_node/environment/path.dsv
[20.009s] -- Installing: /home/badri/new_ws/install/turtlebot3_fake_node/share/turtlebot3_fake_node/local_setup.bash
[20.010s] -- Installing: /home/badri/new_ws/install/turtlebot3_fake_node/share/turtlebot3_fake_node/local_setup.sh
[20.010s] -- Installing: /home/badri/new_ws/install/turtlebot3_fake_node/share/turtlebot3_fake_node/local_setup.zsh
[20.011s] -- Installing: /home/badri/new_ws/install/turtlebot3_fake_node/share/turtlebot3_fake_node/local_setup.dsv
[20.011s] -- Installing: /home/badri/new_ws/install/turtlebot3_fake_node/share/turtlebot3_fake_node/package.dsv
[20.013s] -- Installing: /home/badri/new_ws/install/turtlebot3_fake_node/share/ament_index/resource_index/packages/turtlebot3_fake_node
[20.013s] -- Installing: /home/badri/new_ws/install/turtlebot3_fake_node/share/turtlebot3_fake_node/cmake/ament_cmake_export_include_directories-extras.cmake
[20.014s] -- Installing: /home/badri/new_ws/install/turtlebot3_fake_node/share/turtlebot3_fake_node/cmake/ament_cmake_export_dependencies-extras.cmake
[20.014s] -- Installing: /home/badri/new_ws/install/turtlebot3_fake_node/share/turtlebot3_fake_node/cmake/turtlebot3_fake_nodeConfig.cmake
[20.014s] -- Installing: /home/badri/new_ws/install/turtlebot3_fake_node/share/turtlebot3_fake_node/cmake/turtlebot3_fake_nodeConfig-version.cmake
[20.015s] -- Installing: /home/badri/new_ws/install/turtlebot3_fake_node/share/turtlebot3_fake_node/package.xml
[20.018s] Invoked command in '/home/badri/new_ws/build/turtlebot3_fake_node' returned '0': CMAKE_PREFIX_PATH=${CMAKE_PREFIX_PATH}:/home/badri/ros2_ws/install/casadi_mpc:/opt/ros/humble /usr/bin/cmake --install /home/badri/new_ws/build/turtlebot3_fake_node
