[0.207s] DEBUG:colcon:Command line arguments: ['/usr/bin/colcon', 'list', '-p', '--base-paths', '/home/badri/new_ws']
[0.208s] DEBUG:colcon:Parsed command line arguments: Namespace(log_base=None, log_level=None, verb_name='list', build_base='build', ignore_user_meta=False, metas=['./colcon.meta'], base_paths=['/home/badri/new_ws'], packages_ignore=None, packages_ignore_regex=None, paths=None, packages_up_to=None, packages_up_to_regex=None, packages_above=None, packages_above_and_dependencies=None, packages_above_depth=None, packages_select_by_dep=None, packages_skip_by_dep=None, packages_skip_up_to=None, packages_select_build_failed=False, packages_skip_build_finished=False, packages_select_test_failures=False, packages_skip_test_passed=False, packages_select=None, packages_skip=None, packages_select_regex=None, packages_skip_regex=None, packages_start=None, packages_end=None, allow_overriding=[], topological_order=False, names_only=False, paths_only=True, topological_graph=False, topological_graph_dot=False, topological_graph_density=False, topological_graph_legend=False, topological_graph_dot_cluster=False, topological_graph_dot_include_skipped=False, mixin_files=None, mixin=None, verb_parser=<colcon_mixin.mixin.mixin_argument.MixinArgumentDecorator object at 0x70cb21a4f820>, verb_extension=<colcon_package_information.verb.list.ListVerb object at 0x70cb21a4f190>, main=<bound method ListVerb.main of <colcon_package_information.verb.list.ListVerb object at 0x70cb21a4f190>>, mixin_verb=('list',))
[0.655s] Level 1:colcon.colcon_core.package_discovery:discover_packages(colcon_meta) check parameters
[0.655s] Level 1:colcon.colcon_core.package_discovery:discover_packages(recursive) check parameters
[0.655s] Level 1:colcon.colcon_core.package_discovery:discover_packages(ignore) check parameters
[0.655s] Level 1:colcon.colcon_core.package_discovery:discover_packages(path) check parameters
[0.655s] Level 1:colcon.colcon_core.package_discovery:discover_packages(recursive) discover
[0.655s] INFO:colcon.colcon_core.package_discovery:Crawling recursively for packages in '/home/badri/new_ws'
[0.655s] Level 1:colcon.colcon_core.package_identification:_identify(/home/badri/new_ws) by extensions ['ignore', 'ignore_ament_install']
[0.656s] Level 1:colcon.colcon_core.package_identification:_identify(/home/badri/new_ws) by extension 'ignore'
[0.656s] Level 1:colcon.colcon_core.package_identification:_identify(/home/badri/new_ws) by extension 'ignore_ament_install'
[0.656s] Level 1:colcon.colcon_core.package_identification:_identify(/home/badri/new_ws) by extensions ['colcon_pkg']
[0.656s] Level 1:colcon.colcon_core.package_identification:_identify(/home/badri/new_ws) by extension 'colcon_pkg'
[0.656s] Level 1:colcon.colcon_core.package_identification:_identify(/home/badri/new_ws) by extensions ['colcon_meta']
[0.656s] Level 1:colcon.colcon_core.package_identification:_identify(/home/badri/new_ws) by extension 'colcon_meta'
[0.656s] Level 1:colcon.colcon_core.package_identification:_identify(/home/badri/new_ws) by extensions ['ros']
[0.656s] Level 1:colcon.colcon_core.package_identification:_identify(/home/badri/new_ws) by extension 'ros'
[0.682s] Level 1:colcon.colcon_core.package_identification:_identify(/home/badri/new_ws) by extensions ['cmake', 'python']
[0.682s] Level 1:colcon.colcon_core.package_identification:_identify(/home/badri/new_ws) by extension 'cmake'
[0.682s] Level 1:colcon.colcon_core.package_identification:_identify(/home/badri/new_ws) by extension 'python'
[0.683s] Level 1:colcon.colcon_core.package_identification:_identify(/home/badri/new_ws) by extensions ['python_setup_py']
[0.683s] Level 1:colcon.colcon_core.package_identification:_identify(/home/badri/new_ws) by extension 'python_setup_py'
[0.683s] Level 1:colcon.colcon_core.package_identification:_identify(/home/badri/new_ws/build) by extensions ['ignore', 'ignore_ament_install']
[0.683s] Level 1:colcon.colcon_core.package_identification:_identify(/home/badri/new_ws/build) by extension 'ignore'
[0.683s] Level 1:colcon.colcon_core.package_identification:_identify(/home/badri/new_ws/build) ignored
[0.684s] Level 1:colcon.colcon_core.package_identification:_identify(/home/badri/new_ws/install) by extensions ['ignore', 'ignore_ament_install']
[0.684s] Level 1:colcon.colcon_core.package_identification:_identify(/home/badri/new_ws/install) by extension 'ignore'
[0.684s] Level 1:colcon.colcon_core.package_identification:_identify(/home/badri/new_ws/install) ignored
[0.684s] Level 1:colcon.colcon_core.package_identification:_identify(/home/badri/new_ws/log) by extensions ['ignore', 'ignore_ament_install']
[0.684s] Level 1:colcon.colcon_core.package_identification:_identify(/home/badri/new_ws/log) by extension 'ignore'
[0.684s] Level 1:colcon.colcon_core.package_identification:_identify(/home/badri/new_ws/log) ignored
[0.685s] Level 1:colcon.colcon_core.package_identification:_identify(/home/badri/new_ws/src) by extensions ['ignore', 'ignore_ament_install']
[0.685s] Level 1:colcon.colcon_core.package_identification:_identify(/home/badri/new_ws/src) by extension 'ignore'
[0.685s] Level 1:colcon.colcon_core.package_identification:_identify(/home/badri/new_ws/src) by extension 'ignore_ament_install'
[0.685s] Level 1:colcon.colcon_core.package_identification:_identify(/home/badri/new_ws/src) by extensions ['colcon_pkg']
[0.685s] Level 1:colcon.colcon_core.package_identification:_identify(/home/badri/new_ws/src) by extension 'colcon_pkg'
[0.685s] Level 1:colcon.colcon_core.package_identification:_identify(/home/badri/new_ws/src) by extensions ['colcon_meta']
[0.685s] Level 1:colcon.colcon_core.package_identification:_identify(/home/badri/new_ws/src) by extension 'colcon_meta'
[0.686s] Level 1:colcon.colcon_core.package_identification:_identify(/home/badri/new_ws/src) by extensions ['ros']
[0.686s] Level 1:colcon.colcon_core.package_identification:_identify(/home/badri/new_ws/src) by extension 'ros'
[0.686s] Level 1:colcon.colcon_core.package_identification:_identify(/home/badri/new_ws/src) by extensions ['cmake', 'python']
[0.686s] Level 1:colcon.colcon_core.package_identification:_identify(/home/badri/new_ws/src) by extension 'cmake'
[0.686s] Level 1:colcon.colcon_core.package_identification:_identify(/home/badri/new_ws/src) by extension 'python'
[0.686s] Level 1:colcon.colcon_core.package_identification:_identify(/home/badri/new_ws/src) by extensions ['python_setup_py']
[0.686s] Level 1:colcon.colcon_core.package_identification:_identify(/home/badri/new_ws/src) by extension 'python_setup_py'
[0.686s] Level 1:colcon.colcon_core.package_identification:_identify(/home/badri/new_ws/src/turtlebot3_simulations) by extensions ['ignore', 'ignore_ament_install']
[0.687s] Level 1:colcon.colcon_core.package_identification:_identify(/home/badri/new_ws/src/turtlebot3_simulations) by extension 'ignore'
[0.687s] Level 1:colcon.colcon_core.package_identification:_identify(/home/badri/new_ws/src/turtlebot3_simulations) by extension 'ignore_ament_install'
[0.687s] Level 1:colcon.colcon_core.package_identification:_identify(/home/badri/new_ws/src/turtlebot3_simulations) by extensions ['colcon_pkg']
[0.687s] Level 1:colcon.colcon_core.package_identification:_identify(/home/badri/new_ws/src/turtlebot3_simulations) by extension 'colcon_pkg'
[0.687s] Level 1:colcon.colcon_core.package_identification:_identify(/home/badri/new_ws/src/turtlebot3_simulations) by extensions ['colcon_meta']
[0.687s] Level 1:colcon.colcon_core.package_identification:_identify(/home/badri/new_ws/src/turtlebot3_simulations) by extension 'colcon_meta'
[0.687s] Level 1:colcon.colcon_core.package_identification:_identify(/home/badri/new_ws/src/turtlebot3_simulations) by extensions ['ros']
[0.687s] Level 1:colcon.colcon_core.package_identification:_identify(/home/badri/new_ws/src/turtlebot3_simulations) by extension 'ros'
[0.688s] Level 1:colcon.colcon_core.package_identification:_identify(/home/badri/new_ws/src/turtlebot3_simulations) by extensions ['cmake', 'python']
[0.688s] Level 1:colcon.colcon_core.package_identification:_identify(/home/badri/new_ws/src/turtlebot3_simulations) by extension 'cmake'
[0.688s] Level 1:colcon.colcon_core.package_identification:_identify(/home/badri/new_ws/src/turtlebot3_simulations) by extension 'python'
[0.688s] Level 1:colcon.colcon_core.package_identification:_identify(/home/badri/new_ws/src/turtlebot3_simulations) by extensions ['python_setup_py']
[0.688s] Level 1:colcon.colcon_core.package_identification:_identify(/home/badri/new_ws/src/turtlebot3_simulations) by extension 'python_setup_py'
[0.688s] Level 1:colcon.colcon_core.package_identification:_identify(/home/badri/new_ws/src/turtlebot3_simulations/turtlebot3_fake_node) by extensions ['ignore', 'ignore_ament_install']
[0.688s] Level 1:colcon.colcon_core.package_identification:_identify(/home/badri/new_ws/src/turtlebot3_simulations/turtlebot3_fake_node) by extension 'ignore'
[0.689s] Level 1:colcon.colcon_core.package_identification:_identify(/home/badri/new_ws/src/turtlebot3_simulations/turtlebot3_fake_node) by extension 'ignore_ament_install'
[0.689s] Level 1:colcon.colcon_core.package_identification:_identify(/home/badri/new_ws/src/turtlebot3_simulations/turtlebot3_fake_node) by extensions ['colcon_pkg']
[0.689s] Level 1:colcon.colcon_core.package_identification:_identify(/home/badri/new_ws/src/turtlebot3_simulations/turtlebot3_fake_node) by extension 'colcon_pkg'
[0.689s] Level 1:colcon.colcon_core.package_identification:_identify(/home/badri/new_ws/src/turtlebot3_simulations/turtlebot3_fake_node) by extensions ['colcon_meta']
[0.689s] Level 1:colcon.colcon_core.package_identification:_identify(/home/badri/new_ws/src/turtlebot3_simulations/turtlebot3_fake_node) by extension 'colcon_meta'
[0.689s] Level 1:colcon.colcon_core.package_identification:_identify(/home/badri/new_ws/src/turtlebot3_simulations/turtlebot3_fake_node) by extensions ['ros']
[0.689s] Level 1:colcon.colcon_core.package_identification:_identify(/home/badri/new_ws/src/turtlebot3_simulations/turtlebot3_fake_node) by extension 'ros'
[0.697s] DEBUG:colcon.colcon_core.package_identification:Package '/home/badri/new_ws/src/turtlebot3_simulations/turtlebot3_fake_node' with type 'ros.ament_cmake' and name 'turtlebot3_fake_node'
[0.697s] Level 1:colcon.colcon_core.package_identification:_identify(/home/badri/new_ws/src/turtlebot3_simulations/turtlebot3_gazebo) by extensions ['ignore', 'ignore_ament_install']
[0.697s] Level 1:colcon.colcon_core.package_identification:_identify(/home/badri/new_ws/src/turtlebot3_simulations/turtlebot3_gazebo) by extension 'ignore'
[0.697s] Level 1:colcon.colcon_core.package_identification:_identify(/home/badri/new_ws/src/turtlebot3_simulations/turtlebot3_gazebo) by extension 'ignore_ament_install'
[0.698s] Level 1:colcon.colcon_core.package_identification:_identify(/home/badri/new_ws/src/turtlebot3_simulations/turtlebot3_gazebo) by extensions ['colcon_pkg']
[0.698s] Level 1:colcon.colcon_core.package_identification:_identify(/home/badri/new_ws/src/turtlebot3_simulations/turtlebot3_gazebo) by extension 'colcon_pkg'
[0.698s] Level 1:colcon.colcon_core.package_identification:_identify(/home/badri/new_ws/src/turtlebot3_simulations/turtlebot3_gazebo) by extensions ['colcon_meta']
[0.698s] Level 1:colcon.colcon_core.package_identification:_identify(/home/badri/new_ws/src/turtlebot3_simulations/turtlebot3_gazebo) by extension 'colcon_meta'
[0.698s] Level 1:colcon.colcon_core.package_identification:_identify(/home/badri/new_ws/src/turtlebot3_simulations/turtlebot3_gazebo) by extensions ['ros']
[0.698s] Level 1:colcon.colcon_core.package_identification:_identify(/home/badri/new_ws/src/turtlebot3_simulations/turtlebot3_gazebo) by extension 'ros'
[0.701s] DEBUG:colcon.colcon_core.package_identification:Package '/home/badri/new_ws/src/turtlebot3_simulations/turtlebot3_gazebo' with type 'ros.ament_cmake' and name 'turtlebot3_gazebo'
[0.701s] Level 1:colcon.colcon_core.package_identification:_identify(/home/badri/new_ws/src/turtlebot3_simulations/turtlebot3_simulations) by extensions ['ignore', 'ignore_ament_install']
[0.701s] Level 1:colcon.colcon_core.package_identification:_identify(/home/badri/new_ws/src/turtlebot3_simulations/turtlebot3_simulations) by extension 'ignore'
[0.702s] Level 1:colcon.colcon_core.package_identification:_identify(/home/badri/new_ws/src/turtlebot3_simulations/turtlebot3_simulations) by extension 'ignore_ament_install'
[0.702s] Level 1:colcon.colcon_core.package_identification:_identify(/home/badri/new_ws/src/turtlebot3_simulations/turtlebot3_simulations) by extensions ['colcon_pkg']
[0.702s] Level 1:colcon.colcon_core.package_identification:_identify(/home/badri/new_ws/src/turtlebot3_simulations/turtlebot3_simulations) by extension 'colcon_pkg'
[0.702s] Level 1:colcon.colcon_core.package_identification:_identify(/home/badri/new_ws/src/turtlebot3_simulations/turtlebot3_simulations) by extensions ['colcon_meta']
[0.702s] Level 1:colcon.colcon_core.package_identification:_identify(/home/badri/new_ws/src/turtlebot3_simulations/turtlebot3_simulations) by extension 'colcon_meta'
[0.702s] Level 1:colcon.colcon_core.package_identification:_identify(/home/badri/new_ws/src/turtlebot3_simulations/turtlebot3_simulations) by extensions ['ros']
[0.702s] Level 1:colcon.colcon_core.package_identification:_identify(/home/badri/new_ws/src/turtlebot3_simulations/turtlebot3_simulations) by extension 'ros'
[0.704s] DEBUG:colcon.colcon_core.package_identification:Package '/home/badri/new_ws/src/turtlebot3_simulations/turtlebot3_simulations' with type 'ros.ament_cmake' and name 'turtlebot3_simulations'
[0.704s] Level 1:colcon.colcon_core.package_discovery:discover_packages(recursive) using defaults
