[0.036s] Invoking command in '/home/badri/new_ws/build/turtlebot3_fake_node': CMAKE_PREFIX_PATH=${CMAKE_PREFIX_PATH}:/home/badri/ros2_ws/install/casadi_mpc:/opt/ros/humble /usr/bin/cmake --build /home/badri/new_ws/build/turtlebot3_fake_node -- -j8 -l8
[0.156s] [100%] Built target turtlebot3_fake_node
[0.201s] Invoked command in '/home/badri/new_ws/build/turtlebot3_fake_node' returned '0': CMAKE_PREFIX_PATH=${CMAKE_PREFIX_PATH}:/home/badri/ros2_ws/install/casadi_mpc:/opt/ros/humble /usr/bin/cmake --build /home/badri/new_ws/build/turtlebot3_fake_node -- -j8 -l8
[0.249s] Invoking command in '/home/badri/new_ws/build/turtlebot3_fake_node': CMAKE_PREFIX_PATH=${CMAKE_PREFIX_PATH}:/home/badri/ros2_ws/install/casadi_mpc:/opt/ros/humble /usr/bin/cmake --install /home/badri/new_ws/build/turtlebot3_fake_node
[0.260s] -- Install configuration: ""
[0.260s] -- Up-to-date: /home/badri/new_ws/install/turtlebot3_fake_node/lib/turtlebot3_fake_node/turtlebot3_fake_node
[0.261s] -- Up-to-date: /home/badri/new_ws/install/turtlebot3_fake_node/share/turtlebot3_fake_node/launch
[0.261s] -- Up-to-date: /home/badri/new_ws/install/turtlebot3_fake_node/share/turtlebot3_fake_node/launch/rviz2.launch.py
[0.262s] -- Up-to-date: /home/badri/new_ws/install/turtlebot3_fake_node/share/turtlebot3_fake_node/launch/turtlebot3_fake_node.launch.py
[0.263s] -- Up-to-date: /home/badri/new_ws/install/turtlebot3_fake_node/share/turtlebot3_fake_node/param
[0.263s] -- Up-to-date: /home/badri/new_ws/install/turtlebot3_fake_node/share/turtlebot3_fake_node/param/burger.yaml
[0.263s] -- Up-to-date: /home/badri/new_ws/install/turtlebot3_fake_node/share/turtlebot3_fake_node/param/waffle.yaml
[0.265s] -- Up-to-date: /home/badri/new_ws/install/turtlebot3_fake_node/share/turtlebot3_fake_node/param/waffle_pi.yaml
[0.265s] -- Up-to-date: /home/badri/new_ws/install/turtlebot3_fake_node/include/
[0.266s] -- Up-to-date: /home/badri/new_ws/install/turtlebot3_fake_node/include//turtlebot3_fake_node
[0.268s] -- Up-to-date: /home/badri/new_ws/install/turtlebot3_fake_node/include//turtlebot3_fake_node/turtlebot3_fake_node.hpp
[0.268s] -- Up-to-date: /home/badri/new_ws/install/turtlebot3_fake_node/share/ament_index/resource_index/package_run_dependencies/turtlebot3_fake_node
[0.270s] -- Up-to-date: /home/badri/new_ws/install/turtlebot3_fake_node/share/ament_index/resource_index/parent_prefix_path/turtlebot3_fake_node
[0.270s] -- Up-to-date: /home/badri/new_ws/install/turtlebot3_fake_node/share/turtlebot3_fake_node/environment/ament_prefix_path.sh
[0.270s] -- Up-to-date: /home/badri/new_ws/install/turtlebot3_fake_node/share/turtlebot3_fake_node/environment/ament_prefix_path.dsv
[0.271s] -- Up-to-date: /home/badri/new_ws/install/turtlebot3_fake_node/share/turtlebot3_fake_node/environment/path.sh
[0.271s] -- Up-to-date: /home/badri/new_ws/install/turtlebot3_fake_node/share/turtlebot3_fake_node/environment/path.dsv
[0.272s] -- Up-to-date: /home/badri/new_ws/install/turtlebot3_fake_node/share/turtlebot3_fake_node/local_setup.bash
[0.285s] -- Up-to-date: /home/badri/new_ws/install/turtlebot3_fake_node/share/turtlebot3_fake_node/local_setup.sh
[0.286s] -- Up-to-date: /home/badri/new_ws/install/turtlebot3_fake_node/share/turtlebot3_fake_node/local_setup.zsh
[0.286s] -- Up-to-date: /home/badri/new_ws/install/turtlebot3_fake_node/share/turtlebot3_fake_node/local_setup.dsv
[0.286s] -- Installing: /home/badri/new_ws/install/turtlebot3_fake_node/share/turtlebot3_fake_node/package.dsv
[0.286s] -- Up-to-date: /home/badri/new_ws/install/turtlebot3_fake_node/share/ament_index/resource_index/packages/turtlebot3_fake_node
[0.287s] -- Up-to-date: /home/badri/new_ws/install/turtlebot3_fake_node/share/turtlebot3_fake_node/cmake/ament_cmake_export_include_directories-extras.cmake
[0.287s] -- Up-to-date: /home/badri/new_ws/install/turtlebot3_fake_node/share/turtlebot3_fake_node/cmake/ament_cmake_export_dependencies-extras.cmake
[0.288s] -- Up-to-date: /home/badri/new_ws/install/turtlebot3_fake_node/share/turtlebot3_fake_node/cmake/turtlebot3_fake_nodeConfig.cmake
[0.289s] -- Up-to-date: /home/badri/new_ws/install/turtlebot3_fake_node/share/turtlebot3_fake_node/cmake/turtlebot3_fake_nodeConfig-version.cmake
[0.289s] -- Up-to-date: /home/badri/new_ws/install/turtlebot3_fake_node/share/turtlebot3_fake_node/package.xml
[0.293s] Invoked command in '/home/badri/new_ws/build/turtlebot3_fake_node' returned '0': CMAKE_PREFIX_PATH=${CMAKE_PREFIX_PATH}:/home/badri/ros2_ws/install/casadi_mpc:/opt/ros/humble /usr/bin/cmake --install /home/badri/new_ws/build/turtlebot3_fake_node
