-- Install configuration: ""
-- Up-to-date: /home/badri/new_ws/install/mapping/share/mapping/launch
-- Up-to-date: /home/badri/new_ws/install/mapping/share/mapping/launch/bringup.launch.py
-- Up-to-date: /home/badri/new_ws/install/mapping/share/mapping/launch/3d_map.launch.py
-- Up-to-date: /home/badri/new_ws/install/mapping/share/mapping/worlds
-- Up-to-date: /home/badri/new_ws/install/mapping/share/mapping/worlds/maze1.world
-- Up-to-date: /home/badri/new_ws/install/mapping/share/mapping/map
-- Up-to-date: /home/badri/new_ws/install/mapping/share/mapping/map/maze_map.pgm
-- Up-to-date: /home/badri/new_ws/install/mapping/share/mapping/map/map_3d.ply
-- Up-to-date: /home/badri/new_ws/install/mapping/share/mapping/map/maze_map.yaml
-- Up-to-date: /home/badri/new_ws/install/mapping/share/ament_index/resource_index/package_run_dependencies/mapping
-- Up-to-date: /home/badri/new_ws/install/mapping/share/ament_index/resource_index/parent_prefix_path/mapping
-- Up-to-date: /home/badri/new_ws/install/mapping/share/mapping/environment/ament_prefix_path.sh
-- Up-to-date: /home/badri/new_ws/install/mapping/share/mapping/environment/ament_prefix_path.dsv
-- Up-to-date: /home/badri/new_ws/install/mapping/share/mapping/environment/path.sh
-- Up-to-date: /home/badri/new_ws/install/mapping/share/mapping/environment/path.dsv
-- Up-to-date: /home/badri/new_ws/install/mapping/share/mapping/local_setup.bash
-- Up-to-date: /home/badri/new_ws/install/mapping/share/mapping/local_setup.sh
-- Up-to-date: /home/badri/new_ws/install/mapping/share/mapping/local_setup.zsh
-- Up-to-date: /home/badri/new_ws/install/mapping/share/mapping/local_setup.dsv
-- Installing: /home/badri/new_ws/install/mapping/share/mapping/package.dsv
-- Up-to-date: /home/badri/new_ws/install/mapping/share/ament_index/resource_index/packages/mapping
-- Up-to-date: /home/badri/new_ws/install/mapping/share/mapping/cmake/mappingConfig.cmake
-- Up-to-date: /home/badri/new_ws/install/mapping/share/mapping/cmake/mappingConfig-version.cmake
-- Up-to-date: /home/badri/new_ws/install/mapping/share/mapping/package.xml
