[0.042s] Invoking command in '/home/badri/new_ws/build/mapping': CMAKE_PREFIX_PATH=${CMAKE_PREFIX_PATH}:/home/badri/ros2_ws/install/casadi_mpc:/opt/ros/humble /usr/bin/cmake --build /home/badri/new_ws/build/mapping -- -j8 -l8
[0.134s] Invoked command in '/home/badri/new_ws/build/mapping' returned '0': CMAKE_PREFIX_PATH=${CMAKE_PREFIX_PATH}:/home/badri/ros2_ws/install/casadi_mpc:/opt/ros/humble /usr/bin/cmake --build /home/badri/new_ws/build/mapping -- -j8 -l8
[0.256s] Invoking command in '/home/badri/new_ws/build/mapping': CMAKE_PREFIX_PATH=${CMAKE_PREFIX_PATH}:/home/badri/ros2_ws/install/casadi_mpc:/opt/ros/humble /usr/bin/cmake --install /home/badri/new_ws/build/mapping
[0.274s] -- Install configuration: ""
[0.274s] -- Up-to-date: /home/badri/new_ws/install/mapping/share/mapping/launch
[0.275s] -- Up-to-date: /home/badri/new_ws/install/mapping/share/mapping/launch/bringup.launch.py
[0.275s] -- Up-to-date: /home/badri/new_ws/install/mapping/share/mapping/launch/3d_map.launch.py
[0.275s] -- Up-to-date: /home/badri/new_ws/install/mapping/share/mapping/worlds
[0.275s] -- Up-to-date: /home/badri/new_ws/install/mapping/share/mapping/worlds/maze1.world
[0.276s] -- Up-to-date: /home/badri/new_ws/install/mapping/share/mapping/map
[0.276s] -- Up-to-date: /home/badri/new_ws/install/mapping/share/mapping/map/maze_map.pgm
[0.276s] -- Up-to-date: /home/badri/new_ws/install/mapping/share/mapping/map/map_3d.ply
[0.277s] -- Up-to-date: /home/badri/new_ws/install/mapping/share/mapping/map/maze_map.yaml
[0.277s] -- Up-to-date: /home/badri/new_ws/install/mapping/share/ament_index/resource_index/package_run_dependencies/mapping
[0.277s] -- Up-to-date: /home/badri/new_ws/install/mapping/share/ament_index/resource_index/parent_prefix_path/mapping
[0.277s] -- Up-to-date: /home/badri/new_ws/install/mapping/share/mapping/environment/ament_prefix_path.sh
[0.278s] -- Up-to-date: /home/badri/new_ws/install/mapping/share/mapping/environment/ament_prefix_path.dsv
[0.279s] -- Up-to-date: /home/badri/new_ws/install/mapping/share/mapping/environment/path.sh
[0.279s] -- Up-to-date: /home/badri/new_ws/install/mapping/share/mapping/environment/path.dsv
[0.280s] -- Up-to-date: /home/badri/new_ws/install/mapping/share/mapping/local_setup.bash
[0.280s] -- Up-to-date: /home/badri/new_ws/install/mapping/share/mapping/local_setup.sh
[0.280s] -- Up-to-date: /home/badri/new_ws/install/mapping/share/mapping/local_setup.zsh
[0.280s] -- Up-to-date: /home/badri/new_ws/install/mapping/share/mapping/local_setup.dsv
[0.281s] -- Installing: /home/badri/new_ws/install/mapping/share/mapping/package.dsv
[0.282s] -- Up-to-date: /home/badri/new_ws/install/mapping/share/ament_index/resource_index/packages/mapping
[0.286s] -- Up-to-date: /home/badri/new_ws/install/mapping/share/mapping/cmake/mappingConfig.cmake
[0.286s] -- Up-to-date: /home/badri/new_ws/install/mapping/share/mapping/cmake/mappingConfig-version.cmake
[0.287s] -- Up-to-date: /home/badri/new_ws/install/mapping/share/mapping/package.xml
[0.287s] Invoked command in '/home/badri/new_ws/build/mapping' returned '0': CMAKE_PREFIX_PATH=${CMAKE_PREFIX_PATH}:/home/badri/ros2_ws/install/casadi_mpc:/opt/ros/humble /usr/bin/cmake --install /home/badri/new_ws/build/mapping
