[0.015s] Invoking command in '/home/badri/new_ws/build/turtlebot3_gazebo': CMAKE_PREFIX_PATH=${CMAKE_PREFIX_PATH}:/home/badri/ros2_ws/install/casadi_mpc:/opt/ros/humble /usr/bin/cmake /home/badri/new_ws/src/turtlebot3_simulations/turtlebot3_gazebo -DCMAKE_INSTALL_PREFIX=/home/badri/new_ws/install/turtlebot3_gazebo
[0.174s] -- The C compiler identification is GNU 11.4.0
[0.398s] -- The CXX compiler identification is GNU 11.4.0
[0.431s] -- Detecting C compiler ABI info
[0.705s] -- Detecting C compiler ABI info - done
[0.737s] -- Check for working C compiler: /usr/bin/cc - skipped
[0.738s] -- Detecting C compile features
[0.740s] -- Detecting C compile features - done
[0.754s] -- Detecting CXX compiler ABI info
[1.079s] -- Detecting CXX compiler ABI info - done
[1.113s] -- Check for working CXX compiler: /usr/bin/c++ - skipped
[1.114s] -- Detecting CXX compile features
[1.116s] -- Detecting CXX compile features - done
[1.135s] -- Found ament_cmake: 1.3.10 (/opt/ros/humble/share/ament_cmake/cmake)
[1.758s] -- Found Python3: /usr/bin/python3 (found version "3.10.12") found components: Interpreter 
[2.116s] [33mCMake Warning (dev) at /usr/share/cmake-3.22/Modules/FindPackageHandleStandardArgs.cmake:438 (message):
[2.116s]   The package name passed to `find_package_handle_standard_args` (PkgConfig)
[2.116s]   does not match the name of the calling package (gazebo).  This can lead to
[2.116s]   problems in calling code that expects `find_package` result variables
[2.117s]   (e.g., `_FOUND`) to follow a certain pattern.
[2.117s] Call Stack (most recent call first):
[2.117s]   /usr/share/cmake-3.22/Modules/FindPkgConfig.cmake:99 (find_package_handle_standard_args)
[2.117s]   /usr/lib/x86_64-linux-gnu/cmake/gazebo/gazebo-config.cmake:72 (include)
[2.118s]   CMakeLists.txt:23 (find_package)
[2.118s] This warning is for project developers.  Use -Wno-dev to suppress it.
[2.118s] [0m
[2.118s] -- Found PkgConfig: /usr/bin/pkg-config (found version "0.29.2") 
[2.133s] -- Checking for module 'bullet>=2.82'
[2.177s] --   Found bullet, version 3.05
[2.353s] -- Found fcl: /usr/include (found suitable version "0.7.0", minimum required is "0.5.0") 
[2.417s] -- Found assimp: /usr/include (found version "5.2.0") 
[2.455s] -- Found DART: /usr/include (Required is at least version "6.6") found components: dart 
[2.869s] -- Found Boost: /usr/lib/x86_64-linux-gnu/cmake/Boost-1.74.0/BoostConfig.cmake (found suitable version "1.74.0", minimum required is "1.40.0") found components: thread system filesystem program_options regex iostreams date_time 
[2.933s] [33mCMake Warning at /usr/share/cmake-3.22/Modules/FindProtobuf.cmake:524 (message):
[2.934s]   Protobuf compiler version 3.21.12 doesn't match library version 3.12.4
[2.934s] Call Stack (most recent call first):
[2.934s]   /usr/lib/x86_64-linux-gnu/cmake/gazebo/gazebo-config.cmake:203 (find_package)
[2.934s]   CMakeLists.txt:23 (find_package)
[2.934s] 
[2.935s] [0m
[2.939s] -- Found Protobuf: /usr/lib/x86_64-linux-gnu/libprotobuf.so (found version "3.12.4") 
[2.973s] -- Looking for ignition-math6 -- found version 6.15.1
[3.005s] -- Searching for dependencies of ignition-math6
[3.011s] -- Looking for OGRE...
[3.012s] -- OGRE_PREFIX_WATCH changed.
[3.030s] -- Checking for module 'OGRE'
[3.089s] --   Found OGRE, version 1.9.0
[3.195s] -- Found Ogre Ghadamon (1.9.0)
[3.223s] -- Found OGRE: optimized;/usr/lib/x86_64-linux-gnu/libOgreMain.so;debug;/usr/lib/x86_64-linux-gnu/libOgreMain.so
[3.242s] -- Looking for OGRE_Paging...
[3.258s] -- Found OGRE_Paging: optimized;/usr/lib/x86_64-linux-gnu/libOgrePaging.so;debug;/usr/lib/x86_64-linux-gnu/libOgrePaging.so
[3.258s] -- Looking for OGRE_Terrain...
[3.274s] -- Found OGRE_Terrain: optimized;/usr/lib/x86_64-linux-gnu/libOgreTerrain.so;debug;/usr/lib/x86_64-linux-gnu/libOgreTerrain.so
[3.274s] -- Looking for OGRE_Property...
[3.289s] -- Found OGRE_Property: optimized;/usr/lib/x86_64-linux-gnu/libOgreProperty.so;debug;/usr/lib/x86_64-linux-gnu/libOgreProperty.so
[3.290s] -- Looking for OGRE_RTShaderSystem...
[3.304s] -- Found OGRE_RTShaderSystem: optimized;/usr/lib/x86_64-linux-gnu/libOgreRTShaderSystem.so;debug;/usr/lib/x86_64-linux-gnu/libOgreRTShaderSystem.so
[3.305s] -- Looking for OGRE_Volume...
[3.320s] -- Found OGRE_Volume: optimized;/usr/lib/x86_64-linux-gnu/libOgreVolume.so;debug;/usr/lib/x86_64-linux-gnu/libOgreVolume.so
[3.320s] -- Looking for OGRE_Overlay...
[3.334s] -- Found OGRE_Overlay: optimized;/usr/lib/x86_64-linux-gnu/libOgreOverlay.so;debug;/usr/lib/x86_64-linux-gnu/libOgreOverlay.so
[3.570s] -- Looking for ignition-math6 -- found version 6.15.1
[3.576s] -- Looking for ignition-transport8 -- found version 8.2.1
[3.576s] -- Searching for dependencies of ignition-transport8
[3.598s] -- Found ZLIB: /usr/lib/x86_64-linux-gnu/libz.so (found version "1.2.11") 
[3.614s] -- Config-file not installed for ZeroMQ -- checking for pkg-config
[3.621s] -- Checking for module 'libzmq >= 4'
[3.639s] --   Found libzmq , version 4.3.4
[3.720s] -- Found ZeroMQ: TRUE (Required is at least version "4") 
[3.742s] -- Checking for module 'uuid'
[3.794s] --   Found uuid, version 2.37.2
[3.921s] -- Found UUID: TRUE  
[3.937s] -- Looking for ignition-msgs5 -- found version 5.8.1
[3.939s] -- Searching for dependencies of ignition-msgs5
[3.945s] -- Looking for ignition-math6 -- found version 6.15.1
[3.963s] -- Checking for module 'tinyxml2'
[4.014s] --   Found tinyxml2, version 9.0.0
[4.104s] -- Looking for ignition-msgs5 -- found version 5.8.1
[4.112s] -- Looking for ignition-common3 -- found version 3.14.0
[4.113s] -- Searching for dependencies of ignition-common3
[4.114s] -- Looking for dlfcn.h - found
[4.117s] -- Looking for libdl - found
[4.120s] -- Found DL: TRUE  
[4.142s] -- Found tinyobjloader: /usr/lib/x86_64-linux-gnu/cmake/tinyobjloader/tinyobjloader-config.cmake (found version "2.0.0") 
[4.142s] -- Searching for <ignition-common3> component [graphics]
[4.148s] -- Looking for ignition-common3-graphics -- found version 3.14.0
[4.148s] -- Searching for dependencies of ignition-common3-graphics
[4.149s] -- Looking for ignition-math6 -- found version 6.15.1
[4.155s] -- Looking for ignition-fuel_tools4 -- found version 4.4.0
[4.155s] -- Searching for dependencies of ignition-fuel_tools4
[4.259s] -- Found CURL: /usr/lib/x86_64-linux-gnu/libcurl.so (found version "7.81.0")  
[4.272s] -- Checking for module 'jsoncpp'
[4.289s] --   Found jsoncpp, version 1.9.5
[4.330s] -- Found JSONCPP: TRUE  
[4.341s] -- Checking for module 'libzip'
[4.359s] --   Found libzip, version 1.7.3
[4.402s] -- Found ZIP: TRUE  
[4.403s] -- Looking for ignition-common3 -- found version 3.14.0
[4.403s] -- Looking for ignition-math6 -- found version 6.15.1
[4.404s] -- Looking for ignition-msgs5 -- found version 5.8.1
[4.415s] -- Found gazebo_ros_pkgs: 3.7.0 (/opt/ros/humble/share/gazebo_ros_pkgs/cmake)
[4.419s] -- Found geometry_msgs: 4.2.4 (/opt/ros/humble/share/geometry_msgs/cmake)
[4.481s] -- Found rosidl_generator_c: 3.1.5 (/opt/ros/humble/share/rosidl_generator_c/cmake)
[4.491s] -- Found rosidl_adapter: 3.1.5 (/opt/ros/humble/share/rosidl_adapter/cmake)
[4.506s] -- Found rosidl_generator_cpp: 3.1.5 (/opt/ros/humble/share/rosidl_generator_cpp/cmake)
[4.527s] -- Using all available rosidl_typesupport_c: rosidl_typesupport_fastrtps_c;rosidl_typesupport_introspection_c
[4.556s] -- Using all available rosidl_typesupport_cpp: rosidl_typesupport_fastrtps_cpp;rosidl_typesupport_introspection_cpp
[4.616s] -- Found nav_msgs: 4.2.4 (/opt/ros/humble/share/nav_msgs/cmake)
[4.641s] -- Found rclcpp: 16.0.10 (/opt/ros/humble/share/rclcpp/cmake)
[4.706s] -- Found rmw_implementation_cmake: 6.1.2 (/opt/ros/humble/share/rmw_implementation_cmake/cmake)
[4.712s] -- Found rmw_fastrtps_cpp: 6.2.7 (/opt/ros/humble/share/rmw_fastrtps_cpp/cmake)
[4.840s] -- Found OpenSSL: /usr/lib/x86_64-linux-gnu/libcrypto.so (found version "3.0.2")  
[4.861s] -- Found FastRTPS: /opt/ros/humble/include  
[4.893s] -- Using RMW implementation 'rmw_fastrtps_cpp' as default
[4.912s] -- Found Threads: TRUE  
[4.973s] -- Found sensor_msgs: 4.2.4 (/opt/ros/humble/share/sensor_msgs/cmake)
[4.999s] -- Found tf2: 0.25.8 (/opt/ros/humble/share/tf2/cmake)
[5.108s] -- Configuring done
[5.162s] -- Generating done
[5.165s] -- Build files have been written to: /home/badri/new_ws/build/turtlebot3_gazebo
[5.182s] Invoked command in '/home/badri/new_ws/build/turtlebot3_gazebo' returned '0': CMAKE_PREFIX_PATH=${CMAKE_PREFIX_PATH}:/home/badri/ros2_ws/install/casadi_mpc:/opt/ros/humble /usr/bin/cmake /home/badri/new_ws/src/turtlebot3_simulations/turtlebot3_gazebo -DCMAKE_INSTALL_PREFIX=/home/badri/new_ws/install/turtlebot3_gazebo
[5.182s] Invoking command in '/home/badri/new_ws/build/turtlebot3_gazebo': CMAKE_PREFIX_PATH=${CMAKE_PREFIX_PATH}:/home/badri/ros2_ws/install/casadi_mpc:/opt/ros/humble /usr/bin/cmake --build /home/badri/new_ws/build/turtlebot3_gazebo -- -j8 -l8
[5.257s] [ 25%] [32mBuilding CXX object CMakeFiles/obstacle1.dir/models/turtlebot3_dqn_world/obstacle_plugin/obstacle1.cc.o[0m
[5.257s] [ 25%] [32mBuilding CXX object CMakeFiles/obstacle2.dir/models/turtlebot3_dqn_world/obstacle_plugin/obstacle2.cc.o[0m
[5.264s] [ 37%] [32mBuilding CXX object CMakeFiles/turtlebot3_drive.dir/src/turtlebot3_drive.cpp.o[0m
[5.266s] [ 50%] [32mBuilding CXX object CMakeFiles/obstacles.dir/models/turtlebot3_dqn_world/obstacle_plugin/obstacles.cc.o[0m
[24.947s] [ 62%] [32m[1mLinking CXX shared library libobstacles.so[0m
[25.417s] [ 75%] [32m[1mLinking CXX shared library libobstacle1.so[0m
[25.506s] [ 75%] Built target obstacles
[25.924s] [ 75%] Built target obstacle1
[29.781s] [ 87%] [32m[1mLinking CXX shared library libobstacle2.so[0m
[30.129s] [ 87%] Built target obstacle2
[30.365s] [100%] [32m[1mLinking CXX executable turtlebot3_drive[0m
[31.169s] [100%] Built target turtlebot3_drive
[31.184s] Invoked command in '/home/badri/new_ws/build/turtlebot3_gazebo' returned '0': CMAKE_PREFIX_PATH=${CMAKE_PREFIX_PATH}:/home/badri/ros2_ws/install/casadi_mpc:/opt/ros/humble /usr/bin/cmake --build /home/badri/new_ws/build/turtlebot3_gazebo -- -j8 -l8
[31.266s] Invoking command in '/home/badri/new_ws/build/turtlebot3_gazebo': CMAKE_PREFIX_PATH=${CMAKE_PREFIX_PATH}:/home/badri/ros2_ws/install/casadi_mpc:/opt/ros/humble /usr/bin/cmake --install /home/badri/new_ws/build/turtlebot3_gazebo
[31.289s] -- Install configuration: ""
[31.290s] -- Installing: /home/badri/new_ws/install/turtlebot3_gazebo/lib/turtlebot3_gazebo/turtlebot3_drive
[31.303s] -- Set runtime path of "/home/badri/new_ws/install/turtlebot3_gazebo/lib/turtlebot3_gazebo/turtlebot3_drive" to ""
[31.304s] -- Installing: /home/badri/new_ws/install/turtlebot3_gazebo/share/turtlebot3_gazebo//launch
[31.304s] -- Installing: /home/badri/new_ws/install/turtlebot3_gazebo/share/turtlebot3_gazebo//launch/spawn_turtlebot3.launch.py
[31.305s] -- Installing: /home/badri/new_ws/install/turtlebot3_gazebo/share/turtlebot3_gazebo//launch/empty_world.launch.py
[31.305s] -- Installing: /home/badri/new_ws/install/turtlebot3_gazebo/share/turtlebot3_gazebo//launch/turtlebot3_dqn_stage4.launch.py
[31.305s] -- Installing: /home/badri/new_ws/install/turtlebot3_gazebo/share/turtlebot3_gazebo//launch/turtlebot3_dqn_stage3.launch.py
[31.305s] -- Installing: /home/badri/new_ws/install/turtlebot3_gazebo/share/turtlebot3_gazebo//launch/turtlebot3_dqn_stage2.launch.py
[31.306s] -- Installing: /home/badri/new_ws/install/turtlebot3_gazebo/share/turtlebot3_gazebo//launch/robot_state_publisher.launch.py
[31.306s] -- Installing: /home/badri/new_ws/install/turtlebot3_gazebo/share/turtlebot3_gazebo//launch/turtlebot3_world.launch.py
[31.307s] -- Installing: /home/badri/new_ws/install/turtlebot3_gazebo/share/turtlebot3_gazebo//launch/turtlebot3_dqn_stage1.launch.py
[31.307s] -- Installing: /home/badri/new_ws/install/turtlebot3_gazebo/share/turtlebot3_gazebo//launch/turtlebot3_house.launch.py
[31.307s] -- Installing: /home/badri/new_ws/install/turtlebot3_gazebo/share/turtlebot3_gazebo//models
[31.308s] -- Installing: /home/badri/new_ws/install/turtlebot3_gazebo/share/turtlebot3_gazebo//models/turtlebot3_common
[31.308s] -- Installing: /home/badri/new_ws/install/turtlebot3_gazebo/share/turtlebot3_gazebo//models/turtlebot3_common/model.config
[31.308s] -- Installing: /home/badri/new_ws/install/turtlebot3_gazebo/share/turtlebot3_gazebo//models/turtlebot3_common/meshes
[31.308s] -- Installing: /home/badri/new_ws/install/turtlebot3_gazebo/share/turtlebot3_gazebo//models/turtlebot3_common/meshes/burger_base.dae
[31.309s] -- Installing: /home/badri/new_ws/install/turtlebot3_gazebo/share/turtlebot3_gazebo//models/turtlebot3_common/meshes/lds.dae
[31.309s] -- Installing: /home/badri/new_ws/install/turtlebot3_gazebo/share/turtlebot3_gazebo//models/turtlebot3_common/meshes/tire.dae
[31.309s] -- Installing: /home/badri/new_ws/install/turtlebot3_gazebo/share/turtlebot3_gazebo//models/turtlebot3_common/meshes/waffle_base.dae
[31.309s] -- Installing: /home/badri/new_ws/install/turtlebot3_gazebo/share/turtlebot3_gazebo//models/turtlebot3_common/meshes/r200.dae
[31.310s] -- Installing: /home/badri/new_ws/install/turtlebot3_gazebo/share/turtlebot3_gazebo//models/turtlebot3_common/meshes/waffle_pi_base.dae
[31.310s] -- Installing: /home/badri/new_ws/install/turtlebot3_gazebo/share/turtlebot3_gazebo//models/turtlebot3_waffle_pi
[31.311s] -- Installing: /home/badri/new_ws/install/turtlebot3_gazebo/share/turtlebot3_gazebo//models/turtlebot3_waffle_pi/model-1_4_.sdf
[31.311s] -- Installing: /home/badri/new_ws/install/turtlebot3_gazebo/share/turtlebot3_gazebo//models/turtlebot3_waffle_pi/model.config
[31.311s] -- Installing: /home/badri/new_ws/install/turtlebot3_gazebo/share/turtlebot3_gazebo//models/turtlebot3_waffle_pi/model.sdf
[31.312s] -- Installing: /home/badri/new_ws/install/turtlebot3_gazebo/share/turtlebot3_gazebo//models/turtlebot3_dqn_world
[31.312s] -- Installing: /home/badri/new_ws/install/turtlebot3_gazebo/share/turtlebot3_gazebo//models/turtlebot3_dqn_world/model.config
[31.313s] -- Installing: /home/badri/new_ws/install/turtlebot3_gazebo/share/turtlebot3_gazebo//models/turtlebot3_dqn_world/inner_walls
[31.313s] -- Installing: /home/badri/new_ws/install/turtlebot3_gazebo/share/turtlebot3_gazebo//models/turtlebot3_dqn_world/inner_walls/model.config
[31.313s] -- Installing: /home/badri/new_ws/install/turtlebot3_gazebo/share/turtlebot3_gazebo//models/turtlebot3_dqn_world/inner_walls/model.sdf
[31.313s] -- Installing: /home/badri/new_ws/install/turtlebot3_gazebo/share/turtlebot3_gazebo//models/turtlebot3_dqn_world/goal_box
[31.314s] -- Installing: /home/badri/new_ws/install/turtlebot3_gazebo/share/turtlebot3_gazebo//models/turtlebot3_dqn_world/goal_box/model.config
[31.314s] -- Installing: /home/badri/new_ws/install/turtlebot3_gazebo/share/turtlebot3_gazebo//models/turtlebot3_dqn_world/goal_box/model.sdf
[31.314s] -- Installing: /home/badri/new_ws/install/turtlebot3_gazebo/share/turtlebot3_gazebo//models/turtlebot3_dqn_world/obstacle2
[31.315s] -- Installing: /home/badri/new_ws/install/turtlebot3_gazebo/share/turtlebot3_gazebo//models/turtlebot3_dqn_world/obstacle2/model.config
[31.315s] -- Installing: /home/badri/new_ws/install/turtlebot3_gazebo/share/turtlebot3_gazebo//models/turtlebot3_dqn_world/obstacle2/model.sdf
[31.315s] -- Installing: /home/badri/new_ws/install/turtlebot3_gazebo/share/turtlebot3_gazebo//models/turtlebot3_dqn_world/obstacle_plugin
[31.316s] -- Installing: /home/badri/new_ws/install/turtlebot3_gazebo/share/turtlebot3_gazebo//models/turtlebot3_dqn_world/obstacle_plugin/obstacle1.cc
[31.316s] -- Installing: /home/badri/new_ws/install/turtlebot3_gazebo/share/turtlebot3_gazebo//models/turtlebot3_dqn_world/obstacle_plugin/obstacle2.cc
[31.316s] -- Installing: /home/badri/new_ws/install/turtlebot3_gazebo/share/turtlebot3_gazebo//models/turtlebot3_dqn_world/obstacle_plugin/CMakeLists.txt
[31.316s] -- Installing: /home/badri/new_ws/install/turtlebot3_gazebo/share/turtlebot3_gazebo//models/turtlebot3_dqn_world/obstacle_plugin/obstacles.cc
[31.317s] -- Installing: /home/badri/new_ws/install/turtlebot3_gazebo/share/turtlebot3_gazebo//models/turtlebot3_dqn_world/obstacles
[31.317s] -- Installing: /home/badri/new_ws/install/turtlebot3_gazebo/share/turtlebot3_gazebo//models/turtlebot3_dqn_world/obstacles/model.config
[31.317s] -- Installing: /home/badri/new_ws/install/turtlebot3_gazebo/share/turtlebot3_gazebo//models/turtlebot3_dqn_world/obstacles/model.sdf
[31.318s] -- Installing: /home/badri/new_ws/install/turtlebot3_gazebo/share/turtlebot3_gazebo//models/turtlebot3_dqn_world/obstacle1
[31.318s] -- Installing: /home/badri/new_ws/install/turtlebot3_gazebo/share/turtlebot3_gazebo//models/turtlebot3_dqn_world/obstacle1/model.config
[31.318s] -- Installing: /home/badri/new_ws/install/turtlebot3_gazebo/share/turtlebot3_gazebo//models/turtlebot3_dqn_world/obstacle1/model.sdf
[31.319s] -- Installing: /home/badri/new_ws/install/turtlebot3_gazebo/share/turtlebot3_gazebo//models/turtlebot3_dqn_world/model.sdf
[31.319s] -- Installing: /home/badri/new_ws/install/turtlebot3_gazebo/share/turtlebot3_gazebo//models/turtlebot3_waffle
[31.319s] -- Installing: /home/badri/new_ws/install/turtlebot3_gazebo/share/turtlebot3_gazebo//models/turtlebot3_waffle/model.config
[31.319s] -- Installing: /home/badri/new_ws/install/turtlebot3_gazebo/share/turtlebot3_gazebo//models/turtlebot3_waffle/model-1_4.sdf
[31.320s] -- Installing: /home/badri/new_ws/install/turtlebot3_gazebo/share/turtlebot3_gazebo//models/turtlebot3_waffle/model.sdf
[31.320s] -- Installing: /home/badri/new_ws/install/turtlebot3_gazebo/share/turtlebot3_gazebo//models/turtlebot3_burger
[31.321s] -- Installing: /home/badri/new_ws/install/turtlebot3_gazebo/share/turtlebot3_gazebo//models/turtlebot3_burger/model.config
[31.321s] -- Installing: /home/badri/new_ws/install/turtlebot3_gazebo/share/turtlebot3_gazebo//models/turtlebot3_burger/model-1_4.sdf
[31.321s] -- Installing: /home/badri/new_ws/install/turtlebot3_gazebo/share/turtlebot3_gazebo//models/turtlebot3_burger/model.sdf
[31.322s] -- Installing: /home/badri/new_ws/install/turtlebot3_gazebo/share/turtlebot3_gazebo//models/turtlebot3_house
[31.322s] -- Installing: /home/badri/new_ws/install/turtlebot3_gazebo/share/turtlebot3_gazebo//models/turtlebot3_house/model.config
[31.323s] -- Installing: /home/badri/new_ws/install/turtlebot3_gazebo/share/turtlebot3_gazebo//models/turtlebot3_house/model.sdf
[31.324s] -- Installing: /home/badri/new_ws/install/turtlebot3_gazebo/share/turtlebot3_gazebo//models/turtlebot3_world
[31.325s] -- Installing: /home/badri/new_ws/install/turtlebot3_gazebo/share/turtlebot3_gazebo//models/turtlebot3_world/model.config
[31.326s] -- Installing: /home/badri/new_ws/install/turtlebot3_gazebo/share/turtlebot3_gazebo//models/turtlebot3_world/model-1_4.sdf
[31.326s] -- Installing: /home/badri/new_ws/install/turtlebot3_gazebo/share/turtlebot3_gazebo//models/turtlebot3_world/model.sdf
[31.327s] -- Installing: /home/badri/new_ws/install/turtlebot3_gazebo/share/turtlebot3_gazebo//models/turtlebot3_world/meshes
[31.327s] -- Installing: /home/badri/new_ws/install/turtlebot3_gazebo/share/turtlebot3_gazebo//models/turtlebot3_world/meshes/hexagon.dae
[31.328s] -- Installing: /home/badri/new_ws/install/turtlebot3_gazebo/share/turtlebot3_gazebo//models/turtlebot3_world/meshes/wall.dae
[31.328s] -- Installing: /home/badri/new_ws/install/turtlebot3_gazebo/share/turtlebot3_gazebo//rviz
[31.328s] -- Installing: /home/badri/new_ws/install/turtlebot3_gazebo/share/turtlebot3_gazebo//rviz/tb3_gazebo.rviz
[31.329s] -- Installing: /home/badri/new_ws/install/turtlebot3_gazebo/share/turtlebot3_gazebo//urdf
[31.329s] -- Installing: /home/badri/new_ws/install/turtlebot3_gazebo/share/turtlebot3_gazebo//urdf/turtlebot3_waffle_pi.urdf
[31.329s] -- Installing: /home/badri/new_ws/install/turtlebot3_gazebo/share/turtlebot3_gazebo//urdf/turtlebot3_waffle.urdf
[31.330s] -- Installing: /home/badri/new_ws/install/turtlebot3_gazebo/share/turtlebot3_gazebo//urdf/common_properties.urdf
[31.330s] -- Installing: /home/badri/new_ws/install/turtlebot3_gazebo/share/turtlebot3_gazebo//urdf/turtlebot3_burger.urdf
[31.330s] -- Installing: /home/badri/new_ws/install/turtlebot3_gazebo/share/turtlebot3_gazebo//worlds
[31.330s] -- Installing: /home/badri/new_ws/install/turtlebot3_gazebo/share/turtlebot3_gazebo//worlds/turtlebot3_house.world
[31.331s] -- Installing: /home/badri/new_ws/install/turtlebot3_gazebo/share/turtlebot3_gazebo//worlds/turtlebot3_world.world
[31.331s] -- Installing: /home/badri/new_ws/install/turtlebot3_gazebo/share/turtlebot3_gazebo//worlds/turtlebot3_dqn_stage4.world
[31.331s] -- Installing: /home/badri/new_ws/install/turtlebot3_gazebo/share/turtlebot3_gazebo//worlds/empty_world.world
[31.332s] -- Installing: /home/badri/new_ws/install/turtlebot3_gazebo/share/turtlebot3_gazebo//worlds/turtlebot3_dqn_stage3.world
[31.332s] -- Installing: /home/badri/new_ws/install/turtlebot3_gazebo/share/turtlebot3_gazebo//worlds/turtlebot3_dqn_stage2.world
[31.333s] -- Installing: /home/badri/new_ws/install/turtlebot3_gazebo/share/turtlebot3_gazebo//worlds/turtlebot3_dqn_stage1.world
[31.334s] -- Installing: /home/badri/new_ws/install/turtlebot3_gazebo/include/
[31.334s] -- Installing: /home/badri/new_ws/install/turtlebot3_gazebo/include//turtlebot3_gazebo
[31.334s] -- Installing: /home/badri/new_ws/install/turtlebot3_gazebo/include//turtlebot3_gazebo/turtlebot3_drive.hpp
[31.335s] -- Installing: /home/badri/new_ws/install/turtlebot3_gazebo/share/ament_index/resource_index/package_run_dependencies/turtlebot3_gazebo
[31.335s] -- Installing: /home/badri/new_ws/install/turtlebot3_gazebo/share/ament_index/resource_index/parent_prefix_path/turtlebot3_gazebo
[31.336s] -- Installing: /home/badri/new_ws/install/turtlebot3_gazebo/share/turtlebot3_gazebo/environment/ament_prefix_path.sh
[31.337s] -- Installing: /home/badri/new_ws/install/turtlebot3_gazebo/share/turtlebot3_gazebo/environment/ament_prefix_path.dsv
[31.337s] -- Installing: /home/badri/new_ws/install/turtlebot3_gazebo/share/turtlebot3_gazebo/environment/path.sh
[31.338s] -- Installing: /home/badri/new_ws/install/turtlebot3_gazebo/share/turtlebot3_gazebo/environment/path.dsv
[31.339s] -- Installing: /home/badri/new_ws/install/turtlebot3_gazebo/share/turtlebot3_gazebo/local_setup.bash
[31.339s] -- Installing: /home/badri/new_ws/install/turtlebot3_gazebo/share/turtlebot3_gazebo/local_setup.sh
[31.340s] -- Installing: /home/badri/new_ws/install/turtlebot3_gazebo/share/turtlebot3_gazebo/local_setup.zsh
[31.340s] -- Installing: /home/badri/new_ws/install/turtlebot3_gazebo/share/turtlebot3_gazebo/local_setup.dsv
[31.341s] -- Installing: /home/badri/new_ws/install/turtlebot3_gazebo/share/turtlebot3_gazebo/package.dsv
[31.341s] -- Installing: /home/badri/new_ws/install/turtlebot3_gazebo/share/ament_index/resource_index/packages/turtlebot3_gazebo
[31.342s] -- Installing: /home/badri/new_ws/install/turtlebot3_gazebo/share/turtlebot3_gazebo/cmake/ament_cmake_export_include_directories-extras.cmake
[31.342s] -- Installing: /home/badri/new_ws/install/turtlebot3_gazebo/share/turtlebot3_gazebo/cmake/ament_cmake_export_dependencies-extras.cmake
[31.343s] -- Installing: /home/badri/new_ws/install/turtlebot3_gazebo/share/turtlebot3_gazebo/cmake/turtlebot3_gazeboConfig.cmake
[31.343s] -- Installing: /home/badri/new_ws/install/turtlebot3_gazebo/share/turtlebot3_gazebo/cmake/turtlebot3_gazeboConfig-version.cmake
[31.344s] -- Installing: /home/badri/new_ws/install/turtlebot3_gazebo/share/turtlebot3_gazebo/package.xml
[31.351s] Invoked command in '/home/badri/new_ws/build/turtlebot3_gazebo' returned '0': CMAKE_PREFIX_PATH=${CMAKE_PREFIX_PATH}:/home/badri/ros2_ws/install/casadi_mpc:/opt/ros/humble /usr/bin/cmake --install /home/badri/new_ws/build/turtlebot3_gazebo
